<?xml version="1.0" encoding="utf-8"?><testsuites name="pytest tests"><testsuite name="pytest" errors="0" failures="0" skipped="0" tests="9" time="13.985" timestamp="2026-09-19T22:35:19.981971-04:00" hostname="analytica"><testcase classname="" name="test_chronological_tiff_pipeline[small-False]" time="2.346" /><testcase classname="" name="test_chronological_tiff_pipeline[small-True]" time="0.946" /><testcase classname="" name="test_chronological_tiff_pipeline[raw-True]" time="2.994" /><testcase classname="" name="test_chronological_tiff_pipeline[base-False]" time="0.933" /><testcase classname="" name="test_chronological_tiff_pipeline[uhi-False]" time="0.953" /><testcase classname="" name="test_chronological_tiff_pipeline[landcover-False]" time="1.665" /><testcase classname="" name="test_chronological_tiff_pipeline[landcover_normalized-False]" time="1.654" /><testcase classname="" name="test_chronological_tiff_pipeline[directional-False]" time="0.940" /><testcase classname="" name="test_chronological_tiff_pipeline[legacy_wrapper-False]" time="0.927" /></testsuite></testsuites>