<?xml version="1.0" encoding="utf-8"?><testsuites name="pytest tests"><testsuite name="pytest" errors="0" failures="0" skipped="0" tests="1131" time="84.233" timestamp="2026-09-20T04:53:07.963796-04:00" hostname="COD-MBP16-LOAN2"><testcase classname="tests.differential.test_wall_shadows_compiled" name="test_original_wall_shadow_packet[serial-angle-0-13]" time="0.282" /><testcase classname="tests.differential.test_wall_shadows_compiled" name="test_original_wall_shadow_packet[serial-angle-0-23]" time="0.309" /><testcase classname="tests.differential.test_wall_shadows_compiled" name="test_original_wall_shadow_packet[serial-angle-1-13]" time="0.002" /><testcase classname="tests.differential.test_wall_shadows_compiled" name="test_original_wall_shadow_packet[serial-angle-1-23]" time="0.002" /><testcase classname="tests.differential.test_wall_shadows_compiled" name="test_original_wall_shadow_packet[serial-angle-2-13]" time="0.002" /><testcase classname="tests.differential.test_wall_shadows_compiled" name="test_original_wall_shadow_packet[serial-angle-2-23]" time="0.002" /><testcase classname="tests.differential.test_wall_shadows_compiled" name="test_original_wall_shadow_packet[serial-angle-3-13]" time="0.001" /><testcase classname="tests.differential.test_wall_shadows_compiled" name="test_original_wall_shadow_packet[serial-angle-3-23]" time="0.002" /><testcase classname="tests.differential.test_wall_shadows_compiled" name="test_original_wall_shadow_packet[serial-angle-4-13]" time="0.002" /><testcase classname="tests.differential.test_wall_shadows_compiled" name="test_original_wall_shadow_packet[serial-angle-4-23]" time="0.002" /><testcase classname="tests.differential.test_wall_shadows_compiled" name="test_original_wall_shadow_packet[serial-angle-5-13]" time="0.002" /><testcase classname="tests.differential.test_wall_shadows_compiled" name="test_original_wall_shadow_packet[serial-angle-5-23]" time="0.002" /><testcase classname="tests.differential.test_wall_shadows_compiled" name="test_original_wall_shadow_packet[serial-angle-6-13]" time="0.002" /><testcase classname="tests.differential.test_wall_shadows_compiled" name="test_original_wall_shadow_packet[serial-angle-6-23]" time="0.002" /><testcase classname="tests.differential.test_wall_shadows_compiled" name="test_original_wall_shadow_packet[serial-angle-7-13]" time="0.002" /><testcase classname="tests.differential.test_wall_shadows_compiled" name="test_original_wall_shadow_packet[serial-angle-7-23]" time="0.002" /><testcase classname="tests.differential.test_wall_shadows_compiled" name="test_original_wall_shadow_packet[serial-angle-8-13]" time="0.002" /><testcase classname="tests.differential.test_wall_shadows_compiled" name="test_original_wall_shadow_packet[serial-angle-8-23]" time="0.002" /><testcase classname="tests.differential.test_wall_shadows_compiled" name="test_original_wall_shadow_packet[serial-angle-9-13]" time="0.002" /><testcase classname="tests.differential.test_wall_shadows_compiled" name="test_original_wall_shadow_packet[serial-angle-9-23]" time="0.002" /><testcase classname="tests.differential.test_wall_shadows_compiled" name="test_original_wall_shadow_packet[serial-angle-10-13]" time="0.002" /><testcase classname="tests.differential.test_wall_shadows_compiled" name="test_original_wall_shadow_packet[serial-angle-10-23]" time="0.002" /><testcase classname="tests.differential.test_wall_shadows_compiled" name="test_original_wall_shadow_packet[serial-angle-11-13]" time="0.002" /><testcase classname="tests.differential.test_wall_shadows_compiled" name="test_original_wall_shadow_packet[serial-angle-11-23]" time="0.002" /><testcase classname="tests.differential.test_wall_shadows_compiled" name="test_original_wall_shadow_packet[serial-angle-12-13]" time="0.001" /><testcase classname="tests.differential.test_wall_shadows_compiled" name="test_original_wall_shadow_packet[serial-angle-12-23]" time="0.002" /><testcase classname="tests.differential.test_wall_shadows_compiled" name="test_original_wall_shadow_packet[serial-angle-13-13]" time="0.001" /><testcase classname="tests.differential.test_wall_shadows_compiled" name="test_original_wall_shadow_packet[serial-angle-13-23]" time="0.001" /><testcase classname="tests.differential.test_wall_shadows_compiled" name="test_original_wall_shadow_packet[serial-alt-0-13]" time="0.001" /><testcase classname="tests.differential.test_wall_shadows_compiled" name="test_original_wall_shadow_packet[serial-alt-0-23]" time="0.002" /><testcase classname="tests.differential.test_wall_shadows_compiled" name="test_original_wall_shadow_packet[serial-alt-1-13]" time="0.001" /><testcase classname="tests.differential.test_wall_shadows_compiled" name="test_original_wall_shadow_packet[serial-alt-1-23]" time="0.002" /><testcase classname="tests.differential.test_wall_shadows_compiled" name="test_original_wall_shadow_packet[serial-alt-2-13]" time="0.001" /><testcase classname="tests.differential.test_wall_shadows_compiled" name="test_original_wall_shadow_packet[serial-alt-2-23]" time="0.003" /><testcase classname="tests.differential.test_wall_shadows_compiled" name="test_original_wall_shadow_packet[serial-alt-3-13]" time="0.002" /><testcase classname="tests.differential.test_wall_shadows_compiled" name="test_original_wall_shadow_packet[serial-alt-3-23]" time="0.002" /><testcase classname="tests.differential.test_wall_shadows_compiled" name="test_original_wall_shadow_packet[serial-alt-4-13]" time="0.002" /><testcase classname="tests.differential.test_wall_shadows_compiled" name="test_original_wall_shadow_packet[serial-alt-4-23]" time="0.002" /><testcase classname="tests.differential.test_wall_shadows_compiled" name="test_original_wall_shadow_packet[serial-negative-13]" time="0.001" /><testcase classname="tests.differential.test_wall_shadows_compiled" name="test_original_wall_shadow_packet[serial-negative-23]" time="0.002" /><testcase classname="tests.differential.test_wall_shadows_compiled" name="test_original_wall_shadow_packet[serial-nan-dsm-13]" time="0.001" /><testcase classname="tests.differential.test_wall_shadows_compiled" name="test_original_wall_shadow_packet[serial-nan-dsm-23]" time="0.002" /><testcase classname="tests.differential.test_wall_shadows_compiled" name="test_original_wall_shadow_packet[serial-nan-veg-13]" time="0.001" /><testcase classname="tests.differential.test_wall_shadows_compiled" name="test_original_wall_shadow_packet[serial-nan-veg-23]" time="0.002" /><testcase classname="tests.differential.test_wall_shadows_compiled" name="test_original_wall_shadow_packet[serial-nan-trunk-13]" time="0.001" /><testcase classname="tests.differential.test_wall_shadows_compiled" name="test_original_wall_shadow_packet[serial-nan-trunk-23]" time="0.002" /><testcase classname="tests.differential.test_wall_shadows_compiled" name="test_original_wall_shadow_packet[serial-nan-walls-13]" time="0.001" /><testcase classname="tests.differential.test_wall_shadows_compiled" name="test_original_wall_shadow_packet[serial-nan-walls-23]" time="0.002" /><testcase classname="tests.differential.test_wall_shadows_compiled" name="test_original_wall_shadow_packet[serial-nan-aspect-13]" time="0.002" /><testcase classname="tests.differential.test_wall_shadows_compiled" name="test_original_wall_shadow_packet[serial-nan-aspect-23]" time="0.002" /><testcase classname="tests.differential.test_wall_shadows_compiled" name="test_original_wall_shadow_packet[serial-zero-13]" time="0.001" /><testcase classname="tests.differential.test_wall_shadows_compiled" name="test_original_wall_shadow_packet[serial-zero-23]" time="0.002" /><testcase classname="tests.differential.test_wall_shadows_compiled" name="test_original_wall_shadow_packet[serial-single-13]" time="0.002" /><testcase classname="tests.differential.test_wall_shadows_compiled" name="test_original_wall_shadow_packet[serial-single-23]" time="0.002" /><testcase classname="tests.differential.test_wall_shadows_compiled" name="test_original_wall_shadow_packet[one-thread-angle-0-13]" time="0.613" /><testcase classname="tests.differential.test_wall_shadows_compiled" name="test_original_wall_shadow_packet[one-thread-angle-0-23]" time="1.039" /><testcase classname="tests.differential.test_wall_shadows_compiled" name="test_original_wall_shadow_packet[one-thread-angle-1-13]" time="0.002" /><testcase classname="tests.differential.test_wall_shadows_compiled" name="test_original_wall_shadow_packet[one-thread-angle-1-23]" time="0.002" /><testcase classname="tests.differential.test_wall_shadows_compiled" name="test_original_wall_shadow_packet[one-thread-angle-2-13]" time="0.001" /><testcase classname="tests.differential.test_wall_shadows_compiled" name="test_original_wall_shadow_packet[one-thread-angle-2-23]" time="0.002" /><testcase classname="tests.differential.test_wall_shadows_compiled" name="test_original_wall_shadow_packet[one-thread-angle-3-13]" time="0.001" /><testcase classname="tests.differential.test_wall_shadows_compiled" name="test_original_wall_shadow_packet[one-thread-angle-3-23]" time="0.002" /><testcase classname="tests.differential.test_wall_shadows_compiled" name="test_original_wall_shadow_packet[one-thread-angle-4-13]" time="0.002" /><testcase classname="tests.differential.test_wall_shadows_compiled" name="test_original_wall_shadow_packet[one-thread-angle-4-23]" time="0.003" /><testcase classname="tests.differential.test_wall_shadows_compiled" name="test_original_wall_shadow_packet[one-thread-angle-5-13]" time="0.002" /><testcase classname="tests.differential.test_wall_shadows_compiled" name="test_original_wall_shadow_packet[one-thread-angle-5-23]" time="0.002" /><testcase classname="tests.differential.test_wall_shadows_compiled" name="test_original_wall_shadow_packet[one-thread-angle-6-13]" time="0.001" /><testcase classname="tests.differential.test_wall_shadows_compiled" name="test_original_wall_shadow_packet[one-thread-angle-6-23]" time="0.002" /><testcase classname="tests.differential.test_wall_shadows_compiled" name="test_original_wall_shadow_packet[one-thread-angle-7-13]" time="0.001" /><testcase classname="tests.differential.test_wall_shadows_compiled" name="test_original_wall_shadow_packet[one-thread-angle-7-23]" time="0.002" /><testcase classname="tests.differential.test_wall_shadows_compiled" name="test_original_wall_shadow_packet[one-thread-angle-8-13]" time="0.001" /><testcase classname="tests.differential.test_wall_shadows_compiled" name="test_original_wall_shadow_packet[one-thread-angle-8-23]" time="0.002" /><testcase classname="tests.differential.test_wall_shadows_compiled" name="test_original_wall_shadow_packet[one-thread-angle-9-13]" time="0.001" /><testcase classname="tests.differential.test_wall_shadows_compiled" name="test_original_wall_shadow_packet[one-thread-angle-9-23]" time="0.002" /><testcase classname="tests.differential.test_wall_shadows_compiled" name="test_original_wall_shadow_packet[one-thread-angle-10-13]" time="0.001" /><testcase classname="tests.differential.test_wall_shadows_compiled" name="test_original_wall_shadow_packet[one-thread-angle-10-23]" time="0.002" /><testcase classname="tests.differential.test_wall_shadows_compiled" name="test_original_wall_shadow_packet[one-thread-angle-11-13]" time="0.001" /><testcase classname="tests.differential.test_wall_shadows_compiled" name="test_original_wall_shadow_packet[one-thread-angle-11-23]" time="0.002" /><testcase classname="tests.differential.test_wall_shadows_compiled" name="test_original_wall_shadow_packet[one-thread-angle-12-13]" time="0.001" /><testcase classname="tests.differential.test_wall_shadows_compiled" name="test_original_wall_shadow_packet[one-thread-angle-12-23]" time="0.002" /><testcase classname="tests.differential.test_wall_shadows_compiled" name="test_original_wall_shadow_packet[one-thread-angle-13-13]" time="0.001" /><testcase classname="tests.differential.test_wall_shadows_compiled" name="test_original_wall_shadow_packet[one-thread-angle-13-23]" time="0.001" /><testcase classname="tests.differential.test_wall_shadows_compiled" name="test_original_wall_shadow_packet[one-thread-alt-0-13]" time="0.002" /><testcase classname="tests.differential.test_wall_shadows_compiled" name="test_original_wall_shadow_packet[one-thread-alt-0-23]" time="0.002" /><testcase classname="tests.differential.test_wall_shadows_compiled" name="test_original_wall_shadow_packet[one-thread-alt-1-13]" time="0.001" /><testcase classname="tests.differential.test_wall_shadows_compiled" name="test_original_wall_shadow_packet[one-thread-alt-1-23]" time="0.002" /><testcase classname="tests.differential.test_wall_shadows_compiled" name="test_original_wall_shadow_packet[one-thread-alt-2-13]" time="0.001" /><testcase classname="tests.differential.test_wall_shadows_compiled" name="test_original_wall_shadow_packet[one-thread-alt-2-23]" time="0.002" /><testcase classname="tests.differential.test_wall_shadows_compiled" name="test_original_wall_shadow_packet[one-thread-alt-3-13]" time="0.001" /><testcase classname="tests.differential.test_wall_shadows_compiled" name="test_original_wall_shadow_packet[one-thread-alt-3-23]" time="0.002" /><testcase classname="tests.differential.test_wall_shadows_compiled" name="test_original_wall_shadow_packet[one-thread-alt-4-13]" time="0.001" /><testcase classname="tests.differential.test_wall_shadows_compiled" name="test_original_wall_shadow_packet[one-thread-alt-4-23]" time="0.002" /><testcase classname="tests.differential.test_wall_shadows_compiled" name="test_original_wall_shadow_packet[one-thread-negative-13]" time="0.001" /><testcase classname="tests.differential.test_wall_shadows_compiled" name="test_original_wall_shadow_packet[one-thread-negative-23]" time="0.002" /><testcase classname="tests.differential.test_wall_shadows_compiled" name="test_original_wall_shadow_packet[one-thread-nan-dsm-13]" time="0.001" /><testcase classname="tests.differential.test_wall_shadows_compiled" name="test_original_wall_shadow_packet[one-thread-nan-dsm-23]" time="0.002" /><testcase classname="tests.differential.test_wall_shadows_compiled" name="test_original_wall_shadow_packet[one-thread-nan-veg-13]" time="0.001" /><testcase classname="tests.differential.test_wall_shadows_compiled" name="test_original_wall_shadow_packet[one-thread-nan-veg-23]" time="0.002" /><testcase classname="tests.differential.test_wall_shadows_compiled" name="test_original_wall_shadow_packet[one-thread-nan-trunk-13]" time="0.001" /><testcase classname="tests.differential.test_wall_shadows_compiled" name="test_original_wall_shadow_packet[one-thread-nan-trunk-23]" time="0.002" /><testcase classname="tests.differential.test_wall_shadows_compiled" name="test_original_wall_shadow_packet[one-thread-nan-walls-13]" time="0.001" /><testcase classname="tests.differential.test_wall_shadows_compiled" name="test_original_wall_shadow_packet[one-thread-nan-walls-23]" time="0.002" /><testcase classname="tests.differential.test_wall_shadows_compiled" name="test_original_wall_shadow_packet[one-thread-nan-aspect-13]" time="0.001" /><testcase classname="tests.differential.test_wall_shadows_compiled" name="test_original_wall_shadow_packet[one-thread-nan-aspect-23]" time="0.002" /><testcase classname="tests.differential.test_wall_shadows_compiled" name="test_original_wall_shadow_packet[one-thread-zero-13]" time="0.001" /><testcase classname="tests.differential.test_wall_shadows_compiled" name="test_original_wall_shadow_packet[one-thread-zero-23]" time="0.002" /><testcase classname="tests.differential.test_wall_shadows_compiled" name="test_original_wall_shadow_packet[one-thread-single-13]" time="0.001" /><testcase classname="tests.differential.test_wall_shadows_compiled" name="test_original_wall_shadow_packet[one-thread-single-23]" time="0.002" /><testcase classname="tests.differential.test_wall_shadows_compiled" name="test_original_wall_shadow_packet[four-threads-angle-0-13]" time="0.001" /><testcase classname="tests.differential.test_wall_shadows_compiled" name="test_original_wall_shadow_packet[four-threads-angle-0-23]" time="0.002" /><testcase classname="tests.differential.test_wall_shadows_compiled" name="test_original_wall_shadow_packet[four-threads-angle-1-13]" time="0.001" /><testcase classname="tests.differential.test_wall_shadows_compiled" name="test_original_wall_shadow_packet[four-threads-angle-1-23]" time="0.002" /><testcase classname="tests.differential.test_wall_shadows_compiled" name="test_original_wall_shadow_packet[four-threads-angle-2-13]" time="0.001" /><testcase classname="tests.differential.test_wall_shadows_compiled" name="test_original_wall_shadow_packet[four-threads-angle-2-23]" time="0.002" /><testcase classname="tests.differential.test_wall_shadows_compiled" name="test_original_wall_shadow_packet[four-threads-angle-3-13]" time="0.001" /><testcase classname="tests.differential.test_wall_shadows_compiled" name="test_original_wall_shadow_packet[four-threads-angle-3-23]" time="0.002" /><testcase classname="tests.differential.test_wall_shadows_compiled" name="test_original_wall_shadow_packet[four-threads-angle-4-13]" time="0.001" /><testcase classname="tests.differential.test_wall_shadows_compiled" name="test_original_wall_shadow_packet[four-threads-angle-4-23]" time="0.002" /><testcase classname="tests.differential.test_wall_shadows_compiled" name="test_original_wall_shadow_packet[four-threads-angle-5-13]" time="0.001" /><testcase classname="tests.differential.test_wall_shadows_compiled" name="test_original_wall_shadow_packet[four-threads-angle-5-23]" time="0.002" /><testcase classname="tests.differential.test_wall_shadows_compiled" name="test_original_wall_shadow_packet[four-threads-angle-6-13]" time="0.001" /><testcase classname="tests.differential.test_wall_shadows_compiled" name="test_original_wall_shadow_packet[four-threads-angle-6-23]" time="0.002" /><testcase classname="tests.differential.test_wall_shadows_compiled" name="test_original_wall_shadow_packet[four-threads-angle-7-13]" time="0.001" /><testcase classname="tests.differential.test_wall_shadows_compiled" name="test_original_wall_shadow_packet[four-threads-angle-7-23]" time="0.002" /><testcase classname="tests.differential.test_wall_shadows_compiled" name="test_original_wall_shadow_packet[four-threads-angle-8-13]" time="0.001" /><testcase classname="tests.differential.test_wall_shadows_compiled" name="test_original_wall_shadow_packet[four-threads-angle-8-23]" time="0.002" /><testcase classname="tests.differential.test_wall_shadows_compiled" name="test_original_wall_shadow_packet[four-threads-angle-9-13]" time="0.001" /><testcase classname="tests.differential.test_wall_shadows_compiled" name="test_original_wall_shadow_packet[four-threads-angle-9-23]" time="0.002" /><testcase classname="tests.differential.test_wall_shadows_compiled" name="test_original_wall_shadow_packet[four-threads-angle-10-13]" time="0.001" /><testcase classname="tests.differential.test_wall_shadows_compiled" name="test_original_wall_shadow_packet[four-threads-angle-10-23]" time="0.002" /><testcase classname="tests.differential.test_wall_shadows_compiled" name="test_original_wall_shadow_packet[four-threads-angle-11-13]" time="0.001" /><testcase classname="tests.differential.test_wall_shadows_compiled" name="test_original_wall_shadow_packet[four-threads-angle-11-23]" time="0.002" /><testcase classname="tests.differential.test_wall_shadows_compiled" name="test_original_wall_shadow_packet[four-threads-angle-12-13]" time="0.001" /><testcase classname="tests.differential.test_wall_shadows_compiled" name="test_original_wall_shadow_packet[four-threads-angle-12-23]" time="0.002" /><testcase classname="tests.differential.test_wall_shadows_compiled" name="test_original_wall_shadow_packet[four-threads-angle-13-13]" time="0.001" /><testcase classname="tests.differential.test_wall_shadows_compiled" name="test_original_wall_shadow_packet[four-threads-angle-13-23]" time="0.001" /><testcase classname="tests.differential.test_wall_shadows_compiled" name="test_original_wall_shadow_packet[four-threads-alt-0-13]" time="0.001" /><testcase classname="tests.differential.test_wall_shadows_compiled" name="test_original_wall_shadow_packet[four-threads-alt-0-23]" time="0.002" /><testcase classname="tests.differential.test_wall_shadows_compiled" name="test_original_wall_shadow_packet[four-threads-alt-1-13]" time="0.002" /><testcase classname="tests.differential.test_wall_shadows_compiled" name="test_original_wall_shadow_packet[four-threads-alt-1-23]" time="0.002" /><testcase classname="tests.differential.test_wall_shadows_compiled" name="test_original_wall_shadow_packet[four-threads-alt-2-13]" time="0.001" /><testcase classname="tests.differential.test_wall_shadows_compiled" name="test_original_wall_shadow_packet[four-threads-alt-2-23]" time="0.002" /><testcase classname="tests.differential.test_wall_shadows_compiled" name="test_original_wall_shadow_packet[four-threads-alt-3-13]" time="0.002" /><testcase classname="tests.differential.test_wall_shadows_compiled" name="test_original_wall_shadow_packet[four-threads-alt-3-23]" time="0.002" /><testcase classname="tests.differential.test_wall_shadows_compiled" name="test_original_wall_shadow_packet[four-threads-alt-4-13]" time="0.001" /><testcase classname="tests.differential.test_wall_shadows_compiled" name="test_original_wall_shadow_packet[four-threads-alt-4-23]" time="0.002" /><testcase classname="tests.differential.test_wall_shadows_compiled" name="test_original_wall_shadow_packet[four-threads-negative-13]" time="0.001" /><testcase classname="tests.differential.test_wall_shadows_compiled" name="test_original_wall_shadow_packet[four-threads-negative-23]" time="0.002" /><testcase classname="tests.differential.test_wall_shadows_compiled" name="test_original_wall_shadow_packet[four-threads-nan-dsm-13]" time="0.001" /><testcase classname="tests.differential.test_wall_shadows_compiled" name="test_original_wall_shadow_packet[four-threads-nan-dsm-23]" time="0.002" /><testcase classname="tests.differential.test_wall_shadows_compiled" name="test_original_wall_shadow_packet[four-threads-nan-veg-13]" time="0.001" /><testcase classname="tests.differential.test_wall_shadows_compiled" name="test_original_wall_shadow_packet[four-threads-nan-veg-23]" time="0.002" /><testcase classname="tests.differential.test_wall_shadows_compiled" name="test_original_wall_shadow_packet[four-threads-nan-trunk-13]" time="0.001" /><testcase classname="tests.differential.test_wall_shadows_compiled" name="test_original_wall_shadow_packet[four-threads-nan-trunk-23]" time="0.002" /><testcase classname="tests.differential.test_wall_shadows_compiled" name="test_original_wall_shadow_packet[four-threads-nan-walls-13]" time="0.001" /><testcase classname="tests.differential.test_wall_shadows_compiled" name="test_original_wall_shadow_packet[four-threads-nan-walls-23]" time="0.002" /><testcase classname="tests.differential.test_wall_shadows_compiled" name="test_original_wall_shadow_packet[four-threads-nan-aspect-13]" time="0.001" /><testcase classname="tests.differential.test_wall_shadows_compiled" name="test_original_wall_shadow_packet[four-threads-nan-aspect-23]" time="0.002" /><testcase classname="tests.differential.test_wall_shadows_compiled" name="test_original_wall_shadow_packet[four-threads-zero-13]" time="0.001" /><testcase classname="tests.differential.test_wall_shadows_compiled" name="test_original_wall_shadow_packet[four-threads-zero-23]" time="0.002" /><testcase classname="tests.differential.test_wall_shadows_compiled" name="test_original_wall_shadow_packet[four-threads-single-13]" time="0.001" /><testcase classname="tests.differential.test_wall_shadows_compiled" name="test_original_wall_shadow_packet[four-threads-single-23]" time="0.002" /><testcase classname="tests.differential.test_wall_shadows_compiled" name="test_original_wall_shadow_packet[ten-threads-angle-0-13]" time="0.001" /><testcase classname="tests.differential.test_wall_shadows_compiled" name="test_original_wall_shadow_packet[ten-threads-angle-0-23]" time="0.002" /><testcase classname="tests.differential.test_wall_shadows_compiled" name="test_original_wall_shadow_packet[ten-threads-angle-1-13]" time="0.001" /><testcase classname="tests.differential.test_wall_shadows_compiled" name="test_original_wall_shadow_packet[ten-threads-angle-1-23]" time="0.002" /><testcase classname="tests.differential.test_wall_shadows_compiled" name="test_original_wall_shadow_packet[ten-threads-angle-2-13]" time="0.001" /><testcase classname="tests.differential.test_wall_shadows_compiled" name="test_original_wall_shadow_packet[ten-threads-angle-2-23]" time="0.002" /><testcase classname="tests.differential.test_wall_shadows_compiled" name="test_original_wall_shadow_packet[ten-threads-angle-3-13]" time="0.001" /><testcase classname="tests.differential.test_wall_shadows_compiled" name="test_original_wall_shadow_packet[ten-threads-angle-3-23]" time="0.002" /><testcase classname="tests.differential.test_wall_shadows_compiled" name="test_original_wall_shadow_packet[ten-threads-angle-4-13]" time="0.001" /><testcase classname="tests.differential.test_wall_shadows_compiled" name="test_original_wall_shadow_packet[ten-threads-angle-4-23]" time="0.002" /><testcase classname="tests.differential.test_wall_shadows_compiled" name="test_original_wall_shadow_packet[ten-threads-angle-5-13]" time="0.001" /><testcase classname="tests.differential.test_wall_shadows_compiled" name="test_original_wall_shadow_packet[ten-threads-angle-5-23]" time="0.002" /><testcase classname="tests.differential.test_wall_shadows_compiled" name="test_original_wall_shadow_packet[ten-threads-angle-6-13]" time="0.001" /><testcase classname="tests.differential.test_wall_shadows_compiled" name="test_original_wall_shadow_packet[ten-threads-angle-6-23]" time="0.002" /><testcase classname="tests.differential.test_wall_shadows_compiled" name="test_original_wall_shadow_packet[ten-threads-angle-7-13]" time="0.002" /><testcase classname="tests.differential.test_wall_shadows_compiled" name="test_original_wall_shadow_packet[ten-threads-angle-7-23]" time="0.002" /><testcase classname="tests.differential.test_wall_shadows_compiled" name="test_original_wall_shadow_packet[ten-threads-angle-8-13]" time="0.001" /><testcase classname="tests.differential.test_wall_shadows_compiled" name="test_original_wall_shadow_packet[ten-threads-angle-8-23]" time="0.002" /><testcase classname="tests.differential.test_wall_shadows_compiled" name="test_original_wall_shadow_packet[ten-threads-angle-9-13]" time="0.001" /><testcase classname="tests.differential.test_wall_shadows_compiled" name="test_original_wall_shadow_packet[ten-threads-angle-9-23]" time="0.002" /><testcase classname="tests.differential.test_wall_shadows_compiled" name="test_original_wall_shadow_packet[ten-threads-angle-10-13]" time="0.001" /><testcase classname="tests.differential.test_wall_shadows_compiled" name="test_original_wall_shadow_packet[ten-threads-angle-10-23]" time="0.002" /><testcase classname="tests.differential.test_wall_shadows_compiled" name="test_original_wall_shadow_packet[ten-threads-angle-11-13]" time="0.001" /><testcase classname="tests.differential.test_wall_shadows_compiled" name="test_original_wall_shadow_packet[ten-threads-angle-11-23]" time="0.002" /><testcase classname="tests.differential.test_wall_shadows_compiled" name="test_original_wall_shadow_packet[ten-threads-angle-12-13]" time="0.001" /><testcase classname="tests.differential.test_wall_shadows_compiled" name="test_original_wall_shadow_packet[ten-threads-angle-12-23]" time="0.002" /><testcase classname="tests.differential.test_wall_shadows_compiled" name="test_original_wall_shadow_packet[ten-threads-angle-13-13]" time="0.001" /><testcase classname="tests.differential.test_wall_shadows_compiled" name="test_original_wall_shadow_packet[ten-threads-angle-13-23]" time="0.001" /><testcase classname="tests.differential.test_wall_shadows_compiled" name="test_original_wall_shadow_packet[ten-threads-alt-0-13]" time="0.001" /><testcase classname="tests.differential.test_wall_shadows_compiled" name="test_original_wall_shadow_packet[ten-threads-alt-0-23]" time="0.002" /><testcase classname="tests.differential.test_wall_shadows_compiled" name="test_original_wall_shadow_packet[ten-threads-alt-1-13]" time="0.001" /><testcase classname="tests.differential.test_wall_shadows_compiled" name="test_original_wall_shadow_packet[ten-threads-alt-1-23]" time="0.002" /><testcase classname="tests.differential.test_wall_shadows_compiled" name="test_original_wall_shadow_packet[ten-threads-alt-2-13]" time="0.001" /><testcase classname="tests.differential.test_wall_shadows_compiled" name="test_original_wall_shadow_packet[ten-threads-alt-2-23]" time="0.002" /><testcase classname="tests.differential.test_wall_shadows_compiled" name="test_original_wall_shadow_packet[ten-threads-alt-3-13]" time="0.001" /><testcase classname="tests.differential.test_wall_shadows_compiled" name="test_original_wall_shadow_packet[ten-threads-alt-3-23]" time="0.002" /><testcase classname="tests.differential.test_wall_shadows_compiled" name="test_original_wall_shadow_packet[ten-threads-alt-4-13]" time="0.002" /><testcase classname="tests.differential.test_wall_shadows_compiled" name="test_original_wall_shadow_packet[ten-threads-alt-4-23]" time="0.002" /><testcase classname="tests.differential.test_wall_shadows_compiled" name="test_original_wall_shadow_packet[ten-threads-negative-13]" time="0.001" /><testcase classname="tests.differential.test_wall_shadows_compiled" name="test_original_wall_shadow_packet[ten-threads-negative-23]" time="0.002" /><testcase classname="tests.differential.test_wall_shadows_compiled" name="test_original_wall_shadow_packet[ten-threads-nan-dsm-13]" time="0.001" /><testcase classname="tests.differential.test_wall_shadows_compiled" name="test_original_wall_shadow_packet[ten-threads-nan-dsm-23]" time="0.002" /><testcase classname="tests.differential.test_wall_shadows_compiled" name="test_original_wall_shadow_packet[ten-threads-nan-veg-13]" time="0.001" /><testcase classname="tests.differential.test_wall_shadows_compiled" name="test_original_wall_shadow_packet[ten-threads-nan-veg-23]" time="0.002" /><testcase classname="tests.differential.test_wall_shadows_compiled" name="test_original_wall_shadow_packet[ten-threads-nan-trunk-13]" time="0.001" /><testcase classname="tests.differential.test_wall_shadows_compiled" name="test_original_wall_shadow_packet[ten-threads-nan-trunk-23]" time="0.002" /><testcase classname="tests.differential.test_wall_shadows_compiled" name="test_original_wall_shadow_packet[ten-threads-nan-walls-13]" time="0.001" /><testcase classname="tests.differential.test_wall_shadows_compiled" name="test_original_wall_shadow_packet[ten-threads-nan-walls-23]" time="0.002" /><testcase classname="tests.differential.test_wall_shadows_compiled" name="test_original_wall_shadow_packet[ten-threads-nan-aspect-13]" time="0.001" /><testcase classname="tests.differential.test_wall_shadows_compiled" name="test_original_wall_shadow_packet[ten-threads-nan-aspect-23]" time="0.002" /><testcase classname="tests.differential.test_wall_shadows_compiled" name="test_original_wall_shadow_packet[ten-threads-zero-13]" time="0.001" /><testcase classname="tests.differential.test_wall_shadows_compiled" name="test_original_wall_shadow_packet[ten-threads-zero-23]" time="0.002" /><testcase classname="tests.differential.test_wall_shadows_compiled" name="test_original_wall_shadow_packet[ten-threads-single-13]" time="0.001" /><testcase classname="tests.differential.test_wall_shadows_compiled" name="test_original_wall_shadow_packet[ten-threads-single-23]" time="0.002" /><testcase classname="tests.differential.test_wall_shadows_compiled" name="test_parallel_diagnostics" time="0.006" /><testcase classname="tests.differential.test_wall_shadows_compiled" name="test_original_chronological_wall_boundaries[0-step-7]" time="0.004" /><testcase classname="tests.differential.test_wall_shadows_compiled" name="test_original_chronological_wall_boundaries[0-step-8]" time="0.003" /><testcase classname="tests.differential.test_wall_shadows_compiled" name="test_original_chronological_wall_boundaries[0-step-9]" time="0.003" /><testcase classname="tests.differential.test_wall_shadows_compiled" name="test_original_chronological_wall_boundaries[0-step-10]" time="0.003" /><testcase classname="tests.differential.test_wall_shadows_compiled" name="test_original_chronological_wall_boundaries[0-step-11]" time="0.003" /><testcase classname="tests.differential.test_wall_shadows_compiled" name="test_original_chronological_wall_boundaries[0-step-12]" time="0.002" /><testcase classname="tests.differential.test_wall_shadows_compiled" name="test_original_chronological_wall_boundaries[0-step-13]" time="0.003" /><testcase classname="tests.differential.test_wall_shadows_compiled" name="test_original_chronological_wall_boundaries[0-step-14]" time="0.003" /><testcase classname="tests.differential.test_wall_shadows_compiled" name="test_original_chronological_wall_boundaries[0-step-15]" time="0.003" /><testcase classname="tests.differential.test_wall_shadows_compiled" name="test_original_chronological_wall_boundaries[0-step-16]" time="0.003" /><testcase classname="tests.differential.test_wall_shadows_compiled" name="test_original_chronological_wall_boundaries[0-step-17]" time="0.003" /><testcase classname="tests.differential.test_wall_shadows_compiled" name="test_original_chronological_wall_boundaries[0-step-18]" time="0.003" /><testcase classname="tests.differential.test_wall_shadows_compiled" name="test_original_chronological_wall_boundaries[0-step-19]" time="0.003" /><testcase classname="tests.differential.test_wall_shadows_compiled" name="test_original_chronological_wall_boundaries[0-step-20]" time="0.003" /><testcase classname="tests.differential.test_wall_shadows_compiled" name="test_original_chronological_wall_boundaries[1-step-7]" time="0.003" /><testcase classname="tests.differential.test_wall_shadows_compiled" name="test_original_chronological_wall_boundaries[1-step-8]" time="0.003" /><testcase classname="tests.differential.test_wall_shadows_compiled" name="test_original_chronological_wall_boundaries[1-step-9]" time="0.003" /><testcase classname="tests.differential.test_wall_shadows_compiled" name="test_original_chronological_wall_boundaries[1-step-10]" time="0.002" /><testcase classname="tests.differential.test_wall_shadows_compiled" name="test_original_chronological_wall_boundaries[1-step-11]" time="0.003" /><testcase classname="tests.differential.test_wall_shadows_compiled" name="test_original_chronological_wall_boundaries[1-step-12]" time="0.002" /><testcase classname="tests.differential.test_wall_shadows_compiled" name="test_original_chronological_wall_boundaries[1-step-13]" time="0.003" /><testcase classname="tests.differential.test_wall_shadows_compiled" name="test_original_chronological_wall_boundaries[1-step-14]" time="0.003" /><testcase classname="tests.differential.test_wall_shadows_compiled" name="test_original_chronological_wall_boundaries[1-step-15]" time="0.003" /><testcase classname="tests.differential.test_wall_shadows_compiled" name="test_original_chronological_wall_boundaries[1-step-16]" time="0.003" /><testcase classname="tests.differential.test_wall_shadows_compiled" name="test_original_chronological_wall_boundaries[1-step-17]" time="0.003" /><testcase classname="tests.differential.test_wall_shadows_compiled" name="test_original_chronological_wall_boundaries[1-step-18]" time="0.003" /><testcase classname="tests.differential.test_wall_shadows_compiled" name="test_original_chronological_wall_boundaries[1-step-19]" time="0.003" /><testcase classname="tests.differential.test_wall_shadows_compiled" name="test_original_chronological_wall_boundaries[1-step-20]" time="0.003" /><testcase classname="tests.differential.test_wall_shadows_compiled" name="test_original_chronological_wall_boundaries[4-step-7]" time="0.002" /><testcase classname="tests.differential.test_wall_shadows_compiled" name="test_original_chronological_wall_boundaries[4-step-8]" time="0.002" /><testcase classname="tests.differential.test_wall_shadows_compiled" name="test_original_chronological_wall_boundaries[4-step-9]" time="0.002" /><testcase classname="tests.differential.test_wall_shadows_compiled" name="test_original_chronological_wall_boundaries[4-step-10]" time="0.002" /><testcase classname="tests.differential.test_wall_shadows_compiled" name="test_original_chronological_wall_boundaries[4-step-11]" time="0.002" /><testcase classname="tests.differential.test_wall_shadows_compiled" name="test_original_chronological_wall_boundaries[4-step-12]" time="0.002" /><testcase classname="tests.differential.test_wall_shadows_compiled" name="test_original_chronological_wall_boundaries[4-step-13]" time="0.002" /><testcase classname="tests.differential.test_wall_shadows_compiled" name="test_original_chronological_wall_boundaries[4-step-14]" time="0.002" /><testcase classname="tests.differential.test_wall_shadows_compiled" name="test_original_chronological_wall_boundaries[4-step-15]" time="0.002" /><testcase classname="tests.differential.test_wall_shadows_compiled" name="test_original_chronological_wall_boundaries[4-step-16]" time="0.003" /><testcase classname="tests.differential.test_wall_shadows_compiled" name="test_original_chronological_wall_boundaries[4-step-17]" time="0.003" /><testcase classname="tests.differential.test_wall_shadows_compiled" name="test_original_chronological_wall_boundaries[4-step-18]" time="0.003" /><testcase classname="tests.differential.test_wall_shadows_compiled" name="test_original_chronological_wall_boundaries[4-step-19]" time="0.003" /><testcase classname="tests.differential.test_wall_shadows_compiled" name="test_original_chronological_wall_boundaries[4-step-20]" time="0.003" /><testcase classname="tests.differential.test_wall_shadows_compiled" name="test_original_chronological_wall_boundaries[10-step-7]" time="0.003" /><testcase classname="tests.differential.test_wall_shadows_compiled" name="test_original_chronological_wall_boundaries[10-step-8]" time="0.003" /><testcase classname="tests.differential.test_wall_shadows_compiled" name="test_original_chronological_wall_boundaries[10-step-9]" time="0.002" /><testcase classname="tests.differential.test_wall_shadows_compiled" name="test_original_chronological_wall_boundaries[10-step-10]" time="0.002" /><testcase classname="tests.differential.test_wall_shadows_compiled" name="test_original_chronological_wall_boundaries[10-step-11]" time="0.003" /><testcase classname="tests.differential.test_wall_shadows_compiled" name="test_original_chronological_wall_boundaries[10-step-12]" time="0.002" /><testcase classname="tests.differential.test_wall_shadows_compiled" name="test_original_chronological_wall_boundaries[10-step-13]" time="0.002" /><testcase classname="tests.differential.test_wall_shadows_compiled" name="test_original_chronological_wall_boundaries[10-step-14]" time="0.002" /><testcase classname="tests.differential.test_wall_shadows_compiled" name="test_original_chronological_wall_boundaries[10-step-15]" time="0.002" /><testcase classname="tests.differential.test_wall_shadows_compiled" name="test_original_chronological_wall_boundaries[10-step-16]" time="0.002" /><testcase classname="tests.differential.test_wall_shadows_compiled" name="test_original_chronological_wall_boundaries[10-step-17]" time="0.002" /><testcase classname="tests.differential.test_wall_shadows_compiled" name="test_original_chronological_wall_boundaries[10-step-18]" time="0.002" /><testcase classname="tests.differential.test_wall_shadows_compiled" name="test_original_chronological_wall_boundaries[10-step-19]" time="0.003" /><testcase classname="tests.differential.test_wall_shadows_compiled" name="test_original_chronological_wall_boundaries[10-step-20]" time="0.003" /><testcase classname="tests.differential.test_ground_view_compiled" name="test_original_ground_view[serial-sun_direction_5]" time="0.349" /><testcase classname="tests.differential.test_ground_view_compiled" name="test_original_ground_view[serial-sun_direction_25]" time="0.004" /><testcase classname="tests.differential.test_ground_view_compiled" name="test_original_ground_view[serial-sun_direction_45]" time="0.004" /><testcase classname="tests.differential.test_ground_view_compiled" name="test_original_ground_view[serial-sun_direction_65]" time="0.004" /><testcase classname="tests.differential.test_ground_view_compiled" name="test_original_ground_view[serial-sun_direction_85]" time="0.004" /><testcase classname="tests.differential.test_ground_view_compiled" name="test_original_ground_view[serial-sun_direction_105]" time="0.005" /><testcase classname="tests.differential.test_ground_view_compiled" name="test_original_ground_view[serial-sun_direction_125]" time="0.003" /><testcase classname="tests.differential.test_ground_view_compiled" name="test_original_ground_view[serial-sun_direction_145]" time="0.004" /><testcase classname="tests.differential.test_ground_view_compiled" name="test_original_ground_view[serial-sun_direction_165]" time="0.004" /><testcase classname="tests.differential.test_ground_view_compiled" name="test_original_ground_view[serial-sun_direction_185]" time="0.004" /><testcase classname="tests.differential.test_ground_view_compiled" name="test_original_ground_view[serial-sun_direction_205]" time="0.004" /><testcase classname="tests.differential.test_ground_view_compiled" name="test_original_ground_view[serial-sun_direction_225]" time="0.003" /><testcase classname="tests.differential.test_ground_view_compiled" name="test_original_ground_view[serial-sun_direction_245]" time="0.004" /><testcase classname="tests.differential.test_ground_view_compiled" name="test_original_ground_view[serial-sun_direction_265]" time="0.004" /><testcase classname="tests.differential.test_ground_view_compiled" name="test_original_ground_view[serial-sun_direction_285]" time="0.003" /><testcase classname="tests.differential.test_ground_view_compiled" name="test_original_ground_view[serial-sun_direction_305]" time="0.004" /><testcase classname="tests.differential.test_ground_view_compiled" name="test_original_ground_view[serial-sun_direction_325]" time="0.004" /><testcase classname="tests.differential.test_ground_view_compiled" name="test_original_ground_view[serial-sun_direction_345]" time="0.004" /><testcase classname="tests.differential.test_ground_view_compiled" name="test_original_ground_view[serial-sun_water]" time="0.003" /><testcase classname="tests.differential.test_ground_view_compiled" name="test_original_ground_view[serial-gvf_water]" time="0.009" /><testcase classname="tests.differential.test_ground_view_compiled" name="test_original_ground_view[serial-sun_nan_buildings]" time="0.004" /><testcase classname="tests.differential.test_ground_view_compiled" name="test_original_ground_view[serial-gvf_nan_buildings]" time="0.009" /><testcase classname="tests.differential.test_ground_view_compiled" name="test_original_ground_view[serial-sun_nan_shadow]" time="0.004" /><testcase classname="tests.differential.test_ground_view_compiled" name="test_original_ground_view[serial-gvf_nan_shadow]" time="0.009" /><testcase classname="tests.differential.test_ground_view_compiled" name="test_original_ground_view[serial-sun_nan_temperature]" time="0.004" /><testcase classname="tests.differential.test_ground_view_compiled" name="test_original_ground_view[serial-gvf_nan_temperature]" time="0.009" /><testcase classname="tests.differential.test_ground_view_compiled" name="test_original_ground_view[serial-sun_nonbinary]" time="0.003" /><testcase classname="tests.differential.test_ground_view_compiled" name="test_original_ground_view[serial-gvf_nonbinary]" time="0.009" /><testcase classname="tests.differential.test_ground_view_compiled" name="test_original_ground_view[serial-sun_rounding_half]" time="0.004" /><testcase classname="tests.differential.test_ground_view_compiled" name="test_original_ground_view[serial-gvf_rounding_half]" time="0.009" /><testcase classname="tests.differential.test_ground_view_compiled" name="test_original_ground_view[serial-sun_rounding_scale]" time="0.003" /><testcase classname="tests.differential.test_ground_view_compiled" name="test_original_ground_view[serial-gvf_rounding_scale]" time="0.009" /><testcase classname="tests.differential.test_ground_view_compiled" name="test_original_ground_view[serial-sun_beyond_raster]" time="0.003" /><testcase classname="tests.differential.test_ground_view_compiled" name="test_original_ground_view[serial-gvf_beyond_raster]" time="0.003" /><testcase classname="tests.differential.test_ground_view_compiled" name="test_original_ground_view[serial-sun_zero_distance]" time="0.003" /><testcase classname="tests.differential.test_ground_view_compiled" name="test_original_ground_view[serial-gvf_zero_distance]" time="0.003" /><testcase classname="tests.differential.test_ground_view_compiled" name="test_original_ground_view[serial-sun_float64]" time="0.004" /><testcase classname="tests.differential.test_ground_view_compiled" name="test_original_ground_view[serial-gvf_float64]" time="0.022" /><testcase classname="tests.differential.test_ground_view_compiled" name="test_original_ground_view[parallel1-sun_direction_5]" time="0.963" /><testcase classname="tests.differential.test_ground_view_compiled" name="test_original_ground_view[parallel1-sun_direction_25]" time="0.004" /><testcase classname="tests.differential.test_ground_view_compiled" name="test_original_ground_view[parallel1-sun_direction_45]" time="0.004" /><testcase classname="tests.differential.test_ground_view_compiled" name="test_original_ground_view[parallel1-sun_direction_65]" time="0.004" /><testcase classname="tests.differential.test_ground_view_compiled" name="test_original_ground_view[parallel1-sun_direction_85]" time="0.004" /><testcase classname="tests.differential.test_ground_view_compiled" name="test_original_ground_view[parallel1-sun_direction_105]" time="0.004" /><testcase classname="tests.differential.test_ground_view_compiled" name="test_original_ground_view[parallel1-sun_direction_125]" time="0.004" /><testcase classname="tests.differential.test_ground_view_compiled" name="test_original_ground_view[parallel1-sun_direction_145]" time="0.004" /><testcase classname="tests.differential.test_ground_view_compiled" name="test_original_ground_view[parallel1-sun_direction_165]" time="0.004" /><testcase classname="tests.differential.test_ground_view_compiled" name="test_original_ground_view[parallel1-sun_direction_185]" time="0.004" /><testcase classname="tests.differential.test_ground_view_compiled" name="test_original_ground_view[parallel1-sun_direction_205]" time="0.004" /><testcase classname="tests.differential.test_ground_view_compiled" name="test_original_ground_view[parallel1-sun_direction_225]" time="0.004" /><testcase classname="tests.differential.test_ground_view_compiled" name="test_original_ground_view[parallel1-sun_direction_245]" time="0.003" /><testcase classname="tests.differential.test_ground_view_compiled" name="test_original_ground_view[parallel1-sun_direction_265]" time="0.004" /><testcase classname="tests.differential.test_ground_view_compiled" name="test_original_ground_view[parallel1-sun_direction_285]" time="0.004" /><testcase classname="tests.differential.test_ground_view_compiled" name="test_original_ground_view[parallel1-sun_direction_305]" time="0.003" /><testcase classname="tests.differential.test_ground_view_compiled" name="test_original_ground_view[parallel1-sun_direction_325]" time="0.003" /><testcase classname="tests.differential.test_ground_view_compiled" name="test_original_ground_view[parallel1-sun_direction_345]" time="0.003" /><testcase classname="tests.differential.test_ground_view_compiled" name="test_original_ground_view[parallel1-sun_water]" time="0.004" /><testcase classname="tests.differential.test_ground_view_compiled" name="test_original_ground_view[parallel1-gvf_water]" time="0.010" /><testcase classname="tests.differential.test_ground_view_compiled" name="test_original_ground_view[parallel1-sun_nan_buildings]" time="0.003" /><testcase classname="tests.differential.test_ground_view_compiled" name="test_original_ground_view[parallel1-gvf_nan_buildings]" time="0.010" /><testcase classname="tests.differential.test_ground_view_compiled" name="test_original_ground_view[parallel1-sun_nan_shadow]" time="0.003" /><testcase classname="tests.differential.test_ground_view_compiled" name="test_original_ground_view[parallel1-gvf_nan_shadow]" time="0.010" /><testcase classname="tests.differential.test_ground_view_compiled" name="test_original_ground_view[parallel1-sun_nan_temperature]" time="0.004" /><testcase classname="tests.differential.test_ground_view_compiled" name="test_original_ground_view[parallel1-gvf_nan_temperature]" time="0.010" /><testcase classname="tests.differential.test_ground_view_compiled" name="test_original_ground_view[parallel1-sun_nonbinary]" time="0.003" /><testcase classname="tests.differential.test_ground_view_compiled" name="test_original_ground_view[parallel1-gvf_nonbinary]" time="0.010" /><testcase classname="tests.differential.test_ground_view_compiled" name="test_original_ground_view[parallel1-sun_rounding_half]" time="0.003" /><testcase classname="tests.differential.test_ground_view_compiled" name="test_original_ground_view[parallel1-gvf_rounding_half]" time="0.010" /><testcase classname="tests.differential.test_ground_view_compiled" name="test_original_ground_view[parallel1-sun_rounding_scale]" time="0.004" /><testcase classname="tests.differential.test_ground_view_compiled" name="test_original_ground_view[parallel1-gvf_rounding_scale]" time="0.011" /><testcase classname="tests.differential.test_ground_view_compiled" name="test_original_ground_view[parallel1-sun_beyond_raster]" time="0.003" /><testcase classname="tests.differential.test_ground_view_compiled" name="test_original_ground_view[parallel1-gvf_beyond_raster]" time="0.003" /><testcase classname="tests.differential.test_ground_view_compiled" name="test_original_ground_view[parallel1-sun_zero_distance]" time="0.002" /><testcase classname="tests.differential.test_ground_view_compiled" name="test_original_ground_view[parallel1-gvf_zero_distance]" time="0.002" /><testcase classname="tests.differential.test_ground_view_compiled" name="test_original_ground_view[parallel1-sun_float64]" time="0.004" /><testcase classname="tests.differential.test_ground_view_compiled" name="test_original_ground_view[parallel1-gvf_float64]" time="0.022" /><testcase classname="tests.differential.test_ground_view_compiled" name="test_original_ground_view[parallel4-sun_direction_5]" time="0.004" /><testcase classname="tests.differential.test_ground_view_compiled" name="test_original_ground_view[parallel4-sun_direction_25]" time="0.003" /><testcase classname="tests.differential.test_ground_view_compiled" name="test_original_ground_view[parallel4-sun_direction_45]" time="0.004" /><testcase classname="tests.differential.test_ground_view_compiled" name="test_original_ground_view[parallel4-sun_direction_65]" time="0.003" /><testcase classname="tests.differential.test_ground_view_compiled" name="test_original_ground_view[parallel4-sun_direction_85]" time="0.004" /><testcase classname="tests.differential.test_ground_view_compiled" name="test_original_ground_view[parallel4-sun_direction_105]" time="0.003" /><testcase classname="tests.differential.test_ground_view_compiled" name="test_original_ground_view[parallel4-sun_direction_125]" time="0.003" /><testcase classname="tests.differential.test_ground_view_compiled" name="test_original_ground_view[parallel4-sun_direction_145]" time="0.003" /><testcase classname="tests.differential.test_ground_view_compiled" name="test_original_ground_view[parallel4-sun_direction_165]" time="0.003" /><testcase classname="tests.differential.test_ground_view_compiled" name="test_original_ground_view[parallel4-sun_direction_185]" time="0.004" /><testcase classname="tests.differential.test_ground_view_compiled" name="test_original_ground_view[parallel4-sun_direction_205]" time="0.004" /><testcase classname="tests.differential.test_ground_view_compiled" name="test_original_ground_view[parallel4-sun_direction_225]" time="0.004" /><testcase classname="tests.differential.test_ground_view_compiled" name="test_original_ground_view[parallel4-sun_direction_245]" time="0.003" /><testcase classname="tests.differential.test_ground_view_compiled" name="test_original_ground_view[parallel4-sun_direction_265]" time="0.004" /><testcase classname="tests.differential.test_ground_view_compiled" name="test_original_ground_view[parallel4-sun_direction_285]" time="0.003" /><testcase classname="tests.differential.test_ground_view_compiled" name="test_original_ground_view[parallel4-sun_direction_305]" time="0.003" /><testcase classname="tests.differential.test_ground_view_compiled" name="test_original_ground_view[parallel4-sun_direction_325]" time="0.003" /><testcase classname="tests.differential.test_ground_view_compiled" name="test_original_ground_view[parallel4-sun_direction_345]" time="0.003" /><testcase classname="tests.differential.test_ground_view_compiled" name="test_original_ground_view[parallel4-sun_water]" time="0.003" /><testcase classname="tests.differential.test_ground_view_compiled" name="test_original_ground_view[parallel4-gvf_water]" time="0.010" /><testcase classname="tests.differential.test_ground_view_compiled" name="test_original_ground_view[parallel4-sun_nan_buildings]" time="0.003" /><testcase classname="tests.differential.test_ground_view_compiled" name="test_original_ground_view[parallel4-gvf_nan_buildings]" time="0.010" /><testcase classname="tests.differential.test_ground_view_compiled" name="test_original_ground_view[parallel4-sun_nan_shadow]" time="0.004" /><testcase classname="tests.differential.test_ground_view_compiled" name="test_original_ground_view[parallel4-gvf_nan_shadow]" time="0.010" /><testcase classname="tests.differential.test_ground_view_compiled" name="test_original_ground_view[parallel4-sun_nan_temperature]" time="0.003" /><testcase classname="tests.differential.test_ground_view_compiled" name="test_original_ground_view[parallel4-gvf_nan_temperature]" time="0.010" /><testcase classname="tests.differential.test_ground_view_compiled" name="test_original_ground_view[parallel4-sun_nonbinary]" time="0.003" /><testcase classname="tests.differential.test_ground_view_compiled" name="test_original_ground_view[parallel4-gvf_nonbinary]" time="0.010" /><testcase classname="tests.differential.test_ground_view_compiled" name="test_original_ground_view[parallel4-sun_rounding_half]" time="0.004" /><testcase classname="tests.differential.test_ground_view_compiled" name="test_original_ground_view[parallel4-gvf_rounding_half]" time="0.010" /><testcase classname="tests.differential.test_ground_view_compiled" name="test_original_ground_view[parallel4-sun_rounding_scale]" time="0.004" /><testcase classname="tests.differential.test_ground_view_compiled" name="test_original_ground_view[parallel4-gvf_rounding_scale]" time="0.011" /><testcase classname="tests.differential.test_ground_view_compiled" name="test_original_ground_view[parallel4-sun_beyond_raster]" time="0.003" /><testcase classname="tests.differential.test_ground_view_compiled" name="test_original_ground_view[parallel4-gvf_beyond_raster]" time="0.003" /><testcase classname="tests.differential.test_ground_view_compiled" name="test_original_ground_view[parallel4-sun_zero_distance]" time="0.003" /><testcase classname="tests.differential.test_ground_view_compiled" name="test_original_ground_view[parallel4-gvf_zero_distance]" time="0.003" /><testcase classname="tests.differential.test_ground_view_compiled" name="test_original_ground_view[parallel4-sun_float64]" time="0.004" /><testcase classname="tests.differential.test_ground_view_compiled" name="test_original_ground_view[parallel4-gvf_float64]" time="0.022" /><testcase classname="tests.differential.test_ground_view_compiled" name="test_original_ground_view[parallel10-sun_direction_5]" time="0.004" /><testcase classname="tests.differential.test_ground_view_compiled" name="test_original_ground_view[parallel10-sun_direction_25]" time="0.003" /><testcase classname="tests.differential.test_ground_view_compiled" name="test_original_ground_view[parallel10-sun_direction_45]" time="0.003" /><testcase classname="tests.differential.test_ground_view_compiled" name="test_original_ground_view[parallel10-sun_direction_65]" time="0.003" /><testcase classname="tests.differential.test_ground_view_compiled" name="test_original_ground_view[parallel10-sun_direction_85]" time="0.004" /><testcase classname="tests.differential.test_ground_view_compiled" name="test_original_ground_view[parallel10-sun_direction_105]" time="0.003" /><testcase classname="tests.differential.test_ground_view_compiled" name="test_original_ground_view[parallel10-sun_direction_125]" time="0.003" /><testcase classname="tests.differential.test_ground_view_compiled" name="test_original_ground_view[parallel10-sun_direction_145]" time="0.003" /><testcase classname="tests.differential.test_ground_view_compiled" name="test_original_ground_view[parallel10-sun_direction_165]" time="0.004" /><testcase classname="tests.differential.test_ground_view_compiled" name="test_original_ground_view[parallel10-sun_direction_185]" time="0.003" /><testcase classname="tests.differential.test_ground_view_compiled" name="test_original_ground_view[parallel10-sun_direction_205]" time="0.003" /><testcase classname="tests.differential.test_ground_view_compiled" name="test_original_ground_view[parallel10-sun_direction_225]" time="0.003" /><testcase classname="tests.differential.test_ground_view_compiled" name="test_original_ground_view[parallel10-sun_direction_245]" time="0.004" /><testcase classname="tests.differential.test_ground_view_compiled" name="test_original_ground_view[parallel10-sun_direction_265]" time="0.004" /><testcase classname="tests.differential.test_ground_view_compiled" name="test_original_ground_view[parallel10-sun_direction_285]" time="0.004" /><testcase classname="tests.differential.test_ground_view_compiled" name="test_original_ground_view[parallel10-sun_direction_305]" time="0.004" /><testcase classname="tests.differential.test_ground_view_compiled" name="test_original_ground_view[parallel10-sun_direction_325]" time="0.004" /><testcase classname="tests.differential.test_ground_view_compiled" name="test_original_ground_view[parallel10-sun_direction_345]" time="0.004" /><testcase classname="tests.differential.test_ground_view_compiled" name="test_original_ground_view[parallel10-sun_water]" time="0.004" /><testcase classname="tests.differential.test_ground_view_compiled" name="test_original_ground_view[parallel10-gvf_water]" time="0.010" /><testcase classname="tests.differential.test_ground_view_compiled" name="test_original_ground_view[parallel10-sun_nan_buildings]" time="0.003" /><testcase classname="tests.differential.test_ground_view_compiled" name="test_original_ground_view[parallel10-gvf_nan_buildings]" time="0.010" /><testcase classname="tests.differential.test_ground_view_compiled" name="test_original_ground_view[parallel10-sun_nan_shadow]" time="0.004" /><testcase classname="tests.differential.test_ground_view_compiled" name="test_original_ground_view[parallel10-gvf_nan_shadow]" time="0.010" /><testcase classname="tests.differential.test_ground_view_compiled" name="test_original_ground_view[parallel10-sun_nan_temperature]" time="0.003" /><testcase classname="tests.differential.test_ground_view_compiled" name="test_original_ground_view[parallel10-gvf_nan_temperature]" time="0.010" /><testcase classname="tests.differential.test_ground_view_compiled" name="test_original_ground_view[parallel10-sun_nonbinary]" time="0.003" /><testcase classname="tests.differential.test_ground_view_compiled" name="test_original_ground_view[parallel10-gvf_nonbinary]" time="0.010" /><testcase classname="tests.differential.test_ground_view_compiled" name="test_original_ground_view[parallel10-sun_rounding_half]" time="0.003" /><testcase classname="tests.differential.test_ground_view_compiled" name="test_original_ground_view[parallel10-gvf_rounding_half]" time="0.011" /><testcase classname="tests.differential.test_ground_view_compiled" name="test_original_ground_view[parallel10-sun_rounding_scale]" time="0.003" /><testcase classname="tests.differential.test_ground_view_compiled" name="test_original_ground_view[parallel10-gvf_rounding_scale]" time="0.011" /><testcase classname="tests.differential.test_ground_view_compiled" name="test_original_ground_view[parallel10-sun_beyond_raster]" time="0.002" /><testcase classname="tests.differential.test_ground_view_compiled" name="test_original_ground_view[parallel10-gvf_beyond_raster]" time="0.003" /><testcase classname="tests.differential.test_ground_view_compiled" name="test_original_ground_view[parallel10-sun_zero_distance]" time="0.002" /><testcase classname="tests.differential.test_ground_view_compiled" name="test_original_ground_view[parallel10-gvf_zero_distance]" time="0.002" /><testcase classname="tests.differential.test_ground_view_compiled" name="test_original_ground_view[parallel10-sun_float64]" time="0.004" /><testcase classname="tests.differential.test_ground_view_compiled" name="test_original_ground_view[parallel10-gvf_float64]" time="0.021" /><testcase classname="tests.differential.test_ground_view_compiled" name="test_cached_descriptors_are_bounded_immutable_and_field_free" time="0.000" /><testcase classname="tests.differential.test_ground_view_compiled" name="test_changed_dynamic_fields_reuse_addresses_without_reusing_results" time="0.002" /><testcase classname="tests.differential.test_p7_ground_view_angular" name="test_original_angular_boundaries[None-65_float32]" time="0.025" /><testcase classname="tests.differential.test_p7_ground_view_angular" name="test_original_angular_boundaries[None-65_float64_rasters_float32_angles]" time="0.021" /><testcase classname="tests.differential.test_p7_ground_view_angular" name="test_original_angular_boundaries[None-145_float32]" time="0.025" /><testcase classname="tests.differential.test_p7_ground_view_angular" name="test_original_angular_boundaries[None-145_float64_rasters_float32_angles]" time="0.020" /><testcase classname="tests.differential.test_p7_ground_view_angular" name="test_original_angular_boundaries[None-245_float32]" time="0.024" /><testcase classname="tests.differential.test_p7_ground_view_angular" name="test_original_angular_boundaries[None-245_float64_rasters_float32_angles]" time="0.020" /><testcase classname="tests.differential.test_p7_ground_view_angular" name="test_original_angular_boundaries[None-325_float32]" time="0.024" /><testcase classname="tests.differential.test_p7_ground_view_angular" name="test_original_angular_boundaries[None-325_float64_rasters_float32_angles]" time="0.020" /><testcase classname="tests.differential.test_p7_ground_view_angular" name="test_original_angular_boundaries[1-65_float32]" time="0.014" /><testcase classname="tests.differential.test_p7_ground_view_angular" name="test_original_angular_boundaries[1-65_float64_rasters_float32_angles]" time="0.019" /><testcase classname="tests.differential.test_p7_ground_view_angular" name="test_original_angular_boundaries[1-145_float32]" time="0.014" /><testcase classname="tests.differential.test_p7_ground_view_angular" name="test_original_angular_boundaries[1-145_float64_rasters_float32_angles]" time="0.018" /><testcase classname="tests.differential.test_p7_ground_view_angular" name="test_original_angular_boundaries[1-245_float32]" time="0.014" /><testcase classname="tests.differential.test_p7_ground_view_angular" name="test_original_angular_boundaries[1-245_float64_rasters_float32_angles]" time="0.018" /><testcase classname="tests.differential.test_p7_ground_view_angular" name="test_original_angular_boundaries[1-325_float32]" time="0.015" /><testcase classname="tests.differential.test_p7_ground_view_angular" name="test_original_angular_boundaries[1-325_float64_rasters_float32_angles]" time="0.019" /><testcase classname="tests.differential.test_p7_ground_view_angular" name="test_original_angular_boundaries[4-65_float32]" time="0.010" /><testcase classname="tests.differential.test_p7_ground_view_angular" name="test_original_angular_boundaries[4-65_float64_rasters_float32_angles]" time="0.018" /><testcase classname="tests.differential.test_p7_ground_view_angular" name="test_original_angular_boundaries[4-145_float32]" time="0.010" /><testcase classname="tests.differential.test_p7_ground_view_angular" name="test_original_angular_boundaries[4-145_float64_rasters_float32_angles]" time="0.018" /><testcase classname="tests.differential.test_p7_ground_view_angular" name="test_original_angular_boundaries[4-245_float32]" time="0.010" /><testcase classname="tests.differential.test_p7_ground_view_angular" name="test_original_angular_boundaries[4-245_float64_rasters_float32_angles]" time="0.018" /><testcase classname="tests.differential.test_p7_ground_view_angular" name="test_original_angular_boundaries[4-325_float32]" time="0.010" /><testcase classname="tests.differential.test_p7_ground_view_angular" name="test_original_angular_boundaries[4-325_float64_rasters_float32_angles]" time="0.018" /><testcase classname="tests.differential.test_p7_ground_view_angular" name="test_original_angular_boundaries[fallback-65_float32]" time="0.013" /><testcase classname="tests.differential.test_p7_ground_view_angular" name="test_original_angular_boundaries[fallback-65_float64_rasters_float32_angles]" time="0.018" /><testcase classname="tests.differential.test_p7_ground_view_angular" name="test_original_angular_boundaries[fallback-145_float32]" time="0.013" /><testcase classname="tests.differential.test_p7_ground_view_angular" name="test_original_angular_boundaries[fallback-145_float64_rasters_float32_angles]" time="0.018" /><testcase classname="tests.differential.test_p7_ground_view_angular" name="test_original_angular_boundaries[fallback-245_float32]" time="0.013" /><testcase classname="tests.differential.test_p7_ground_view_angular" name="test_original_angular_boundaries[fallback-245_float64_rasters_float32_angles]" time="0.018" /><testcase classname="tests.differential.test_p7_ground_view_angular" name="test_original_angular_boundaries[fallback-325_float32]" time="0.066" /><testcase classname="tests.differential.test_p7_ground_view_angular" name="test_original_angular_boundaries[fallback-325_float64_rasters_float32_angles]" time="0.018" /><testcase classname="tests.differential.test_patch_radiation" name="test_original_shortwave_boundaries[False-0-step-7]" time="2.398" /><testcase classname="tests.differential.test_patch_radiation" name="test_original_shortwave_boundaries[False-0-step-8]" time="0.125" /><testcase classname="tests.differential.test_patch_radiation" name="test_original_shortwave_boundaries[False-0-step-9]" time="0.126" /><testcase classname="tests.differential.test_patch_radiation" name="test_original_shortwave_boundaries[False-0-step-10]" time="0.125" /><testcase classname="tests.differential.test_patch_radiation" name="test_original_shortwave_boundaries[False-0-step-11]" time="0.125" /><testcase classname="tests.differential.test_patch_radiation" name="test_original_shortwave_boundaries[False-0-step-12]" time="0.124" /><testcase classname="tests.differential.test_patch_radiation" name="test_original_shortwave_boundaries[False-0-step-13]" time="0.125" /><testcase classname="tests.differential.test_patch_radiation" name="test_original_shortwave_boundaries[False-0-step-14]" time="0.126" /><testcase classname="tests.differential.test_patch_radiation" name="test_original_shortwave_boundaries[False-0-step-15]" time="0.126" /><testcase classname="tests.differential.test_patch_radiation" name="test_original_shortwave_boundaries[False-0-step-16]" time="0.126" /><testcase classname="tests.differential.test_patch_radiation" name="test_original_shortwave_boundaries[False-0-step-17]" time="0.127" /><testcase classname="tests.differential.test_patch_radiation" name="test_original_shortwave_boundaries[False-0-step-18]" time="0.127" /><testcase classname="tests.differential.test_patch_radiation" name="test_original_shortwave_boundaries[False-0-step-19]" time="0.129" /><testcase classname="tests.differential.test_patch_radiation" name="test_original_shortwave_boundaries[False-0-step-20]" time="0.129" /><testcase classname="tests.differential.test_patch_radiation" name="test_original_shortwave_boundaries[False-1-step-7]" time="1.246" /><testcase classname="tests.differential.test_patch_radiation" name="test_original_shortwave_boundaries[False-1-step-8]" time="0.134" /><testcase classname="tests.differential.test_patch_radiation" name="test_original_shortwave_boundaries[False-1-step-9]" time="0.134" /><testcase classname="tests.differential.test_patch_radiation" name="test_original_shortwave_boundaries[False-1-step-10]" time="0.134" /><testcase classname="tests.differential.test_patch_radiation" name="test_original_shortwave_boundaries[False-1-step-11]" time="0.132" /><testcase classname="tests.differential.test_patch_radiation" name="test_original_shortwave_boundaries[False-1-step-12]" time="0.135" /><testcase classname="tests.differential.test_patch_radiation" name="test_original_shortwave_boundaries[False-1-step-13]" time="0.137" /><testcase classname="tests.differential.test_patch_radiation" name="test_original_shortwave_boundaries[False-1-step-14]" time="0.135" /><testcase classname="tests.differential.test_patch_radiation" name="test_original_shortwave_boundaries[False-1-step-15]" time="0.134" /><testcase classname="tests.differential.test_patch_radiation" name="test_original_shortwave_boundaries[False-1-step-16]" time="0.134" /><testcase classname="tests.differential.test_patch_radiation" name="test_original_shortwave_boundaries[False-1-step-17]" time="0.134" /><testcase classname="tests.differential.test_patch_radiation" name="test_original_shortwave_boundaries[False-1-step-18]" time="0.135" /><testcase classname="tests.differential.test_patch_radiation" name="test_original_shortwave_boundaries[False-1-step-19]" time="0.135" /><testcase classname="tests.differential.test_patch_radiation" name="test_original_shortwave_boundaries[False-1-step-20]" time="0.135" /><testcase classname="tests.differential.test_patch_radiation" name="test_original_shortwave_boundaries[False-4-step-7]" time="0.136" /><testcase classname="tests.differential.test_patch_radiation" name="test_original_shortwave_boundaries[False-4-step-8]" time="0.137" /><testcase classname="tests.differential.test_patch_radiation" name="test_original_shortwave_boundaries[False-4-step-9]" time="0.137" /><testcase classname="tests.differential.test_patch_radiation" name="test_original_shortwave_boundaries[False-4-step-10]" time="0.139" /><testcase classname="tests.differential.test_patch_radiation" name="test_original_shortwave_boundaries[False-4-step-11]" time="0.136" /><testcase classname="tests.differential.test_patch_radiation" name="test_original_shortwave_boundaries[False-4-step-12]" time="0.137" /><testcase classname="tests.differential.test_patch_radiation" name="test_original_shortwave_boundaries[False-4-step-13]" time="0.137" /><testcase classname="tests.differential.test_patch_radiation" name="test_original_shortwave_boundaries[False-4-step-14]" time="0.134" /><testcase classname="tests.differential.test_patch_radiation" name="test_original_shortwave_boundaries[False-4-step-15]" time="0.137" /><testcase classname="tests.differential.test_patch_radiation" name="test_original_shortwave_boundaries[False-4-step-16]" time="0.137" /><testcase classname="tests.differential.test_patch_radiation" name="test_original_shortwave_boundaries[False-4-step-17]" time="0.135" /><testcase classname="tests.differential.test_patch_radiation" name="test_original_shortwave_boundaries[False-4-step-18]" time="0.136" /><testcase classname="tests.differential.test_patch_radiation" name="test_original_shortwave_boundaries[False-4-step-19]" time="0.136" /><testcase classname="tests.differential.test_patch_radiation" name="test_original_shortwave_boundaries[False-4-step-20]" time="0.140" /><testcase classname="tests.differential.test_patch_radiation" name="test_original_shortwave_boundaries[False-10-step-7]" time="0.145" /><testcase classname="tests.differential.test_patch_radiation" name="test_original_shortwave_boundaries[False-10-step-8]" time="0.143" /><testcase classname="tests.differential.test_patch_radiation" name="test_original_shortwave_boundaries[False-10-step-9]" time="0.144" /><testcase classname="tests.differential.test_patch_radiation" name="test_original_shortwave_boundaries[False-10-step-10]" time="0.143" /><testcase classname="tests.differential.test_patch_radiation" name="test_original_shortwave_boundaries[False-10-step-11]" time="0.140" /><testcase classname="tests.differential.test_patch_radiation" name="test_original_shortwave_boundaries[False-10-step-12]" time="0.142" /><testcase classname="tests.differential.test_patch_radiation" name="test_original_shortwave_boundaries[False-10-step-13]" time="0.140" /><testcase classname="tests.differential.test_patch_radiation" name="test_original_shortwave_boundaries[False-10-step-14]" time="0.138" /><testcase classname="tests.differential.test_patch_radiation" name="test_original_shortwave_boundaries[False-10-step-15]" time="0.139" /><testcase classname="tests.differential.test_patch_radiation" name="test_original_shortwave_boundaries[False-10-step-16]" time="0.143" /><testcase classname="tests.differential.test_patch_radiation" name="test_original_shortwave_boundaries[False-10-step-17]" time="0.144" /><testcase classname="tests.differential.test_patch_radiation" name="test_original_shortwave_boundaries[False-10-step-18]" time="0.139" /><testcase classname="tests.differential.test_patch_radiation" name="test_original_shortwave_boundaries[False-10-step-19]" time="0.139" /><testcase classname="tests.differential.test_patch_radiation" name="test_original_shortwave_boundaries[False-10-step-20]" time="0.138" /><testcase classname="tests.differential.test_patch_radiation" name="test_original_shortwave_boundaries[True-0-step-7]" time="0.541" /><testcase classname="tests.differential.test_patch_radiation" name="test_original_shortwave_boundaries[True-0-step-8]" time="0.057" /><testcase classname="tests.differential.test_patch_radiation" name="test_original_shortwave_boundaries[True-0-step-9]" time="0.058" /><testcase classname="tests.differential.test_patch_radiation" name="test_original_shortwave_boundaries[True-0-step-10]" time="0.057" /><testcase classname="tests.differential.test_patch_radiation" name="test_original_shortwave_boundaries[True-0-step-11]" time="0.057" /><testcase classname="tests.differential.test_patch_radiation" name="test_original_shortwave_boundaries[True-0-step-12]" time="0.056" /><testcase classname="tests.differential.test_patch_radiation" name="test_original_shortwave_boundaries[True-0-step-13]" time="0.057" /><testcase classname="tests.differential.test_patch_radiation" name="test_original_shortwave_boundaries[True-0-step-14]" time="0.057" /><testcase classname="tests.differential.test_patch_radiation" name="test_original_shortwave_boundaries[True-0-step-15]" time="0.057" /><testcase classname="tests.differential.test_patch_radiation" name="test_original_shortwave_boundaries[True-0-step-16]" time="0.058" /><testcase classname="tests.differential.test_patch_radiation" name="test_original_shortwave_boundaries[True-0-step-17]" time="0.057" /><testcase classname="tests.differential.test_patch_radiation" name="test_original_shortwave_boundaries[True-0-step-18]" time="0.057" /><testcase classname="tests.differential.test_patch_radiation" name="test_original_shortwave_boundaries[True-0-step-19]" time="0.058" /><testcase classname="tests.differential.test_patch_radiation" name="test_original_shortwave_boundaries[True-0-step-20]" time="0.057" /><testcase classname="tests.differential.test_patch_radiation" name="test_original_shortwave_boundaries[True-1-step-7]" time="0.067" /><testcase classname="tests.differential.test_patch_radiation" name="test_original_shortwave_boundaries[True-1-step-8]" time="0.067" /><testcase classname="tests.differential.test_patch_radiation" name="test_original_shortwave_boundaries[True-1-step-9]" time="0.066" /><testcase classname="tests.differential.test_patch_radiation" name="test_original_shortwave_boundaries[True-1-step-10]" time="0.065" /><testcase classname="tests.differential.test_patch_radiation" name="test_original_shortwave_boundaries[True-1-step-11]" time="0.066" /><testcase classname="tests.differential.test_patch_radiation" name="test_original_shortwave_boundaries[True-1-step-12]" time="0.068" /><testcase classname="tests.differential.test_patch_radiation" name="test_original_shortwave_boundaries[True-1-step-13]" time="0.066" /><testcase classname="tests.differential.test_patch_radiation" name="test_original_shortwave_boundaries[True-1-step-14]" time="0.066" /><testcase classname="tests.differential.test_patch_radiation" name="test_original_shortwave_boundaries[True-1-step-15]" time="0.066" /><testcase classname="tests.differential.test_patch_radiation" name="test_original_shortwave_boundaries[True-1-step-16]" time="0.065" /><testcase classname="tests.differential.test_patch_radiation" name="test_original_shortwave_boundaries[True-1-step-17]" time="0.068" /><testcase classname="tests.differential.test_patch_radiation" name="test_original_shortwave_boundaries[True-1-step-18]" time="0.068" /><testcase classname="tests.differential.test_patch_radiation" name="test_original_shortwave_boundaries[True-1-step-19]" time="0.067" /><testcase classname="tests.differential.test_patch_radiation" name="test_original_shortwave_boundaries[True-1-step-20]" time="0.067" /><testcase classname="tests.differential.test_patch_radiation" name="test_original_shortwave_boundaries[True-4-step-7]" time="0.068" /><testcase classname="tests.differential.test_patch_radiation" name="test_original_shortwave_boundaries[True-4-step-8]" time="0.068" /><testcase classname="tests.differential.test_patch_radiation" name="test_original_shortwave_boundaries[True-4-step-9]" time="0.067" /><testcase classname="tests.differential.test_patch_radiation" name="test_original_shortwave_boundaries[True-4-step-10]" time="0.066" /><testcase classname="tests.differential.test_patch_radiation" name="test_original_shortwave_boundaries[True-4-step-11]" time="0.067" /><testcase classname="tests.differential.test_patch_radiation" name="test_original_shortwave_boundaries[True-4-step-12]" time="0.067" /><testcase classname="tests.differential.test_patch_radiation" name="test_original_shortwave_boundaries[True-4-step-13]" time="0.066" /><testcase classname="tests.differential.test_patch_radiation" name="test_original_shortwave_boundaries[True-4-step-14]" time="0.067" /><testcase classname="tests.differential.test_patch_radiation" name="test_original_shortwave_boundaries[True-4-step-15]" time="0.069" /><testcase classname="tests.differential.test_patch_radiation" name="test_original_shortwave_boundaries[True-4-step-16]" time="0.068" /><testcase classname="tests.differential.test_patch_radiation" name="test_original_shortwave_boundaries[True-4-step-17]" time="0.067" /><testcase classname="tests.differential.test_patch_radiation" name="test_original_shortwave_boundaries[True-4-step-18]" time="0.070" /><testcase classname="tests.differential.test_patch_radiation" name="test_original_shortwave_boundaries[True-4-step-19]" time="0.071" /><testcase classname="tests.differential.test_patch_radiation" name="test_original_s
[...]
r_decodes_a_full_plane_or_cube[Kside_veg_v2022a-1]" time="0.047" /><testcase classname="tests.differential.test_patch_radiation" name="test_packed_visibility_never_decodes_a_full_plane_or_cube[Kside_veg_v2022a-7]" time="0.017" /><testcase classname="tests.differential.test_patch_radiation" name="test_packed_visibility_never_decodes_a_full_plane_or_cube[Kside_veg_v2022a-128]" time="0.013" /><testcase classname="tests.differential.test_patch_radiation" name="test_packed_visibility_never_decodes_a_full_plane_or_cube[Lcyl_v2022a-1]" time="0.036" /><testcase classname="tests.differential.test_patch_radiation" name="test_packed_visibility_never_decodes_a_full_plane_or_cube[Lcyl_v2022a-7]" time="0.013" /><testcase classname="tests.differential.test_patch_radiation" name="test_packed_visibility_never_decodes_a_full_plane_or_cube[Lcyl_v2022a-128]" time="0.009" /><testcase classname="tests.differential.test_patch_radiation" name="test_unsupported_float64_profile_retains_serial_reference" time="0.023" /><testcase classname="tests.differential.test_patch_radiation" name="test_compiled_patch_parallel_diagnostics" time="0.068" /><testcase classname="tests.differential.test_patch_radiation" name="test_cached_model2_preserves_per_step_coefficient_arithmetic[1]" time="0.004" /><testcase classname="tests.differential.test_patch_radiation" name="test_cached_model2_preserves_per_step_coefficient_arithmetic[2]" time="0.001" /><testcase classname="tests.differential.test_patch_radiation" name="test_cached_model2_preserves_per_step_coefficient_arithmetic[3]" time="0.006" /><testcase classname="tests.differential.test_patch_radiation" name="test_cached_model2_preserves_per_step_coefficient_arithmetic[4]" time="0.011" /><testcase classname="tests.differential.test_patch_radiation" name="test_warm_longwave_uses_cached_bands_and_fixed_cardinal_geometry" time="0.006" /><testcase classname="tests.differential.test_patch_radiation" name="test_every_original_failed_frame_preserves_exception[False-option1-binary-box-python-azimuth-Kside_veg_v2022a]" time="0.003" /><testcase classname="tests.differential.test_patch_radiation" name="test_every_original_failed_frame_preserves_exception[False-option1-binary-longwave-python-solar-Lcyl_v2022a]" time="0.003" /><testcase classname="tests.differential.test_patch_radiation" name="test_every_original_failed_frame_preserves_exception[False-option1-binary-longwave-python-solar-define_patch_characteristics]" time="0.001" /><testcase classname="tests.differential.test_patch_radiation" name="test_every_original_failed_frame_preserves_exception[False-option1-raw-longwave-python-solar-Lcyl_v2022a]" time="0.003" /><testcase classname="tests.differential.test_patch_radiation" name="test_every_original_failed_frame_preserves_exception[False-option1-raw-longwave-python-solar-define_patch_characteristics]" time="0.001" /><testcase classname="tests.differential.test_patch_radiation" name="test_every_original_failed_frame_preserves_exception[False-option2-binary-box-python-azimuth-Kside_veg_v2022a]" time="0.002" /><testcase classname="tests.differential.test_patch_radiation" name="test_every_original_failed_frame_preserves_exception[False-option2-binary-longwave-python-solar-Lcyl_v2022a]" time="0.003" /><testcase classname="tests.differential.test_patch_radiation" name="test_every_original_failed_frame_preserves_exception[False-option2-binary-longwave-python-solar-define_patch_characteristics]" time="0.001" /><testcase classname="tests.differential.test_patch_radiation" name="test_every_original_failed_frame_preserves_exception[False-option2-raw-longwave-python-solar-Lcyl_v2022a]" time="0.003" /><testcase classname="tests.differential.test_patch_radiation" name="test_every_original_failed_frame_preserves_exception[False-option2-raw-longwave-python-solar-define_patch_characteristics]" time="0.001" /><testcase classname="tests.differential.test_patch_radiation" name="test_every_original_failed_frame_preserves_exception[False-option3-binary-box-python-azimuth-Kside_veg_v2022a]" time="0.002" /><testcase classname="tests.differential.test_patch_radiation" name="test_every_original_failed_frame_preserves_exception[False-option3-binary-longwave-python-solar-Lcyl_v2022a]" time="0.004" /><testcase classname="tests.differential.test_patch_radiation" name="test_every_original_failed_frame_preserves_exception[False-option3-binary-longwave-python-solar-define_patch_characteristics]" time="0.001" /><testcase classname="tests.differential.test_patch_radiation" name="test_every_original_failed_frame_preserves_exception[False-option3-raw-longwave-python-solar-Lcyl_v2022a]" time="0.004" /><testcase classname="tests.differential.test_patch_radiation" name="test_every_original_failed_frame_preserves_exception[False-option3-raw-longwave-python-solar-define_patch_characteristics]" time="0.001" /><testcase classname="tests.differential.test_patch_radiation" name="test_every_original_failed_frame_preserves_exception[False-option4-binary-box-python-azimuth-Kside_veg_v2022a]" time="0.002" /><testcase classname="tests.differential.test_patch_radiation" name="test_every_original_failed_frame_preserves_exception[False-option4-binary-longwave-python-solar-Lcyl_v2022a]" time="0.008" /><testcase classname="tests.differential.test_patch_radiation" name="test_every_original_failed_frame_preserves_exception[False-option4-binary-longwave-python-solar-define_patch_characteristics]" time="0.002" /><testcase classname="tests.differential.test_patch_radiation" name="test_every_original_failed_frame_preserves_exception[False-option4-raw-longwave-python-solar-Lcyl_v2022a]" time="0.008" /><testcase classname="tests.differential.test_patch_radiation" name="test_every_original_failed_frame_preserves_exception[False-option4-raw-longwave-python-solar-define_patch_characteristics]" time="0.002" /><testcase classname="tests.differential.test_patch_radiation" name="test_every_original_failed_frame_preserves_exception[True-option1-binary-box-python-azimuth-Kside_veg_v2022a]" time="0.002" /><testcase classname="tests.differential.test_patch_radiation" name="test_every_original_failed_frame_preserves_exception[True-option1-binary-longwave-python-solar-Lcyl_v2022a]" time="0.003" /><testcase classname="tests.differential.test_patch_radiation" name="test_every_original_failed_frame_preserves_exception[True-option1-binary-longwave-python-solar-define_patch_characteristics]" time="0.001" /><testcase classname="tests.differential.test_patch_radiation" name="test_every_original_failed_frame_preserves_exception[True-option1-raw-longwave-python-solar-Lcyl_v2022a]" time="0.003" /><testcase classname="tests.differential.test_patch_radiation" name="test_every_original_failed_frame_preserves_exception[True-option1-raw-longwave-python-solar-define_patch_characteristics]" time="0.002" /><testcase classname="tests.differential.test_patch_radiation" name="test_every_original_failed_frame_preserves_exception[True-option2-binary-box-python-azimuth-Kside_veg_v2022a]" time="0.002" /><testcase classname="tests.differential.test_patch_radiation" name="test_every_original_failed_frame_preserves_exception[True-option2-binary-longwave-python-solar-Lcyl_v2022a]" time="0.003" /><testcase classname="tests.differential.test_patch_radiation" name="test_every_original_failed_frame_preserves_exception[True-option2-binary-longwave-python-solar-define_patch_characteristics]" time="0.001" /><testcase classname="tests.differential.test_patch_radiation" name="test_every_original_failed_frame_preserves_exception[True-option2-raw-longwave-python-solar-Lcyl_v2022a]" time="0.003" /><testcase classname="tests.differential.test_patch_radiation" name="test_every_original_failed_frame_preserves_exception[True-option2-raw-longwave-python-solar-define_patch_characteristics]" time="0.001" /><testcase classname="tests.differential.test_patch_radiation" name="test_every_original_failed_frame_preserves_exception[True-option3-binary-box-python-azimuth-Kside_veg_v2022a]" time="0.002" /><testcase classname="tests.differential.test_patch_radiation" name="test_every_original_failed_frame_preserves_exception[True-option3-binary-longwave-python-solar-Lcyl_v2022a]" time="0.004" /><testcase classname="tests.differential.test_patch_radiation" name="test_every_original_failed_frame_preserves_exception[True-option3-binary-longwave-python-solar-define_patch_characteristics]" time="0.002" /><testcase classname="tests.differential.test_patch_radiation" name="test_every_original_failed_frame_preserves_exception[True-option3-raw-longwave-python-solar-Lcyl_v2022a]" time="0.004" /><testcase classname="tests.differential.test_patch_radiation" name="test_every_original_failed_frame_preserves_exception[True-option3-raw-longwave-python-solar-define_patch_characteristics]" time="0.001" /><testcase classname="tests.differential.test_patch_radiation" name="test_every_original_failed_frame_preserves_exception[True-option4-binary-box-python-azimuth-Kside_veg_v2022a]" time="0.002" /><testcase classname="tests.differential.test_patch_radiation" name="test_every_original_failed_frame_preserves_exception[True-option4-binary-longwave-python-solar-Lcyl_v2022a]" time="0.007" /><testcase classname="tests.differential.test_patch_radiation" name="test_every_original_failed_frame_preserves_exception[True-option4-binary-longwave-python-solar-define_patch_characteristics]" time="0.001" /><testcase classname="tests.differential.test_patch_radiation" name="test_every_original_failed_frame_preserves_exception[True-option4-raw-longwave-python-solar-Lcyl_v2022a]" time="0.007" /><testcase classname="tests.differential.test_patch_radiation" name="test_every_original_failed_frame_preserves_exception[True-option4-raw-longwave-python-solar-define_patch_characteristics]" time="0.002" /><testcase classname="tests.differential.test_patch_radiation" name="test_python_longwave_solar_is_not_rejected_when_night_branch_avoids_tan[Lcyl_v2022a-0.0]" time="0.039" /><testcase classname="tests.differential.test_patch_radiation" name="test_python_longwave_solar_is_not_rejected_when_night_branch_avoids_tan[Lcyl_v2022a--1.0]" time="0.039" /><testcase classname="tests.differential.test_patch_radiation" name="test_python_longwave_solar_is_not_rejected_when_night_branch_avoids_tan[define_patch_characteristics-0.0]" time="0.037" /><testcase classname="tests.differential.test_patch_radiation" name="test_python_longwave_solar_is_not_rejected_when_night_branch_avoids_tan[define_patch_characteristics--1.0]" time="0.036" /><testcase classname="tests.differential.test_patch_radiation" name="test_engine_dispatch_preserves_every_original_failed_frame[option1-binary-box-python-azimuth-Kside_veg_v2022a]" time="0.002" /><testcase classname="tests.differential.test_patch_radiation" name="test_engine_dispatch_preserves_every_original_failed_frame[option1-binary-longwave-python-solar-Lcyl_v2022a]" time="0.003" /><testcase classname="tests.differential.test_patch_radiation" name="test_engine_dispatch_preserves_every_original_failed_frame[option1-binary-longwave-python-solar-define_patch_characteristics]" time="0.001" /><testcase classname="tests.differential.test_patch_radiation" name="test_engine_dispatch_preserves_every_original_failed_frame[option1-raw-longwave-python-solar-Lcyl_v2022a]" time="0.003" /><testcase classname="tests.differential.test_patch_radiation" name="test_engine_dispatch_preserves_every_original_failed_frame[option1-raw-longwave-python-solar-define_patch_characteristics]" time="0.001" /><testcase classname="tests.differential.test_patch_radiation" name="test_engine_dispatch_preserves_every_original_failed_frame[option2-binary-box-python-azimuth-Kside_veg_v2022a]" time="0.001" /><testcase classname="tests.differential.test_patch_radiation" name="test_engine_dispatch_preserves_every_original_failed_frame[option2-binary-longwave-python-solar-Lcyl_v2022a]" time="0.003" /><testcase classname="tests.differential.test_patch_radiation" name="test_engine_dispatch_preserves_every_original_failed_frame[option2-binary-longwave-python-solar-define_patch_characteristics]" time="0.001" /><testcase classname="tests.differential.test_patch_radiation" name="test_engine_dispatch_preserves_every_original_failed_frame[option2-raw-longwave-python-solar-Lcyl_v2022a]" time="0.003" /><testcase classname="tests.differential.test_patch_radiation" name="test_engine_dispatch_preserves_every_original_failed_frame[option2-raw-longwave-python-solar-define_patch_characteristics]" time="0.001" /><testcase classname="tests.differential.test_patch_radiation" name="test_engine_dispatch_preserves_every_original_failed_frame[option3-binary-box-python-azimuth-Kside_veg_v2022a]" time="0.002" /><testcase classname="tests.differential.test_patch_radiation" name="test_engine_dispatch_preserves_every_original_failed_frame[option3-binary-longwave-python-solar-Lcyl_v2022a]" time="0.004" /><testcase classname="tests.differential.test_patch_radiation" name="test_engine_dispatch_preserves_every_original_failed_frame[option3-binary-longwave-python-solar-define_patch_characteristics]" time="0.001" /><testcase classname="tests.differential.test_patch_radiation" name="test_engine_dispatch_preserves_every_original_failed_frame[option3-raw-longwave-python-solar-Lcyl_v2022a]" time="0.004" /><testcase classname="tests.differential.test_patch_radiation" name="test_engine_dispatch_preserves_every_original_failed_frame[option3-raw-longwave-python-solar-define_patch_characteristics]" time="0.001" /><testcase classname="tests.differential.test_patch_radiation" name="test_engine_dispatch_preserves_every_original_failed_frame[option4-binary-box-python-azimuth-Kside_veg_v2022a]" time="0.002" /><testcase classname="tests.differential.test_patch_radiation" name="test_engine_dispatch_preserves_every_original_failed_frame[option4-binary-longwave-python-solar-Lcyl_v2022a]" time="0.007" /><testcase classname="tests.differential.test_patch_radiation" name="test_engine_dispatch_preserves_every_original_failed_frame[option4-binary-longwave-python-solar-define_patch_characteristics]" time="0.001" /><testcase classname="tests.differential.test_patch_radiation" name="test_engine_dispatch_preserves_every_original_failed_frame[option4-raw-longwave-python-solar-Lcyl_v2022a]" time="0.007" /><testcase classname="tests.differential.test_patch_radiation" name="test_engine_dispatch_preserves_every_original_failed_frame[option4-raw-longwave-python-solar-define_patch_characteristics]" time="0.001" /><testcase classname="tests.differential.test_patch_radiation" name="test_native_positive_longwave_solar_with_no_active_patch_uses_reference_order[Lcyl_v2022a]" time="0.002" /><testcase classname="tests.differential.test_patch_radiation" name="test_native_positive_longwave_solar_with_no_active_patch_uses_reference_order[define_patch_characteristics]" time="0.002" /><testcase classname="tests.differential.test_patch_radiation" name="test_python_box_azimuth_with_tensorlike_t_remains_valid" time="0.006" /><testcase classname="tests.differential.test_patch_radiation" name="test_cylinder_python_azimuth_remains_valid" time="0.007" /><testcase classname="tests.unit.test_visibility_blocks" name="test_blocks_bits_and_diff[1-False]" time="0.238" /><testcase classname="tests.unit.test_visibility_blocks" name="test_blocks_bits_and_diff[1-True]" time="0.015" /><testcase classname="tests.unit.test_visibility_blocks" name="test_blocks_bits_and_diff[7-False]" time="0.002" /><testcase classname="tests.unit.test_visibility_blocks" name="test_blocks_bits_and_diff[7-True]" time="0.007" /><testcase classname="tests.unit.test_visibility_blocks" name="test_blocks_bits_and_diff[128-False]" time="0.001" /><testcase classname="tests.unit.test_visibility_blocks" name="test_blocks_bits_and_diff[128-True]" time="0.014" /><testcase classname="tests.unit.test_visibility_blocks" name="test_concurrent_mapped_reads_and_close" time="0.008" /><testcase classname="tests.unit.test_visibility_blocks" name="test_dense_views_and_duck_types" time="0.000" /><testcase classname="tests.unit.test_visibility_blocks" name="test_empty_intervals_and_invalid_ranges" time="0.000" /><testcase classname="tests.unit.test_visibility_blocks" name="test_reserved_ternary_code_preserves_exception" time="0.000" /><testcase classname="tests.unit.test_portable_profile" name="test_profile_identity_is_explicit_complete_and_deterministic" time="0.004" /><testcase classname="tests.unit.test_portable_profile" name="test_runtime_target_changes_fingerprint" time="0.002" /><testcase classname="tests.unit.test_portable_profile" name="test_float32_tan_complete_accepted_domain_and_explicit_fallback" time="0.000" /><testcase classname="tests.unit.test_portable_profile" name="test_float32_tan_wide_fallback_matches_numpy_vector_bits[0]" time="0.003" /><testcase classname="tests.unit.test_portable_profile" name="test_float32_tan_wide_fallback_matches_numpy_vector_bits[2147483648]" time="0.003" /><testcase classname="tests.unit.test_portable_profile" name="test_float32_tan_mixed_strided_scalar_and_nonfinite_dispatch" time="0.002" /><testcase classname="tests.unit.test_portable_profile" name="test_promoted_inputs_preserve_numpy_path_and_layout" time="0.000" /><testcase classname="tests.unit.test_portable_profile" name="test_asvf_invalid_and_nonfinite_masks_match_legacy" time="0.177" /><testcase classname="tests.unit.test_portable_profile" name="test_profile_change_creates_fresh_geometry_generation" time="0.050" /><testcase classname="tests.unit.test_portable_profile" name="test_geometry_manifest_without_profile_is_stale" time="0.067" /><testcase classname="tests.unit.test_portable_profile" name="test_checkpoint_resume_rejects_profile_mismatch" time="0.014" /><testcase classname="tests.unit.test_portable_profile" name="test_checkpoint_without_profile_cannot_resume_profiled_run" time="0.004" /><testcase classname="tests.unit.test_portable_profile" name="test_lowered_helpers_use_explicit_fma_without_fast_flags" time="0.002" /><testcase classname="tests.unit.test_portable_profile" name="test_simulation_identity_embeds_full_profile" time="0.016" /><testcase classname="tests.unit.test_persistent_jit_cache" name="test_serial_and_parallel_arithmetic_bodies_are_identical[_shortwave]" time="0.117" /><testcase classname="tests.unit.test_persistent_jit_cache" name="test_serial_and_parallel_arithmetic_bodies_are_identical[_longwave]" time="0.014" /><testcase classname="tests.unit.test_persistent_jit_cache" name="test_fresh_process_cache_orders_remain_distinct_and_loadable[order0]" time="6.370" /><testcase classname="tests.unit.test_persistent_jit_cache" name="test_fresh_process_cache_orders_remain_distinct_and_loadable[order1]" time="5.976" /><testcase classname="tests.differential.test_pipeline_reference" name="test_chronological_tiff_pipeline[small-False]" time="3.774" /><testcase classname="tests.differential.test_pipeline_reference" name="test_chronological_tiff_pipeline[small-True]" time="0.841" /><testcase classname="tests.differential.test_pipeline_reference" name="test_chronological_tiff_pipeline[raw-True]" time="3.552" /><testcase classname="tests.differential.test_pipeline_reference" name="test_chronological_tiff_pipeline[base-False]" time="0.793" /><testcase classname="tests.differential.test_pipeline_reference" name="test_chronological_tiff_pipeline[uhi-False]" time="0.830" /><testcase classname="tests.differential.test_pipeline_reference" name="test_chronological_tiff_pipeline[landcover-False]" time="1.532" /><testcase classname="tests.differential.test_pipeline_reference" name="test_chronological_tiff_pipeline[landcover_normalized-False]" time="1.527" /><testcase classname="tests.differential.test_pipeline_reference" name="test_chronological_tiff_pipeline[directional-False]" time="0.828" /><testcase classname="tests.differential.test_pipeline_reference" name="test_chronological_tiff_pipeline[legacy_wrapper-False]" time="0.814" /></testsuite></testsuites>