<?xml version="1.0" encoding="utf-8"?><testsuites name="pytest tests"><testsuite name="pytest" errors="0" failures="1" skipped="0" tests="3321" time="228.260" timestamp="2026-09-20T05:25:40.784224-04:00" hostname="COD-MBP16-LOAN2"><testcase classname="tests.unit.test_cli" name="test_all_pinned_flags_defaults_types_and_requirements" time="0.001" /><testcase classname="tests.unit.test_cli" name="test_true_spellings[True0]" time="0.000" /><testcase classname="tests.unit.test_cli" name="test_true_spellings[yes]" time="0.000" /><testcase classname="tests.unit.test_cli" name="test_true_spellings[true]" time="0.000" /><testcase classname="tests.unit.test_cli" name="test_true_spellings[t]" time="0.000" /><testcase classname="tests.unit.test_cli" name="test_true_spellings[1]" time="0.000" /><testcase classname="tests.unit.test_cli" name="test_true_spellings[YES]" time="0.000" /><testcase classname="tests.unit.test_cli" name="test_true_spellings[True1]" time="0.000" /><testcase classname="tests.unit.test_cli" name="test_false_spellings[False0]" time="0.000" /><testcase classname="tests.unit.test_cli" name="test_false_spellings[no]" time="0.000" /><testcase classname="tests.unit.test_cli" name="test_false_spellings[false]" time="0.000" /><testcase classname="tests.unit.test_cli" name="test_false_spellings[f]" time="0.000" /><testcase classname="tests.unit.test_cli" name="test_false_spellings[0]" time="0.000" /><testcase classname="tests.unit.test_cli" name="test_false_spellings[NO]" time="0.000" /><testcase classname="tests.unit.test_cli" name="test_false_spellings[False1]" time="0.000" /><testcase classname="tests.unit.test_cli" name="test_invalid_boolean[]" time="0.000" /><testcase classname="tests.unit.test_cli" name="test_invalid_boolean[on]" time="0.000" /><testcase classname="tests.unit.test_cli" name="test_invalid_boolean[off]" time="0.000" /><testcase classname="tests.unit.test_cli" name="test_invalid_boolean[2]" time="0.000" /><testcase classname="tests.unit.test_cli" name="test_invalid_boolean[ true ]" time="0.000" /><testcase classname="tests.unit.test_cli" name="test_invalid_boolean[y]" time="0.000" /><testcase classname="tests.unit.test_cli" name="test_exact_default_forwarding" time="0.001" /><testcase classname="tests.unit.test_cli" name="test_all_explicit_flag_forwarding" time="0.001" /><testcase classname="tests.unit.test_cli" name="test_roughness_default_tracks_data_folder" time="0.001" /><testcase classname="tests.unit.test_cli" name="test_validation_errors[extra0---own_metfile is required when --use_own_met=True]" time="0.002" /><testcase classname="tests.unit.test_cli" name="test_validation_errors[extra1-File not found: /nonexistent/met.txt]" time="0.001" /><testcase classname="tests.unit.test_cli" name="test_validation_errors[extra2---data_source_type is required when --use_own_met=False]" time="0.001" /><testcase classname="tests.unit.test_cli" name="test_validation_errors[extra3---data_folder is required when --use_own_met=False]" time="0.002" /><testcase classname="tests.unit.test_cli" name="test_validation_errors[extra4-Directory not found: /nonexistent/met]" time="0.002" /><testcase classname="tests.unit.test_cli" name="test_validation_errors[extra5---start and --end are required when using --data_source_type]" time="0.002" /><testcase classname="tests.unit.test_cli" name="test_validation_errors[extra6---era5_z0_find=True requires --data_folder containing data_stream-oper_stepType-instant.nc]" time="0.001" /><testcase classname="tests.unit.test_cli" name="test_version_is_truthful" time="0.001" /><testcase classname="tests.unit.test_compatibility" name="test_installed_forwarding_and_matching_dependency" time="3.677" /><testcase classname="tests.unit.test_compatibility" name="test_optional_workflows_import_without_optional_dependencies[solweig_gpu]" time="0.134" /><testcase classname="tests.unit.test_compatibility" name="test_optional_workflows_import_without_optional_dependencies[solweig_gpu.solweig_gpu]" time="0.076" /><testcase classname="tests.unit.test_compatibility" name="test_installed_legacy_executable_help" time="0.478" /><testcase classname="tests.unit.test_compatibility" name="test_synthetic_upstream_distribution_rejected_before_forwarding[import solweig_gpu]" time="0.063" /><testcase classname="tests.unit.test_compatibility" name="test_synthetic_upstream_distribution_rejected_before_forwarding[from solweig_gpu.solweig_gpu import thermal_comfort]" time="0.063" /><testcase classname="tests.unit.test_compatibility" name="test_synthetic_upstream_distribution_rejected_before_forwarding[from solweig_gpu.cli import main; main()]" time="0.060" /><testcase classname="tests.unit.test_compatibility" name="test_installed_legacy_executable_rejects_synthetic_conflict" time="0.065" /><testcase classname="tests.unit.test_exact_cpu_pairs" name="test_finite_bit_and_special_value_contract" time="0.001" /><testcase classname="tests.unit.test_exact_cpu_pairs" name="test_tiff_comparison_rejects_bit_and_timestamp_changes" time="0.014" /><testcase classname="tests.unit.test_exact_cpu_pairs" name="test_schedule_is_reproducible_balanced_and_preserves_input" time="0.000" /><testcase classname="tests.unit.test_exact_cpu_pairs" name="test_existing_run_is_not_overwritten_even_on_failure" time="0.002" /><testcase classname="tests.unit.test_exact_cpu_pairs" name="test_checkpoint_corruption_and_incomplete_cursor_are_rejected" time="0.007" /><testcase classname="tests.unit.test_exact_cpu_pairs" name="test_monitored_rejects_and_kills_descendant_after_launcher_exit" time="0.206" /><testcase classname="tests.unit.test_exact_cpu_pairs" name="test_monitored_exception_retains_partial_samples_and_cleanup" time="0.017" /><testcase classname="tests.unit.test_exact_cpu_pairs" name="test_successful_worker_timing_excludes_cleanup_scans" time="0.469" /><testcase classname="tests.unit.test_exact_cpu_statistics" name="test_constant_ratio_has_exact_degenerate_enumerated_interval" time="0.004" /><testcase classname="tests.unit.test_exact_cpu_statistics" name="test_pairing_is_preserved_and_three_pairs_are_only_diagnostic" time="0.001" /><testcase classname="tests.unit.test_exact_cpu_statistics" name="test_linear_quantile_interpolates_and_exchange_inverts_geometric_mean" time="0.005" /><testcase classname="tests.unit.test_exact_cpu_statistics" name="test_invalid_observations_are_not_summarized[baseline0-candidate0]" time="0.000" /><testcase classname="tests.unit.test_exact_cpu_statistics" name="test_invalid_observations_are_not_summarized[baseline1-candidate1]" time="0.000" /><testcase classname="tests.unit.test_exact_cpu_statistics" name="test_invalid_observations_are_not_summarized[baseline2-candidate2]" time="0.000" /><testcase classname="tests.unit.test_exact_cpu_statistics" name="test_invalid_observations_are_not_summarized[baseline3-candidate3]" time="0.000" /><testcase classname="tests.unit.test_exact_cpu_statistics" name="test_invalid_observations_are_not_summarized[baseline4-candidate4]" time="0.000" /><testcase classname="tests.unit.test_exact_cpu_statistics" name="test_complete_synthetic_matrix_preserves_sampling_and_scope" time="0.005" /><testcase classname="tests.unit.test_exact_cpu_statistics" name="test_forged_summary_and_pair_order_do_not_replace_frozen_schedule" time="0.004" /><testcase classname="tests.unit.test_exact_cpu_statistics" name="test_corrupt_frozen_schedule_is_rejected[duplicate]" time="0.004" /><testcase classname="tests.unit.test_exact_cpu_statistics" name="test_corrupt_frozen_schedule_is_rejected[missing]" time="0.003" /><testcase classname="tests.unit.test_exact_cpu_statistics" name="test_corrupt_frozen_schedule_is_rejected[order]" time="0.003" /><testcase classname="tests.unit.test_exact_cpu_statistics" name="test_failed_or_incomplete_pair_is_rejected[trial]" time="0.004" /><testcase classname="tests.unit.test_exact_cpu_statistics" name="test_failed_or_incomplete_pair_is_rejected[cache]" time="0.004" /><testcase classname="tests.unit.test_exact_cpu_statistics" name="test_failed_or_incomplete_pair_is_rejected[cleanup]" time="0.004" /><testcase classname="tests.unit.test_exact_cpu_statistics" name="test_failed_or_incomplete_pair_is_rejected[exactness]" time="0.004" /><testcase classname="tests.unit.test_exact_cpu_statistics" name="test_failed_or_incomplete_pair_is_rejected[incomplete]" time="0.004" /><testcase classname="tests.unit.test_exact_cpu_statistics" name="test_failed_or_incomplete_pair_is_rejected[samples]" time="0.004" /><testcase classname="tests.unit.test_exact_cpu_statistics" name="test_original_protocol_byte_binding_is_required" time="0.003" /><testcase classname="tests.unit.test_exact_cpu_statistics" name="test_unsupported_promotion_count_is_rejected" time="0.005" /><testcase classname="tests.unit.test_exact_pipeline_trace" name="test_streamed_encoder_preserves_special_bits_and_strided_order" time="0.001" /><testcase classname="tests.unit.test_exact_pipeline_trace" name="test_scalar_container_types_and_empty_arrays_are_preserved" time="0.000" /><testcase classname="tests.unit.test_exact_pipeline_trace" name="test_capture_hashes_immediately_without_retaining_mutable_fields" time="0.001" /><testcase classname="tests.unit.test_geometry_cache" name="test_fingerprints_content_not_stat" time="0.001" /><testcase classname="tests.unit.test_geometry_cache" name="test_roundtrip_owned_mappings_close" time="0.031" /><testcase classname="tests.unit.test_geometry_cache" name="test_every_declared_dependency_affects_key[input]" time="0.002" /><testcase classname="tests.unit.test_geometry_cache" name="test_every_declared_dependency_affects_key[metadata]" time="0.001" /><testcase classname="tests.unit.test_geometry_cache" name="test_every_declared_dependency_affects_key[nodata]" time="0.001" /><testcase classname="tests.unit.test_geometry_cache" name="test_every_declared_dependency_affects_key[domain]" time="0.001" /><testcase classname="tests.unit.test_geometry_cache" name="test_every_declared_dependency_affects_key[normalization]" time="0.001" /><testcase classname="tests.unit.test_geometry_cache" name="test_every_declared_dependency_affects_key[patches]" time="0.001" /><testcase classname="tests.unit.test_geometry_cache" name="test_every_declared_dependency_affects_key[canopy]" time="0.001" /><testcase classname="tests.unit.test_geometry_cache" name="test_every_declared_dependency_affects_key[trunk]" time="0.001" /><testcase classname="tests.unit.test_geometry_cache" name="test_every_declared_dependency_affects_key[transmission]" time="0.001" /><testcase classname="tests.unit.test_geometry_cache" name="test_every_declared_dependency_affects_key[dtype]" time="0.001" /><testcase classname="tests.unit.test_geometry_cache" name="test_every_declared_dependency_affects_key[implementation]" time="0.001" /><testcase classname="tests.unit.test_geometry_cache" name="test_every_declared_dependency_affects_key[construction]" time="0.001" /><testcase classname="tests.unit.test_geometry_cache" name="test_non_json_identity_rejected[identity0]" time="0.001" /><testcase classname="tests.unit.test_geometry_cache" name="test_non_json_identity_rejected[identity1]" time="0.001" /><testcase classname="tests.unit.test_geometry_cache" name="test_non_json_identity_rejected[identity2]" time="0.001" /><testcase classname="tests.unit.test_geometry_cache" name="test_non_json_identity_rejected[identity3]" time="0.001" /><testcase classname="tests.unit.test_geometry_cache" name="test_invalid_entries_recomputed_and_old_payloads_retained[missing_manifest]" time="0.045" /><testcase classname="tests.unit.test_geometry_cache" name="test_invalid_entries_recomputed_and_old_payloads_retained[bad_json]" time="0.036" /><testcase classname="tests.unit.test_geometry_cache" name="test_invalid_entries_recomputed_and_old_payloads_retained[stale_identity]" time="0.040" /><testcase classname="tests.unit.test_geometry_cache" name="test_invalid_entries_recomputed_and_old_payloads_retained[bad_schema]" time="0.042" /><testcase classname="tests.unit.test_geometry_cache" name="test_invalid_entries_recomputed_and_old_payloads_retained[missing_array]" time="0.036" /><testcase classname="tests.unit.test_geometry_cache" name="test_invalid_entries_recomputed_and_old_payloads_retained[corrupt_array]" time="0.037" /><testcase classname="tests.unit.test_geometry_cache" name="test_invalid_entries_recomputed_and_old_payloads_retained[missing_visibility]" time="0.050" /><testcase classname="tests.unit.test_geometry_cache" name="test_invalid_entries_recomputed_and_old_payloads_retained[corrupt_visibility]" time="0.046" /><testcase classname="tests.unit.test_geometry_cache" name="test_invalid_entries_recomputed_and_old_payloads_retained[missing_native_payload]" time="0.049" /><testcase classname="tests.unit.test_geometry_cache" name="test_interrupted_producer_and_publication" time="0.026" /><testcase classname="tests.unit.test_geometry_cache" name="test_process_lock_single_producer_and_crash_release" time="0.968" /><testcase classname="tests.unit.test_geometry_cache" name="test_original_reference_fields_cache_roundtrip" time="0.463" /><testcase classname="tests.unit.test_geometry_cache" name="test_legacy_explicit_trust_metadata_and_no_modification" time="0.090" /><testcase classname="tests.unit.test_geometry_cache" name="test_invalid_legacy_rejected[zip_extra]" time="0.010" /><testcase classname="tests.unit.test_geometry_cache" name="test_invalid_legacy_rejected[zip_duplicate]" time="0.010" /><testcase classname="tests.unit.test_geometry_cache" name="test_invalid_legacy_rejected[npz_extra]" time="0.021" /><testcase classname="tests.unit.test_geometry_cache" name="test_invalid_legacy_rejected[patch_count]" time="0.020" /><testcase classname="tests.unit.test_geometry_cache" name="test_invalid_legacy_rejected[shape]" time="0.009" /><testcase classname="tests.unit.test_geometry_cache" name="test_invalid_legacy_rejected[geotransform]" time="0.010" /><testcase classname="tests.unit.test_geometry_cache" name="test_invalid_legacy_rejected[projection]" time="0.009" /><testcase classname="tests.unit.test_geometry_cache" name="test_invalid_legacy_rejected[nodata]" time="0.009" /><testcase classname="tests.unit.test_geometry_cache" name="test_invalid_legacy_rejected[total_missing]" time="0.020" /><testcase classname="tests.unit.test_geometry_cache" name="test_invalid_legacy_rejected[total_dtype]" time="0.020" /><testcase classname="tests.unit.test_geometry_cache" name="test_invalid_legacy_rejected[npz_dtype]" time="0.021" /><testcase classname="tests.unit.test_geometry_cache" name="test_threads_single_producer_and_bounded_io" time="0.105" /><testcase classname="tests.unit.test_geometry_cache" name="test_final_publication_failure_keeps_previous_generation" time="0.036" /><testcase classname="tests.unit.test_geometry_cache" name="test_each_zip_tiff_metadata_is_validated[dtype]" time="0.012" /><testcase classname="tests.unit.test_geometry_cache" name="test_each_zip_tiff_metadata_is_validated[nodata]" time="0.011" /><testcase classname="tests.unit.test_geometry_cache" name="test_each_zip_tiff_metadata_is_validated[transform]" time="0.012" /><testcase classname="tests.unit.test_geometry_service" name="test_original_standalone_cold_warm_native_exports" time="0.448" /><testcase classname="tests.unit.test_geometry_service" name="test_unproven_complete_equal_exports_compared_and_preserved[missing]" time="0.309" /><testcase classname="tests.unit.test_geometry_service" name="test_unproven_complete_equal_exports_compared_and_preserved[corrupt]" time="0.327" /><testcase classname="tests.unit.test_geometry_service" name="test_unproven_complete_equal_exports_compared_and_preserved[stale_hash]" time="0.315" /><testcase classname="tests.unit.test_geometry_service" name="test_unproven_complete_equal_exports_compared_and_preserved[stale_identity]" time="0.348" /><testcase classname="tests.unit.test_geometry_service" name="test_changed_content_same_size_mtime_reject_preserve_then_overwrite" time="0.647" /><testcase classname="tests.unit.test_geometry_service" name="test_patch_option_mismatch_rejects_without_modifying_exports" time="0.507" /><testcase classname="tests.unit.test_geometry_service" name="test_corrupt_legacy_preserved_until_explicit_overwrite[zip]" time="0.367" /><testcase classname="tests.unit.test_geometry_service" name="test_corrupt_legacy_preserved_until_explicit_overwrite[npz]" time="0.412" /><testcase classname="tests.unit.test_geometry_service" name="test_corrupt_legacy_preserved_until_explicit_overwrite[total]" time="0.384" /><testcase classname="tests.unit.test_geometry_service" name="test_concurrent_export_owners_single_compute" time="0.307" /><testcase classname="tests.unit.test_geometry_service" name="test_publication_failure_preserves_original_exports[staged_bad]" time="0.273" /><testcase classname="tests.unit.test_geometry_service" name="test_publication_failure_preserves_original_exports[second_replace]" time="0.358" /><testcase classname="tests.unit.test_geometry_service" name="test_publication_failure_preserves_original_exports[manifest_publish]" time="0.355" /><testcase classname="tests.unit.test_geometry_service" name="test_cache_disabled_and_configured_directory" time="0.384" /><testcase classname="tests.unit.test_geometry_service" name="test_legacy_custom_metadata_mismatch_preserved" time="0.447" /><testcase classname="tests.unit.test_geometry_service" name="test_process_destination_lock_single_producer" time="1.740" /><testcase classname="tests.unit.test_geometry_service" name="test_abrupt_mixed_export_generation_not_accepted" time="1.641" /><testcase classname="tests.unit.test_geometry_service" name="test_standalone_owner_excludes_transaction_actual_geometry_publication" time="0.424" /><testcase classname="tests.unit.test_geometry_service" name="test_transaction_owner_excludes_standalone_before_production" time="0.409" /><testcase classname="tests.unit.test_geometry_service" name="test_busy_later_destination_releases_earlier_subset_locks" time="0.245" /><testcase classname="tests.unit.test_geometry_service" name="test_input_mutation_during_producer_refuses_native_and_legacy_publication" time="0.094" /><testcase classname="tests.unit.test_geometry_service" name="test_input_mutation_during_staging_preserves_previous_exports" time="0.349" /><testcase classname="tests.unit.test_geometry_service" name="test_input_mutation_during_identity_capture_refuses_geometry" time="0.020" /><testcase classname="tests.unit.test_geometry_service" name="test_input_mutation_during_replacement_rolls_back_before_manifest" time="0.335" /><testcase classname="tests.unit.test_geometry_service" name="test_geometry_memory_admission_rejects_before_cold_arrays_and_outputs[True]" time="0.003" /><testcase classname="tests.unit.test_geometry_service" name="test_geometry_memory_admission_rejects_before_cold_arrays_and_outputs[False]" time="0.002" /><testcase classname="tests.unit.test_geometry_service" name="test_geometry_admission_uses_requested_patch_count_metadata_paths[1]" time="0.027" /><testcase classname="tests.unit.test_geometry_service" name="test_geometry_admission_uses_requested_patch_count_metadata_paths[2]" time="0.026" /><testcase classname="tests.unit.test_geometry_service" name="test_geometry_admission_uses_requested_patch_count_metadata_paths[3]" time="0.035" /><testcase classname="tests.unit.test_identities" name="test_geometry_identity_content_and_patch_order" time="0.021" /><testcase classname="tests.unit.test_identities" name="test_checkpoint_identity_forcing_date_outputs_and_wind" time="0.054" /><testcase classname="tests.unit.test_identities" name="test_guard_rejects_changed_bytes_with_unchanged_stat" time="0.001" /><testcase classname="tests.unit.test_models" name="test_state_initial_maps_have_independent_ownership" time="0.000" /><testcase classname="tests.unit.test_models" name="test_state_accepts_exact_scalar_array_results_and_releases_old_maps" time="0.000" /><testcase classname="tests.unit.test_models" name="test_output_plan_retains_utci_and_wbgt_dependency" time="0.000" /><testcase classname="tests.unit.test_models" name="test_uniform_forcing_is_scalar_without_conversion" time="0.000" /><testcase classname="tests.unit.test_p7_benchmark_harness" name="test_nodata_identity[None-None-True]" time="0.000" /><testcase classname="tests.unit.test_p7_benchmark_harness" name="test_nodata_identity[None-nan-False]" time="0.000" /><testcase classname="tests.unit.test_p7_benchmark_harness" name="test_nodata_identity[nan-nan-True]" time="0.000" /><testcase classname="tests.unit.test_p7_benchmark_harness" name="test_nodata_identity[nan--9999-False]" time="0.000" /><testcase classname="tests.unit.test_p7_benchmark_harness" name="test_nodata_identity[-9999--9999-True]" time="0.000" /><testcase classname="tests.unit.test_p7_benchmark_harness" name="test_nodata_identity[-9999--9998-False]" time="0.000" /><testcase classname="tests.unit.test_p7_benchmark_harness" name="test_nodata_identity[inf-inf-True]" time="0.000" /><testcase classname="tests.unit.test_p7_benchmark_harness" name="test_nodata_identity[inf--inf-False]" time="0.000" /><testcase classname="tests.unit.test_p7_benchmark_harness" name="test_nan_nodata_masks_and_special_locations" time="0.004" /><testcase classname="tests.unit.test_p7_benchmark_harness" name="test_numeric_tolerance_across_windows_and_worst_coordinate" time="0.008" /><testcase classname="tests.unit.test_p7_benchmark_harness" name="test_relative_tolerance_uses_baseline" time="0.003" /><testcase classname="tests.unit.test_p7_benchmark_harness" name="test_metadata_and_nodata_mismatch" time="0.003" /><testcase classname="tests.unit.test_p7_benchmark_harness" name="test_missing_artifact_and_rule" time="0.002" /><testcase classname="tests.unit.test_p7_benchmark_harness" name="test_accepted_baseline_and_mismatch" time="0.020" /><testcase classname="tests.unit.test_p7_benchmark_harness" name="test_warm_cache_change_or_missing_rejected" time="0.000" /><testcase classname="tests.unit.test_p7_benchmark_harness" name="test_global_eligibility_requires_all_evidence[True-True-True-True]" time="0.000" /><testcase classname="tests.unit.test_p7_benchmark_harness" name="test_global_eligibility_requires_all_evidence[False-True-True-False]" time="0.000" /><testcase classname="tests.unit.test_p7_benchmark_harness" name="test_global_eligibility_requires_all_evidence[True-False-True-False]" time="0.000" /><testcase classname="tests.unit.test_p7_benchmark_harness" name="test_global_eligibility_requires_all_evidence[True-True-False-False]" time="0.000" /><testcase classname="tests.unit.test_p7_benchmark_harness" name="test_valid_repaired_derivation[p7_repaired_p6_baseline]" time="0.138" /><testcase classname="tests.unit.test_p7_benchmark_harness" name="test_valid_repaired_derivation[p7_repaired_p6_baseline_v2]" time="0.115" /><testcase classname="tests.unit.test_p7_benchmark_harness" name="test_repaired_gate_rejects_invalid_packet[p7_repaired_p6_baseline-parent]" time="0.020" /><testcase classname="tests.unit.test_p7_benchmark_harness" name="test_repaired_gate_rejects_invalid_packet[p7_repaired_p6_baseline-changed_file]" time="0.021" /><testcase classname="tests.unit.test_p7_benchmark_harness" name="test_repaired_gate_rejects_invalid_packet[p7_repaired_p6_baseline-repair_hash]" time="0.024" /><testcase classname="tests.unit.test_p7_benchmark_harness" name="test_repaired_gate_rejects_invalid_packet[p7_repaired_p6_baseline-missing_report]" time="0.091" /><testcase classname="tests.unit.test_p7_benchmark_harness" name="test_repaired_gate_rejects_invalid_packet[p7_repaired_p6_baseline-invalid_report]" time="0.095" /><testcase classname="tests.unit.test_p7_benchmark_harness" name="test_repaired_gate_rejects_invalid_packet[p7_repaired_p6_baseline-source_hashes]" time="0.104" /><testcase classname="tests.unit.test_p7_benchmark_harness" name="test_repaired_gate_rejects_invalid_packet[p7_repaired_p6_baseline-missing_case]" time="0.096" /><testcase classname="tests.unit.test_p7_benchmark_harness" name="test_repaired_gate_rejects_invalid_packet[p7_repaired_p6_baseline-missing_boundary]" time="0.096" /><testcase classname="tests.unit.test_p7_benchmark_harness" name="test_repaired_gate_rejects_invalid_packet[p7_repaired_p6_baseline-missing_original]" time="0.089" /><testcase classname="tests.unit.test_p7_benchmark_harness" name="test_repaired_gate_rejects_invalid_packet[p7_repaired_p6_baseline-bad_evidence]" time="0.087" /><testcase classname="tests.unit.test_p7_benchmark_harness" name="test_repaired_gate_rejects_invalid_packet[p7_repaired_p6_baseline-policy_mismatch]" time="0.020" /><testcase classname="tests.unit.test_p7_benchmark_harness" name="test_repaired_gate_rejects_invalid_packet[p7_repaired_p6_baseline-unknown_policy]" time="0.018" /><testcase classname="tests.unit.test_p7_benchmark_harness" name="test_repaired_gate_rejects_invalid_packet[p7_repaired_p6_baseline-missing_geometry]" time="0.086" /><testcase classname="tests.unit.test_p7_benchmark_harness" name="test_repaired_gate_rejects_invalid_packet[p7_repaired_p6_baseline-bad_geometry_hash]" time="0.090" /><testcase classname="tests.unit.test_p7_benchmark_harness" name="test_repaired_gate_rejects_invalid_packet[p7_repaired_p6_baseline-missing_geometry_field]" time="0.090" /><testcase classname="tests.unit.test_p7_benchmark_harness" name="test_repaired_gate_rejects_invalid_packet[p7_repaired_p6_baseline_v2-parent]" time="0.020" /><testcase classname="tests.unit.test_p7_benchmark_harness" name="test_repaired_gate_rejects_invalid_packet[p7_repaired_p6_baseline_v2-changed_file]" time="0.020" /><testcase classname="tests.unit.test_p7_benchmark_harness" name="test_repaired_gate_rejects_invalid_packet[p7_repaired_p6_baseline_v2-repair_hash]" time="0.022" /><testcase classname="tests.unit.test_p7_benchmark_harness" name="test_repaired_gate_rejects_invalid_packet[p7_repaired_p6_baseline_v2-missing_report]" time="0.089" /><testcase classname="tests.unit.test_p7_benchmark_harness" name="test_repaired_gate_rejects_invalid_packet[p7_repaired_p6_baseline_v2-invalid_report]" time="0.088" /><testcase classname="tests.unit.test_p7_benchmark_harness" name="test_repaired_gate_rejects_invalid_packet[p7_repaired_p6_baseline_v2-source_hashes]" time="0.089" /><testcase classname="tests.unit.test_p7_benchmark_harness" name="test_repaired_gate_rejects_invalid_packet[p7_repaired_p6_baseline_v2-missing_case]" time="0.092" /><testcase classname="tests.unit.test_p7_benchmark_harness" name="test_repaired_gate_rejects_invalid_packet[p7_repaired_p6_baseline_v2-missing_boundary]" time="0.086" /><testcase classname="tests.unit.test_p7_benchmark_harness" name="test_repaired_gate_rejects_invalid_packet[p7_repaired_p6_baseline_v2-missing_original]" time="0.100" /><testcase classname="tests.unit.test_p7_benchmark_harness" name="test_repaired_gate_rejects_invalid_packet[p7_repaired_p6_baseline_v2-bad_evidence]" time="0.092" /><testcase classname="tests.unit.test_p7_benchmark_harness" name="test_repaired_gate_rejects_invalid_packet[p7_repaired_p6_baseline_v2-policy_mismatch]" time="0.019" /><testcase classname="tests.unit.test_p7_benchmark_harness" name="test_repaired_gate_rejects_invalid_packet[p7_repaired_p6_baseline_v2-unknown_policy]" time="0.019" /><testcase classname="tests.unit.test_p7_benchmark_harness" name="test_repaired_gate_rejects_invalid_packet[p7_repaired_p6_baseline_v2-missing_geometry]" time="0.088" /><testcase classname="tests.unit.test_p7_benchmark_harness" name="test_repaired_gate_rejects_invalid_packet[p7_repaired_p6_baseline_v2-bad_geometry_hash]" time="0.092" /><testcase classname="tests.unit.test_p7_benchmark_harness" name="test_repaired_gate_rejects_invalid_packet[p7_repaired_p6_baseline_v2-missing_geometry_field]" time="0.087" /><testcase classname="tests.unit.test_p7_benchmark_harness" name="test_svf_repair_requires_its_own_evidence[missing_weights-p7_repaired_p6_baseline_v2]" time="0.111" /><testcase classname="tests.unit.test_p7_benchmark_harness" name="test_svf_repair_requires_its_own_evidence[missing_receiver-p7_repaired_p6_baseline_v2]" time="0.094" /><testcase classname="tests.unit.test_p7_benchmark_harness" name="test_svf_repair_requires_its_own_evidence[bad_weight_evidence-p7_repaired_p6_baseline_v2]" time="0.092" /><testcase classname="tests.unit.test_p7_serial_variant_harness" name="test_schedule_is_seeded_complete_and_sequentially_paired" time="0.001" /><testcase classname="tests.unit.test_p7_serial_variant_harness" name="test_protocol_resolves_every_rule_from_unchanged_comparison_v1" time="0.001" /><testcase classname="tests.unit.test_p7_serial_variant_harness" name="test_full_dry_validation_admits_distinct_candidate_and_two_fixtures" time="0.090" /><testcase classname="tests.unit.test_p7_serial_variant_harness" name="test_execution_requires_review_status_and_bound_harness" time="0.008" /><testcase classname="tests.unit.test_p7_serial_variant_harness" name="test_source_snapshot_is_content_identical_and_read_only" time="0.002" /><testcase classname="tests.unit.test_p7_serial_variant_harness" name="test_prepare_scene_copies_only_declared_raw_inputs" time="0.002" /><testcase classname="tests.unit.test_p7_serial_variant_harness" name="test_run_monitored_executes_command_and_records_process_tree" time="0.044" /><testcase classname="tests.unit.test_p7_serial_variant_harness" name="test_run_monitored_kills_process_tree_over_memory_limit" time="0.009" /><testcase classname="tests.unit.test_p7_serial_variant_harness" name="test_return_code_outcome_and_job_failure_are_all_required" time="0.002" /><testcase classname="tests.unit.test_p7_serial_variant_harness" name="test_child_failure_is_retained_as_job_failure" time="0.002"><failure message="AssertionError: assert 'RuntimeError' == 'AttributeError'&#10;  &#10;  - AttributeError&#10;  + RuntimeError">tmp_path = PosixPath('/Users/alansynn/Workspace/solweig-light/reports/characterization/local_cpu_optimization_v1/qualification/final_combined_v1/tmp/installed_core-v2/test_child_failure_is_retained0')
monkeypatch = &lt;_pytest.monkeypatch.MonkeyPatch object at 0x11ea12750&gt;

    def test_child_failure_is_retained_as_job_failure(tmp_path, monkeypatch):
        monkeypatch.syspath_prepend(str(ROOT / "src"))
        spec = {
            "source": str(ROOT / "src"),
            "process_run": str(tmp_path),
            "entrypoint": "entrypoint_that_does_not_exist",
            "kwargs": {},
            "runtime": {},
        }
        path = tmp_path / "job.spec.json"
        path.write_text(json.dumps(spec))
        assert HARNESS._child(path) == 1
        failure = json.loads((tmp_path / "job.failure.json").read_text())
&gt;       assert failure["exception_type"] == "AttributeError"
E       AssertionError: assert 'RuntimeError' == 'AttributeError'
E         
E         - AttributeError
E         + RuntimeError

tests/unit/test_p7_serial_variant_harness.py:154: AssertionError</failure></testcase><testcase classname="tests.unit.test_p7_serial_variant_harness" name="test_invoked_child_records_outcome_in_its_process_directory[False]" time="0.192" /><testcase classname="tests.unit.test_p7_serial_variant_harness" name="test_invoked_child_records_outcome_in_its_process_directory[True]" time="0.133" /><testcase classname="tests.unit.test_p7_serial_variant_harness" name="test_warm_reset_preserves_geometry_and_removes_only_state" time="0.004" /><testcase classname="tests.unit.test_p7_serial_variant_harness" name="test_cache_proofs_distinguish_first_use_and_retained_warm_state" time="0.000" /><testcase classname="tests.unit.test_p7_serial_variant_harness" name="test_output_schema_requires_exact_ten_fields_and_24_bands" time="0.009" /><testcase classname="tests.unit.test_p7_serial_variant_harness" name="test_setup_only_svf_sidecar_difference_does_not_fail_measured_output_pair" time="0.013" /><testcase classname="tests.unit.test_p7_serial_variant_harness" name="test_any_pair_failure_invalidates_five_pair_subgroup" time="0.000" /><testcase classname="tests.unit.test_p7_serial_variant_harness" name="test_source_fixture_harness_guard_detects_snapshot_change" time="0.005" /><testcase classname="tests.unit.test_patch_classification" name="test_mixed_scalar_masks[0.0-float-float32]" time="0.531" /><testcase classname="tests.unit.test_patch_classification" name="test_mixed_scalar_masks[0.0-float-float64]" time="0.001" /><testcase classname="tests.unit.test_patch_classification" name="test_mixed_scalar_masks[0.0-float32-float32]" time="0.001" /><testcase classname="tests.unit.test_patch_classification" name="test_mixed_scalar_masks[0.0-float32-float64]" time="0.001" /><testcase classname="tests.unit.test_patch_classification" name="test_mixed_scalar_masks[0.0-float64-float32]" time="0.001" /><testcase classname="tests.unit.test_patch_classification" name="test_mixed_scalar_masks[0.0-float64-float64]" time="0.001" /><testcase classname="tests.unit.test_patch_classification" name="test_mixed_scalar_masks[0.0-&lt;lambda&gt;0-float32]" time="0.001" /><testcase classname="tests.unit.test_patch_classification" name="test_mixed_scalar_masks[0.0-&lt;lambda&gt;0-float64]" time="0.001" /><testcase classname="tests.unit.test_patch_classification" name="test_mixed_scalar_masks[0.0-&lt;lambda&gt;1-float32]" time="0.001" /><testcase classname="tests.unit.test_patch_classification" name="test_mixed_scalar_masks[0.0-&lt;lambda&gt;1-float64]" time="0.001" /><testcase classname="tests.unit.test_patch_classification" name="test_mixed_scalar_masks[-0.0-float-float32]" time="0.001" /><testcase classname="tests.unit.test_patch_classification" name="test_mixed_scalar_masks[-0.0-float-float64]" time="0.001" /><testcase classname="tests.unit.test_patch_classification" name="test_mixed_scalar_masks[-0.0-float32-float32]" time="0.001" /><testcase classname="tests.unit.test_patch_classification" name="test_mixed_scalar_masks[-0.0-float32-float64]" time="0.001" /><testcase classname="tests.unit.test_patch_classification" name="test_mixed_scalar_masks[-0.0-float64-float32]" time="0.001" /><testcase classname="tests.unit.test_patch_classification" name="test_mixed_scalar_masks[-0.0-float64-float64]" time="0.001" /><testcase classname="tests.unit.test_patch_classification" name="test_mixed_scalar_masks[-0.0-&lt;lambda&gt;0-float32]" time="0.001" /><testcase classname="tests.unit.test_patch_classification" name="test_mixed_scalar_masks[-0.0-&lt;lambda&gt;0-float64]" time="0.001" /><testcase classname="tests.unit.test_patch_classification" name="test_mixed_scalar_masks[-0.0-&lt;lambda&gt;1-float32]" time="0.001" /><testcase classname="tests.unit.test_patch_classification" name="test_mixed_scalar_masks[-0.0-&lt;lambda&gt;1-float64]" time="0.001" /><testcase classname="tests.unit.test_patch_classification" name="test_mixed_scalar_masks[35.0-float-float32]" time="0.001" /><testcase classname="tests.unit.test_patch_classification" name="test_mixed_scalar_masks[35.0-float-float64]" time="0.001" /><testcase classname="tests.unit.test_patch_classification" name="test_mixed_scalar_masks[35.0-float32-float32]" time="0.001" /><testcase classname="tests.unit.test_patch_classification" name="test_mixed_scalar_masks[35.0-float32-float64]" time="0.001" /><testcase classname="tests.unit.test_patch_classification" name="test_mixed_scalar_masks[35.0-float64-float32]" time="0.001" /><testcase classname="tests.unit.test_patch_classification" name="test_mixed_scalar_masks[35.0-float64-float64]" time="0.001" /><testcase classname="tests.unit.test_patch_classification" name="test_mixed_scalar_masks[35.0-&lt;lambda&gt;0-float32]" time="0.001" /><testcase classname="tests.unit.test_patch_classification" name="test_mixed_scalar_masks[35.0-&lt;lambda&gt;0-float64]" time="0.001" /><testcase classname="tests.unit.test_patch_classification" name="test_mixed_scalar_masks[35.0-&lt;lambda&gt;1-float32]" time="0.001" /><testcase classname="tests.unit.test_patch_classification" name="test_mixed_scalar_masks[35.0-&lt;lambda&gt;1-float64]" time="0.001" /><testcase classname="tests.unit.test_patch_classification" name="test_mixed_scalar_masks[-10.0-float-float32]" time="0.001" /><testcase classname="tests.unit.test_patch_classification" name="test_mixed_scalar_masks[-10.0-float-float64]" time="0.001" /><testcase classname="tests.unit.test_patch_classification" name="test_mixed_scalar_masks[-10.0-float32-float32]" time="0.001" /><testcase classname="tests.unit.test_patch_classification" name="test_mixed_scalar_masks[-10.0-float32-float64]" time="0.001" /><testcase classname="tests.unit.test_patch_classification" name="test_mixed_scalar_masks[-10.0-float64-float32]" time="0.001" /><testcase classname="tests.unit.test_patch_classification" name="test_mixed_scalar_masks[-10.0-float64-float64]" time="0.001" /><testcase classname="tests.unit.test_patch_classification" name="test_mixed_scalar_masks[-10.0-&lt;lambda&gt;0-float32]" time="0.001" /><testcase classname="tests.unit.test_patch_classification" name="test_mixed_scalar_masks[-10.0-&lt;lambda&gt;0-float64]" time="0.001" /><testcase classname="tests.unit.test_patch_classification" name="test_mixed_scalar_masks[-10.0-&lt;lambda&gt;1-float32]" time="0.001" /><testcase classname="tests.unit.test_patch_classification" name="test_mixed_scalar_masks[-10.0-&lt;lambda&gt;1-float64]" time="0.001" /><testcase classname="tests.unit.test_patch_classification" name="test_mixed_scalar_masks[nan-float-float32]" time="0.001" /><testcase classname="tests.unit.test_patch_classification" name="test_mixed_scalar_masks[nan-float-float64]" time="0.001" /><testcase classname="tests.unit.test_patch_classification" name="test_mixed_scalar_masks[nan-float32-float32]" time="0.001" /><testcase classname="tests.unit.test_patch_classification" name="test_mixed_scalar_masks[nan-float32-float64]" time="0.001" /><testcase classname="tests.unit.test_patch_classification" name="test_mixed_scalar_masks[nan-float64-float32]" time="0.001" /><testcase classname="tests.unit.test_patch_classification" name="test_mixed_scalar_masks[nan-float64-float64]" time="0.001" /><testcase classname="tests.unit.test_patch_classification" name="test_mixed_scalar_masks[nan-&lt;lambda&gt;0-float32]" time="0.001" /><testcase classname="tests.unit.test_patch_classification" name="test_mixed_scalar_masks[nan-&lt;lambda&gt;0-float64]" time="0.001" /><testcase classname="tests.unit.test_patch_classification" name="test_mixed_scalar_masks[nan-&lt;lambda&gt;1-float32]" time="0.001" /><testcase classname="tests.unit.test_patch_classification" name="test_mixed_scalar_masks[nan-&lt;lambda&gt;1-float64]" time="0.001" /><testcase classname="tests.unit.test_patch_classification" name="test_scalar_exception_and_inactive_patches" time="0.000" /><testcase classname="tests.unit.test_patch_classification" name="test_strict_equal_boundary" time="0.000" /><testcase classname="tests.unit.test_patch_classification" name="test_exact_nextafter_thresholds[float32-float32]" time="0.001" /><testcase classname="tests.unit.test_patch_classification" name="test_exact_nextafter_thresholds[float32-float64]" time="0.001" /><testcase classname="tests.unit.test_patch_classification" name="test_exact_nextafter_thresholds[float64-float32]" time="0.000" /><testcase classname="tests.unit.test_patch_classification" name="test_exact_nextafter_thresholds[float64-float64]" time="0.000" /><testcase classname="tests.unit.test_persistence" name="test_roundtrip_all_state_types" time="0.007" /><testcase classname="tests.unit.test_persistence" name="test_state_object_rejected" time="0.003" /><testcase classname="tests.unit.test_persistence" name="test_real_outputs_match_default_no_history" time="0.022" /><testcase classname="tests.unit.test_persistence" name="test_recover_replays_uncommitted_band" time="0.025" /><testcase classname="tests.unit.test_persistence" name="test_no_checkpoint_replay_from_start" time="0.023" /><testcase classname="tests.unit.test_persistence" name="test_wrong_identity_and_corrupt_state" time="0.008" /><testcase classname="tests.unit.test_persistence" name="test_corrupt_tiff_rejected[metadata]" time="0.009" /><testcase classname="tests.unit.test_persistence" name="test_corrupt_tiff_rejected[timestamp]" time="0.010" /><testcase classname="tests.unit.test_persistence" name="test_corrupt_tiff_rejected[band]" time="0.009" /><testcase classname="tests.unit.test_persistence" name="test_corrupt_tiff_rejected[nodata]" time="0.008" /><testcase classname="tests.unit.test_persistence" name="test_corrupt_tiff_rejected[mask]" time="0.009" /><testcase classname="tests.unit.test_persistence" name="test_checkpoint_failure_preserves_previous_boundary[flush]" time="0.022" /><testcase classname="tests.unit.test_persistence" name="test_checkpoint_failure_preserves_previous_boundary[state]" time="0.024" /><testcase classname="tests.unit.test_persistence" name="test_checkpoint_failure_preserves_previous_boundary[commit]" time="0.034" /><testcase classname="tests.unit.test_persistence" name="test_failure_between_requested_band_writes" time="0.034" /><testcase classname="tests.unit.test_persistence" name="test_partial_publication_retry_with_svf[first_rename]" time="0.017" /><testcase classname="tests.unit.test_persistence" name="test_partial_publication_retry_with_svf[last_rename]" time="0.019" /><testcase classname="tests.unit.test_persistence" name="test_partial_publication_retry_with_svf[manifest]" time="0.019" /><testcase classname="tests.unit.test_persistence" name="test_competing_destination_owner_and_process_crash" time="0.656" /><testcase classname="tests.unit.test_persistence" name="test_fresh_after_completed_and_incomplete_refused" time="0.024" /><testcase classname="tests.unit.test_persistence" name="test_complete_requires_committed_all_bands_and_corrupt_completion_rejected" time="0.023" /><testcase classname="tests.unit.test_persistence" name="test_nan_python_float_payload_preserved" time="0.004" /><testcase classname="tests.unit.test_persistence" name="test_malformed_checkpoint_rejected[invalid_json]" time="0.007" /><testcase classname="tests.unit.test_persistence" name="test_malformed_checkpoint_rejected[list]" time="0.007" /><testcase classname="tests.unit.test_persistence" name="test_malformed_checkpoint_rejected[staging]" time="0.007" /><testcase classname="tests.unit.test_persistence" name="test_malformed_checkpoint_rejected[cursor]" time="0.006" /><testcase classname="tests.unit.test_persistence" name="test_malformed_checkpoint_rejected[generation]" time="0.007" /><testcase classname="tests.unit.test_persistence" name="test_malformed_checkpoint_rejected[hashes]" time="0.007" /><testcase classname="tests.unit.test_persistence" name="test_cross_filesystem_publication_copy_then_rename" time="0.009" /><testcase classname="tests.unit.test_persistence" name="test_resume_different_transaction_root_cannot_bypass_destination_lock" time="0.003" /><testcase classname="tests.unit.test_persistence" name="test_checkpoint_does_not_retain_live_state_or_output_arrays" time="0.058" /><testcase classname="tests.unit.test_persistence" name="test_error_after_cursor_publication_recovers_new_committed_boundary" time="0.023" /><testcase classname="tests.unit.test_persistence" name="test_completed_resume_checks_identity_and_state_payload" time="0.021" /><testcase classname="tests.unit.test_persistence" name="test_external_geometry_exports_partial_publication_retry" time="0.016" /><testcase classname="tests.unit.test_persistence" name="test_standard_output_folder_has_no_lock_artifacts" time="0.018" /><testcase classname="tests.unit.test_persistence" name="test_shared_external_extra_destination_has_single_owner" time="0.014" /><testcase classname="tests.unit.test_persistence" name="test_long_timeline_keeps_one_state_generation_and_collects_failed_commit" time="0.223" /><testcase classname="tests.unit.test_persistence" name="test_successful_commit_prunes_orphans_without_reopening_writer" time="0.030" /><testcase classname="tests.unit.test_persistent_jit_cache" name="test_serial_and_parallel_arithmetic_bodies_are_identical[_shortwave]" time="0.012" /><testcase classname="tests.unit.test_persistent_jit_cache" name="test_serial_and_parallel_arithmetic_bodies_are_identical[_longwave]" time="0.013" /><testcase classname="tests.unit.test_persistent_jit_cache" name="test_fresh_process_cache_orders_remain_distinct_and_loadable[order0]" time="6.309" /><testcase classname="tests.unit.test_persistent_jit_cache" name="test_fresh_process_cache_orders_remain_distinct_and_loadable[order1]" time="6.099" /><testcase classname="tests.unit.test_pipeline_scalars" name="test_dem_median_lower_middle[values0-2]" time="0.001" /><testcase classname="tests.unit.test_pipeline_scalars" name="test_dem_median_lower_middle[values1--2]" time="0.000" /><testcase classname="tests.unit.test_pipeline_scalars" name="test_dem_median_lower_middle[values2-1]" time="0.000" /><testcase classname="tests.unit.test_pipeline_scalars" name="test_dem_median_lower_middle[values3--inf]" time="0.000" /><testcase classname="tests.unit.test_pipeline_scalars" name="test_any_dem_nan_propagates[0]" time="0.000" /><testcase classname="tests.unit.test_pipeline_scalars" name="test_any_dem_nan_propagates[1]" time="0.000" /><testcase classname="tests.unit.test_pipeline_scalars" name="test_any_dem_nan_propagates[2]" time="0.000" /><testcase classname="tests.unit.test_pipeline_scalars" name="test_any_dem_nan_propagates[3]" time="0.000" /><testcase classname="tests.unit.test_pipeline_scalars" name="test_any_dem_nan_propagates[4]" time="0.000" /><testcase classname="tests.unit.test_pipeline_scalars" name="test_any_dem_nan_propagates[5]" time="0.000" /><testcase classname="tests.unit.test_portable_profile" name="test_profile_identity_is_explicit_complete_and_deterministic" time="0.005" /><testcase classname="tests.unit.test_portable_profile" name="test_runtime_target_changes_fingerprint" time="0.002" /><testcase classname="tests.unit.test_portable_profile" name="test_float32_tan_complete_accepted_domain_and_explicit_fallback" time="0.000" /><testcase classname="tests.unit.test_portable_profile" name="test_float32_tan_wide_fallback_matches_numpy_vector_bits[0]" time="0.004" /><testcase classname="tests.unit.test_portable_profile" name="test_float32_tan_wide_fallback_matches_numpy_vector_bits[2147483648]" time="0.003" /><testcase classname="tests.unit.test_portable_profile" name="test_float32_tan_mixed_strided_scalar_and_nonfinite_dispatch" time="0.002" /><testcase classname="tests.unit.test_portable_profile" name="test_promoted_inputs_preserve_numpy_path_and_layout" time="0.000" /><testcase classname="tests.unit.test_portable_profile" name="test_asvf_invalid_and_nonfinite_masks_match_legacy" time="0.185" /><testcase classname="tests.unit.test_portable_profile" name="test_profile_change_creates_fresh_geometry_generation" time="0.075" /><testcase classname="tests.unit.test_portable_profile" name="test_geometry_manifest_without_profile_is_stale" time="0.037" /><testcase classname="tests.unit.test_portable_profile" name="test_checkpoint_resume_rejects_profile_mismatch" time="0.004" /><testcase classname="tests.unit.test_portable_profile" name="test_checkpoint_without_profile_cannot_resume_profiled_run" time="0.004" /><testcase classname="tests.unit.test_portable_profile" name="test_lowered_helpers_use_explicit_fma_without_fast_flags" time="0.002" /><testcase classname="tests.unit.test_portable_profile" name="test_simulation_identity_embeds_full_profile" time="0.013" /><testcase classname="tests.unit.test_public_api" name="test_public_argument_contract[thermal_comfort]" time="0.000" /><testcase classname="tests.unit.test_public_api" name="test_public_argument_contract[preprocess]" time="0.000" /><testcase classname="tests.unit.test_public_api" name="test_public_argument_contract[run_walls_aspect]" time="0.000" /><testcase classname="tests.unit.test_public_api" name="test_public_argument_contract[calculate_svf]" time="0.000" /><testcase classname="tests.unit.test_public_api" name="test_public_argument_contract[run_utci_tiles]" time="0.000" /><testcase classname="tests.unit.test_public_api" name="test_public_argument_contract[build_inputs]" time="0.000" /><testcase classname="tests.unit.test_public_api" name="test_public_argument_contract[build_wind_ext_coeff]" time="0.000" /><testcase classname="tests.unit.test_runtime" name="test_options_are_frozen_and_scoped" time="0.000" /><testcase classname="tests.unit.test_runtime" name="test_contexts_are_isolated_between_threads" time="0.001" /><testcase classname="tests.unit.test_runtime" name="test_positive_integer_validation[workers]" time="0.000" /><testcase classname="tests.unit.test_runtime" name="test_positive_integer_validation[threads_per_worker]" time="0.000" /><testcase classname="tests.unit.test_runtime" name="test_positive_integer_validation[block_pixels]" time="0.000" /><testcase classname="tests.unit.test_runtime" name="test_positive_integer_validation[checkpoint_interval]" time="0.000" /><testcase classname="tests.unit.test_runtime" name="test_cache_policy_and_cpu_validation" time="0.000" /><testcase classname="tests.unit.test_runtime" name="test_cgroup_resource_readers_are_fixture_injectable" time="0.003" /><testcase classname="tests.unit.test_runtime" name="test_cgroup_discovery_uses_nested_path_and_ancestor_minimum" time="0.003" /><testcase classname="tests.unit.test_runtime" name="test_hybrid_mounts_match_only_the_controlling_v1_hierarchy" time="0.003" /><testcase classname="tests.unit.test_runtime" name="test_memory_headroom_uses_current_and_exhausted_ancestor" time="0.003" /><testcase classname="tests.unit.test_runtime" name="test_zero_memory_limit_is_exhausted[memory.max-memory.current]" time="0.002" /><testcase classname="tests.unit.test_runtime" name="test_zero_memory_limit_is_exhausted[memory.limit_in_bytes-memory.usage_in_bytes]" time="0.002" /><testcase classname="tests.unit.test_runtime" name="test_estimate_components_are_monotonic" time="0.000" /><testcase classname="tests.unit.test_runtime" name="test_memory_inventory_accounts_full_planes_and_dtype64_reserve" time="0.000" /><testcase classname="tests.unit.test_runtime" name="test_admission_reduces_workers_and_rejects_oversized_jobs" time="0.000" /><testcase classname="tests.unit.test_runtime" name="test_subprocess_scheduler_sets_child_threads_and_cleans_failures" time="0.135" /><testcase classname="tests.unit.test_runtime" name="test_keyboard_interrupt_reaps_live_children" time="0.045" /><testcase classname="tests.unit.test_runtime" name="test_subprocess_known_failures_restore_types_and_crash_is_generic" time="0.166" /><testcase classname="tests.unit.test_visibility" name="test_binary_ternary_and_raw_partial_boundaries[128-shape0]" time="0.001" /><testcase classname="tests.unit.test_visibility" name="test_binary_ternary_and_raw_partial_boundaries[128-shape1]" time="0.001" /><testcase classname="tests.unit.test_visibility" name="test_binary_ternary_and_raw_partial_boundaries[128-shape2]" time="0.003" /><testcase classname="tests.unit.test_visibility" name="test_binary_ternary_and_raw_partial_boundaries[128-shape3]" time="0.012" /><testcase classname="tests.unit.test_visibility" name="test_binary_ternary_and_raw_partial_boundaries[256-shape0]" time="0.001" /><testcase classname="tests.unit.test_visibility" name="test_binary_ternary_and_raw_partial_boundaries[256-shape1]" time="0.001" /><testcase classname="tests.unit.test_visibility" name="test_binary_ternary_and_raw_partial_boundaries[256-shape2]" time="0.003" /><testcase classname="tests.unit.test_visibility" name="test_binary_ternary_and_raw_partial_boundaries[256-shape3]" time="0.010" /><testcase classname="tests.unit.test_visibility" name="test_binary_ternary_and_raw_partial_boundaries[1024-shape0]" time="0.001" /><testcase classname="tests.unit.test_visibility" name="test_binary_ternary_and_raw_partial_boundaries[1024-shape1]" time="0.001" /><testcase classname="tests.unit.test_visibility" name="test_binary_ternary_and_raw_partial_boundaries[1024-shape2]" time="0.003" /><testcase classname="tests.unit.test_visibility" name="test_binary_ternary_and_raw_partial_boundaries[1024-shape3]" time="0.010" /><testcase classname="tests.unit.test_visibility" name="test_known_codebooks_are_exact_uint32_and_packed_storage" time="0.000" /><testcase classname="tests.unit.test_visibility" name="test_builder_releases_completed_plane_and_freezes_order" time="0.054" /><testcase classname="tests.unit.test_visibility" name="test_implicit_dense_and_patch_slice_requests_fail" time="0.000" /><testcase classname="tests.unit.test_visibility" name="test_lazy_diff_preserves_original_float32_operation_order" time="0.001" /><testcase classname="tests.unit.test_visibility" name="test_big_endian_source_bit_patterns_are_lossless" time="0.001" /><testcase classname="tests.unit.test_visibility" name="test_streamed_npz_exact_member_bits_schema_and_chunk_budget[5-128]" time="0.033" /><testcase classname="tests.unit.test_visibility" name="test_streamed_npz_exact_member_bits_schema_and_chunk_budget[5-256]" time="0.022" /><testcase classname="tests.unit.test_visibility" name="test_streamed_npz_exact_member_bits_schema_and_chunk_budget[5-1024]" time="0.019" /><testcase classname="tests.unit.test_visibility" name="test_streamed_npz_exact_member_bits_schema_and_chunk_budget[5-4096]" time="0.017" /><testcase classname="tests.unit.test_visibility" name="test_streamed_npz_exact_member_bits_schema_and_chunk_budget[41-128]" time="0.073" /><testcase classname="tests.unit.test_visibility" name="test_streamed_npz_exact_member_bits_schema_and_chunk_budget[41-256]" time="0.045" /><testcase classname="tests.unit.test_visibility" name="test_streamed_npz_exact_member_bits_schema_and_chunk_budget[41-1024]" time="0.025" /><testcase classname="tests.unit.test_visibility" name="test_streamed_npz_exact_member_bits_schema_and_chunk_budget[41-4096]" time="0.018" /><testcase classname="tests.unit.test_visibility" name="test_concurrent_distinct_tile_exports_and_imports" time="0.022" /><testcase classname="tests.unit.test_visibility" name="test_interrupted_export_keeps_previous_file_and_cleans_temporary" time="0.002" /><testcase classname="tests.unit.test_visibility" name="test_original_legacy_npz_import_and_bit_roundtrip" time="2.134" /><testcase classname="tests.unit.test_visibility" name="test_empty_shapes_roundtrip[shape0]" time="0.020" /><testcase classname="tests.unit.test_visibility" name="test_empty_shapes_roundtrip[shape1]" time="0.017" /><testcase classname="tests.unit.test_visibility" name="test_empty_shapes_roundtrip[shape2]" time="0.016" /><testcase classname="tests.unit.test_visibility" name="test_input_validation" time="0.001" /><testcase classname="tests.unit.test_visibility_blocks" name="test_blocks_bits_and_diff[1-False]" time="0.736" /><testcase classname="tests.unit.test_visibility_blocks" name="test_blocks_bits_and_diff[1-True]" time="0.012" /><testcase classname="tests.unit.test_visibility_blocks" name="test_blocks_bits_and_diff[7-False]" time="0.002" /><testcase classname="tests.unit.test_visibility_blocks" name="test_blocks_bits_and_diff[7-True]" time="0.008" /><testcase classname="tests.unit.test_visibility_blocks" name="test_blocks_bits_and_diff[128-False]" time="0.001" /><testcase classname="tests.unit.test_visibility_blocks" name="test_blocks_bits_and_diff[128-True]" time="0.007" /><testcase classname="tests.unit.test_visibility_blocks" name="test_concurrent_mapped_reads_and_close" time="0.007" /><testcase classname="tests.unit.test_visibility_blocks" name="test_dense_views_and_duck_types" time="0.000" /><testcase classname="tests.unit.test_visibility_blocks" name="test_empty_intervals_and_invalid_ranges" time="0.000" /><testcase classname="tests.unit.test_visibility_blocks" name="test_reserved_ternary_code_preserves_exception" time="0.000" /><testcase classname="tests.unit.test_visibility_native" name="test_roundtrip_lifetime_and_legacy" time="0.025" /><testcase classname="tests.unit.test_visibility_native" name="test_boundaries[shape0]" time="0.007" /><testcase classname="tests.unit.test_visibility_native" name="test_boundaries[shape1]" time="0.007" /><testcase classname="tests.unit.test_visibility_native" name="test_boundaries[shape2]" time="0.006" /><testcase classname="tests.unit.test_visibility_native" name="test_boundaries[shape3]" time="0.006" /><testcase classname="tests.unit.test_visibility_native" name="test_boundaries[shape4]" time="0.006" /><testcase classname="tests.unit.test_visibility_native" name="test_boundaries[shape5]" time="0.007" /><testcase classname="tests.unit.test_visibility_native" name="test_boundaries[shape6]" time="0.006" /><testcase classname="tests.unit.test_visibility_native" name="test_bad_metadata[&lt;lambda&gt;0]" time="0.002" /><testcase classname="tests.unit.test_visibility_native" name="test_bad_metadata[&lt;lambda&gt;1]" time="0.002" /><testcase classname="tests.unit.test_visibility_native" name="test_bad_metadata[&lt;lambda&gt;2]" time="0.002" /><testcase classname="tests.unit.test_visibility_native" name="test_bad_metadata[&lt;lambda&gt;3]" time="0.002" /><testcase classname="tests.unit.test_visibility_native" name="test_bad_metadata[&lt;lambda&gt;4]" time="0.002" /><testcase classname="tests.unit.test_visibility_native" name="test_bad_metadata[&lt;lambda&gt;5]" time="0.002" /><testcase classname="tests.unit.test_visibility_native" name="test_bad_metadata[&lt;lambda&gt;6]" time="0.002" /><testcase classname="tests.unit.test_visibility_native" name="test_bad_metadata[&lt;lambda&gt;7]" time="0.002" /><testcase classname="tests.unit.test_visibility_native" name="test_corruption[digest]" time="0.002" /><testcase classname="tests.unit.test_visibility_native" name="test_corruption[truncate]" time="0.002" /><testcase classname="tests.unit.test_visibility_native" name="test_corruption[missing]" time="0.001" /><testcase classname="tests.unit.test_visibility_native" name="test_corruption[reserved]" time="0.007" /><testcase classname="tests.unit.test_visibility_native" name="test_corruption[padding]" time="0.006" /><testcase classname="tests.unit.test_visibility_native" name="test_atomic_failure_and_concurrent_tiles" time="0.008" /><testcase classname="tests.unit.test_visibility_native" name="test_bounded_hash_reads" time="0.006" /><testcase classname="tests.unit.test_visibility_native" name="test_random_bits_and_concurrent_close" time="0.007" /><testcase classname="tests.differential.test_comfort_reference" name="test_utci_original_rasters[base]" time="0.026" /><testcase classname="tests.differential.test_comfort_reference" name="test_utci_original_rasters[uhi]" time="0.023" /><testcase classname="tests.differential.test_comfort_reference" name="test_utci_original_rasters[landcover]" time="0.023" /><testcase classname="tests.differential.test_comfort_reference" name="test_utci_original_rasters[landcover_normalized]" time="0.023" /><testcase classname="tests.differential.test_comfort_reference" name="test_utci_original_rasters[directional]" time="0.023" /><testcase classname="tests.differential.test_comfort_reference" name="test_utci_original_rasters[legacy_direct]" time="0.023" /><testcase classname="tests.differential.test_comfort_reference" name="test_utci_original_rasters[legacy_wrapper]" time="0.023" /><testcase classname="tests.differential.test_comfort_reference" name="test_wbgt_original_rasters[base]" time="0.005" /><testcase classname="tests.differential.test_comfort_reference" name="test_wbgt_original_rasters[uhi]" time="0.004" /><testcase classname="tests.differential.test_comfort_reference" name="test_wbgt_original_rasters[landcover]" time="0.004" /><testcase classname="tests.differential.test_comfort_reference" name="test_wbgt_original_rasters[landcover_normalized]" time="0.004" /><testcase classname="tests.differential.test_comfort_reference" name="test_wbgt_original_rasters[directional]" time="0.004" /><testcase classname="tests.differential.test_comfort_reference" name="test_wbgt_original_rasters[legacy_direct]" time="0.004" /><testcase classname="tests.differential.test_comfort_reference" name="test_wbgt_original_rasters[legacy_wrapper]" time="0.004" /><testcase classname="tests.differential.test_comfort_reference" name="test_solar_original_captured_forcing" time="0.039" /><testcase classname="tests.differential.test_comfort_reference" name="test_utci_sentinel_and_nan_policy" time="0.001" /><testcase classname="tests.differential.test_comfort_reference" name="test_material_current_value_lookup_collision_is_preserved" time="0.000" /><testcase classname="tests.differential.test_comfort_reference" name="test_explicit_utci_polynomial_matches_original_expression_checksum" time="0.009" /><testcase classname="tests.differential.test_delay_reference" name="test_original_delay_thresholds[case-000]" time="0.002" /><testcase classname="tests.differential.test_delay_reference" name="test_original_delay_thresholds[case-001]" time="0.001" /><testcase classname="tests.differential.test_delay_reference" name="test_original_delay_thresholds[case-002]" time="0.001" /><testcase classname="tests.differential.test_delay_reference" name="test_original_delay_thresholds[case-003]" time="0.001" /><testcase classname="tests.differential.test_delay_reference" name="test_original_delay_thresholds[case-004]" time="0.001" /><testcase classname="tests.differential.test_delay_reference" name="test_original_delay_thresholds[case-005]" time="0.001" /><testcase classname="tests.differential.test_delay_reference" name="test_original_delay_thresholds[case-006]" time="0.001" /><testcase classname="tests.differential.test_delay_reference" name="test_original_delay_thresholds[case-007]" time="0.001" /><testcase classname="tests.differential.test_delay_reference" name="test_original_delay_thresholds[case-008]" time="0.001" /><testcase classname="tests.differential.test_delay_reference" name="test_original_delay_thresholds[case-009]" time="0.001" /><testcase classname="tests.differential.test_delay_reference" name="test_original_delay_thresholds[case-010]" time="0.001" /><testcase classname="tests.differential.test_delay_reference" name="test_original_delay_thresholds[case-011]" time="0.001" /><testcase classname="tests.differential.test_delay_reference" name="test_original_delay_thresholds[case-012]" time="0.001" /><testcase classname="tests.differential.test_delay_reference" name="test_original_delay_thresholds[case-013]" time="0.001" /><testcase classname="tests.differential.test_delay_reference" name="test_original_delay_thresholds[case-014]" time="0.001" /><testcase classname="tests.differential.test_delay_reference" name="test_original_delay_thresholds[case-015]" time="0.001" /><testcase classname="tests.differential.test_delay_reference" name="test_original_delay_thresholds[case-016]" time="0.001" /><testcase classname="tests.differential.test_delay_reference" name="test_original_delay_thresholds[case-017]" time="0.001" /><testcase classname="tests.differential.test_delay_reference" name="test_original_delay_thresholds[case-018]" time="0.001" /><testcase classname="tests.differential.test_delay_reference" name="test_original_delay_thresholds[case-019]" time="0.001" /><testcase classname="tests.differential.test_delay_reference" name="test_original_delay_thresholds[case-020]" time="0.001" /><testcase classname="tests.differential.test_delay_reference" name="test_original_delay_thresholds[case-021]" time="0.001" /><testcase classname="tests.differential.test_delay_reference" name="test_original_delay_thresholds[case-022]" time="0.001" /><testcase classname="tests.differential.test_delay_reference" name="test_original_delay_thresholds[case-023]" time="0.001" /><testcase classname="tests.differential.test_delay_reference" name="test_original_delay_thresholds[case-024]" time="0.001" /><testcase classname="tests.differential.test_delay_reference" name="test_original_delay_thresholds[case-025]" time="0.001" /><testcase classname="tests.differential.test_delay_reference" name="test_original_delay_thresholds[case-026]" time="0.001" /><testcase classname="tests.differential.test_delay_reference" name="test_original_delay_thresholds[case-027]" time="0.001" /><testcase classname="tests.differential.test_delay_reference" name="test_original_delay_thresholds[case-028]" time="0.001" /><testcase classname="tests.differential.test_delay_reference" name="test_original_delay_thresholds[case-029]" time="0.001" /><testcase classname="tests.differential.test_delay_reference" name="test_original_delay_thresholds[case-030]" time="0.001" /><testcase classname="tests.differential.test_delay_reference" name="test_original_delay_thresholds[case-031]" time="0.001" /><testcase classname="tests.differential.test_delay_reference" name="test_original_delay_thresholds[case-032]" time="0.001" /><testcase classname="tests.differential.test_delay_reference" name="test_original_delay_thresholds[case-033]" time="0.001" /><testcase classname="tests.differential.test_delay_reference" name="test_original_delay_thresholds[case-034]" time="0.001" /><testcase classname="tests.differential.test_delay_reference" name="test_original_delay_thresholds[case-035]" time="0.001" /><testcase classname="tests.differential.test_delay_reference" name="test_original_delay_thresholds[case-036]" time="0.001" /><testcase classname="tests.differential.test_delay_reference" name="test_original_delay_thresholds[case-037]" time="0.001" /><testcase classname="tests.differential.test_delay_reference" name="test_original_delay_thresholds[case-038]" time="0.001" /><testcase classname="tests.differential.test_delay_reference" name="test_original_delay_thresholds[case-039]" time="0.001" /><testcase classname="tests.differential.test_geometry_reference" name="test_original_geometry[patch_option_1]" time="0.001" /><testcase classname="tests.differential.test_geometry_reference" name="test_original_geometry[patch_option_2]" time="0.001" /><testcase classname="tests.differential.test_geometry_reference" name="test_original_geometry[patch_option_3]" time="0.001" /><testcase classname="tests.differential.test_geometry_reference" name="test_original_geometry[patch_option_4]" time="0.002" /><testcase classname="tests.differential.test_geometry_reference" name="test_original_geometry[float32_flat_normal]" time="0.001" /><testcase classname="tests.differential.test_geometry_reference" name="test_original_geometry[float32_flat_north]" time="0.001" /><testcase classname="tests.differential.test_geometry_reference" name="test_original_geometry[float32_flat_near_north]" time="0.001" /><testcase classname="tests.differential.test_geometry_reference" name="test_original_geometry[float32_flat_east]" time="0.001" /><testcase classname="tests.differential.test_geometry_reference" name="test_original_geometry[float32_flat_near_east]" time="0.001" /><testcase classname="tests.differential.test_geometry_reference" name="test_original_geometry[float32_flat_south]" time="0.001" /><testcase classname="tests.differential.test_geometry_reference" name="test_original_geometry[float32_flat_west]" time="0.001" /><testcase classname="tests.differential.test_geometry_reference" name="test_original_geometry[float32_flat_zenith]" time="0.001" /><testcase classname="tests.differential.test_geometry_reference" name="test_original_geometry[float32_flat_short_ray]" time="0.001" /><testcase classname="tests.differential.test_geometry_reference" name="test_original_geometry[float32_flat_low]" time="0.001" /><testcase classname="tests.differential.test_geometry_reference" name="test_original_geometry[float32_block_normal]" time="0.001" /><testcase classname="tests.differential.test_geometry_reference" name="test_original_geometry[float32_block_north]" time="0.001" /><testcase classname="tests.differential.test_geometry_reference" name="test_original_geometry[float32_block_near_north]" time="0.001" /><testcase classname="tests.differential.test_geometry_reference" name="test_original_geometry[float32_block_east]" time="0.001" /><testcase classname="tests.differential.test_geometry_reference" name="test_original_geometry[float32_block_near_east]" time="0.001" /><testcase classname="tests.differential.test_geometry_reference" name="test_original_geometry[float32_block_south]" time="0.001" /><testcase classname="tests.differential.test_geometry_reference" name="test_original_geometry[float32_block_west]" time="0.001" /><testcase classname="tests.differential.test_geometry_reference" name="test_original_geometry[float32_block_zenith]" time="0.001" /><testcase classname="tests.differential.test_geometry_reference" name="test_original_geometry[float32_block_short_ray]" time="0.001" /><testcase classname="tests.differential.test_geometry_reference" name="test_original_geometry[float32_block_low]" time="0.001" /><testcase classname="tests.differential.test_geometry_reference" name="test_original_geometry[float32_tree_normal]" time="0.001" /><testcase classname="tests.differential.test_geometry_reference" name="test_original_geometry[float32_tree_north]" time="0.001" /><testcase classname="tests.differential.test_geometry_reference" name="test_original_geometry[float32_tree_near_north]" time="0.001" /><testcase classname="tests.differential.test_geometry_reference" name="test_original_geometry[float32_tree_east]" time="0.001" /><testcase classname="tests.differential.test_geometry_reference" name="test_original_geometry[float32_tree_near_east]" time="0.001" /><testcase classname="tests.differential.test_geometry_reference" name="test_original_geometry[float32_tree_south]" time="0.001" /><testcase classname="tests.differential.test_geometry_reference" name="test_original_geometry[float32_tree_west]" time="0.001" /><testcase classname="tests.differential.test_geometry_reference" name="test_original_geometry[float32_tree_zenith]" time="0.001" /><testcase classname="tests.differential.test_geometry_reference" name="test_original_geometry[float32_tree_short_ray]" time="0.001" /><testcase classname="tests.differential.test_geometry_reference" name="test_original_geometry[float32_tree_low]" time="0.001" /><testcase classname="tests.differential.test_geometry_reference" name="test_original_geometry[float32_trunk_normal]" time="0.001" /><testcase classname="tests.differential.test_geometry_reference" name="test_original_geometry[float32_trunk_north]" time="0.001" /><testcase classname="tests.differential.test_geometry_reference" name="test_original_geometry[float32_trunk_near_north]" time="0.001" /><testcase classname="tests.differential.test_geometry_reference" name="test_original_geometry[float32_trunk_east]" time="0.001" /><testcase classname="tests.differential.test_geometry_reference" name="test_original_geometry[float32_trunk_near_east]" time="0.001" /><testcase classname="tests.differential.test_geometry_reference" name="test_original_geometry[float32_trunk_south]" time="0.001" /><testcase classname="tests.differential.test_geometry_reference" name="test_original_geometry[float32_trunk_west]" time="0.001" /><testcase classname="tests.differential.test_geometry_reference" name="test_original_geometry[float32_trunk_zenith]" time="0.001" /><testcase classname="tests.differential.test_geometry_reference" name="test_original_geometry[float32_trunk_short_ray]" time="0.001" /><testcase classname="tests.differential.test_geometry_reference" name="test_original_geometry[float32_trunk_low]" time="0.001" /><testcase classname="tests.differential.test_geometry_reference" name="test_original_geometry[float32_bush_normal]" time="1.086" /><testcase classname="tests.differential.test_geometry_reference" name="test_original_geometry[float32_bush_north]" time="0.002" /><testcase classname="tests.differential.test_geometry_reference" name="test_original_geometry[float32_bush_near_north]" time="0.001" /><testcase classname="tests.differential.test_geometry_reference" name="test_original_geometry[float32_bush_east]" time="0.001" /><testcase classname="tests.differential.test_geometry_reference" name="test_original_geometry[float32_bush_near_east]" time="0.002" /><testcase classname="tests.differential.test_geometry_reference" name="test_original_geometry[float32_bush_south]" time="0.001" /><testcase classname="tests.differential.test_geometry_reference" name="test_original_geometry[float32_bush_west]" time="0.001" /><testcase classname="tests.differential.test_geometry_reference" name="test_original_geometry[float32_bush_zenith]" time="0.001" /><testcase classname="tests.differential.test_geometry_reference" name="test_original_geometry[float32_bush_short_ray]" time="0.001" /><testcase classname="tests.differential.test_geometry_reference" name="test_original_geometry[float32_bush_low]" time="0.001" /><testcase classname="tests.differential.test_geometry_reference" name="test_original_geometry[float32_negative_normal]" time="0.001" /><testcase classname="tests.differential.test_geometry_reference" name="test_original_geometry[float32_negative_north]" time="0.001" /><testcase classname="tests.differential.test_geometry_reference" name="test_original_geometry[float32_negative_near_north]" time="0.001" /><testcase classname="tests.differential.test_geometry_reference" name="test_original_geometry[float32_negative_east]" time="0.001" /><testcase classname="tests.differential.test_geometry_reference" name="test_original_geometry[float32_negative_near_east]" time="0.001" /><testcase classname="tests.differential.test_geometry_reference" name="test_original_geometry[float32_negative_south]" time="0.001" /><testcase classname="tests.differential.test_geometry_reference" name="test_original_geometry[float32_negative_west]" time="0.001" /><testcase classname="tests.differential.test_geometry_reference" name="test_original_geometry[float32_negative_zenith]" time="0.001" /><testcase classname="tests.differential.test_geometry_reference" name="test_original_geometry[float32_negative_short_ray]" time="0.001" /><testcase classname="tests.differential.test_geometry_reference" name="test_original_geometry[float32_negative_low]" time="0.001" /><testcase classname="tests.differential.test_geometry_reference" name="test_original_geometry[float32_negative_signed_bound]" time="0.001" /><testcase classname="tests.differential.test_geometry_reference" name="test_original_geometry[float64_flat_normal]" time="0.290" /><testcase classname="tests.differential.test_geometry_reference" name="test_original_geometry[float64_flat_north]" time="0.002" /><testcase classname="tests.differential.test_geometry_reference" name="test_original_geometry[float64_flat_near_north]" time="0.001" /><testcase classname="tests.differential.test_geometry_reference" name="test_original_geometry[float64_flat_east]" time="0.001" /><testcase classname="tests.differential.test_geometry_reference" name="test_original_geometry[float64_flat_near_east]" time="0.001" /><testcase classname="tests.differential.test_geometry_reference" name="test_original_geometry[float64_flat_south]" time="0.002" /><testcase classname="tests.differential.test_geometry_reference" name="test_original_geometry[float64_flat_west]" time="0.001" /><testcase classname="tests.differential.test_geometry_reference" name="test_original_geometry[float64_flat_zenith]" time="0.001" /><testcase classname="tests.differential.test_geometry_reference" name="test_original_geometry[float64_flat_short_ray]" time="0.001" /><testcase classname="tests.differential.test_geometry_reference" name="test_original_geometry[float64_flat_low]" time="0.001" /><testcase classname="tests.differential.test_geometry_reference" name="test_original_geometry[float64_block_normal]" time="0.001" /><testcase classname="tests.differential.test_geometry_reference" name="test_original_geometry[float64_block_north]" time="0.001" /><testcase classname="tests.differential.test_geometry_reference" name="test_original_geometry[float64_block_near_north]" time="0.001" /><testcase classname="tests.differential.test_geometry_reference" name="test_original_geometry[float64_block_east]" time="0.001" /><testcase classname="tests.differential.test_geometry_reference" name="test_original_geometry[float64_block_near_east]" time="0.001" /><testcase classname="tests.differential.test_geometry_reference" name="test_original_geometry[float64_block_south]" time="0.001" /><testcase classname="tests.differential.test_geometry_reference" name="test_original_geometry[float64_block_west]" time="0.001" /><testcase classname="tests.differential.test_geometry_reference" name="test_original_geometry[float64_block_zenith]" time="0.001" /><testcase classname="tests.differential.test_geometry_reference" name="test_original_geometry[float64_block_short_ray]" time="0.001" /><testcase classname="tests.differential.test_geometry_reference" name="test_original_geometry[float64_block_low]" time="0.001" /><testcase classname="tests.differential.test_geometry_reference" name="test_original_geometry[float64_tree_normal]" time="0.001" /><testcase classname="tests.differential.test_geometry_reference" name="test_original_geometry[float64_tree_north]" time="0.001" /><testcase classname="tests.differential.test_geometry_reference" name="test_original_geometry[float64_tree_near_north]" time="0.001" /><testcase classname="tests.differential.test_geometry_reference" name="test_original_geometry[float64_tree_east]" time="0.001" /><testcase classname="tests.differential.test_geometry_reference" name="test_original_geometry[float64_tree_near_east]" time="0.001" /><testcase classname="tests.differential.test_geometry_reference" name="test_original_geometry[float64_tree_south]" time="0.001" /><testcase classname="tests.differential.test_geometry_reference" name="test_original_geometry[float64_tree_west]" time="0.001" /><testcase classname="tests.differential.test_geometry_reference" name="test_original_geometry[float64_tree_zenith]" time="0.001" /><testcase classname="tests.differential.test_geometry_reference" name="test_original_geometry[float64_tree_short_ray]" time="0.001" /><testcase classname="tests.differential.test_geometry_reference" name="test_original_geometry[float64_tree_low]" time="0.001" /><testcase classname="tests.differential.test_geometry_reference" name="test_original_geometry[float64_trunk_normal]" time="0.001" /><testcase classname="tests.differential.test_geometry_reference" name="test_original_geometry[float64_trunk_north]" time="0.001" /><testcase classname="tests.differential.test_geometry_reference" name="test_original_geometry[float64_trunk_near_north]" time="0.001" /><testcase classname="tests.differential.test_geometry_reference" name="test_original_geometry[float64_trunk_east]" time="0.001" /><testcase classname="tests.differential.test_geometry_reference" name="test_original_geometry[float64_trunk_near_east]" time="0.001" /><testcase classname="tests.differential.test_geometry_reference" name="test_original_geometry[float64_trunk_south]" time="0.001" /><testcase classname="tests.differential.test_geometry_reference" name="test_original_geometry[float64_trunk_west]" time="0.001" /><testcase classname="tests.differential.test_geometry_reference" name="test_original_geometry[float64_trunk_zenith]" time="0.002" /><testcase classname="tests.differential.test_geometry_reference" name="test_original_geometry[float64_trunk_short_ray]" time="0.001" /><testcase classname="tests.differential.test_geometry_reference" name="test_original_geometry[float64_trunk_low]" time="0.001" /><testcase classname="tests.differential.test_geometry_reference" name="test_original_geometry[float64_bush_normal]" time="1.112" /><testcase classname="tests.differential.test_geometry_reference" name="test_original_geometry[float64_bush_north]" time="0.002" /><testcase classname="tests.differential.test_geometry_reference" name="tes
[...]
est_unthresholded_signed_zero_cross_reduction[10-float64]" time="0.009" /><testcase classname="tests.integration.test_runtime_pipeline" name="test_real_pipeline_execution_controls[32-1]" time="3.042" /><testcase classname="tests.integration.test_runtime_pipeline" name="test_real_pipeline_execution_controls[128-2]" time="2.560" /><testcase classname="tests.integration.test_runtime_pipeline" name="test_real_pipeline_execution_controls[509-1]" time="2.497" /><testcase classname="tests.integration.test_runtime_pipeline" name="test_real_pipeline_resumes_committed_state[committed-False]" time="0.878" /><testcase classname="tests.integration.test_runtime_pipeline" name="test_real_pipeline_resumes_committed_state[committed-True]" time="0.905" /><testcase classname="tests.integration.test_runtime_pipeline" name="test_real_pipeline_resumes_committed_state[uncommitted-False]" time="0.881" /><testcase classname="tests.integration.test_runtime_pipeline" name="test_real_pipeline_resumes_committed_state[uncommitted-True]" time="0.951" /><testcase classname="tests.integration.test_runtime_pipeline" name="test_real_multiple_tile_workers" time="2.742" /><testcase classname="tests.integration.test_runtime_pipeline" name="test_long_timeline_releases_raster_outputs" time="3.829" /><testcase classname="tests.integration.test_runtime_pipeline" name="test_changed_input_cannot_publish_geometry[read]" time="0.068" /><testcase classname="tests.integration.test_runtime_pipeline" name="test_changed_input_cannot_publish_geometry[geometry]" time="0.130" /><testcase classname="tests.scientific.test_geometry_analytic" name="test_isolated_building_four_adjacent_wall_heights[float32]" time="0.169" /><testcase classname="tests.scientific.test_geometry_analytic" name="test_isolated_building_four_adjacent_wall_heights[float64]" time="0.155" /><testcase classname="tests.scientific.test_geometry_analytic" name="test_cardinal_shadow_length_and_obstacle_monotonicity[90-delta0-float32]" time="0.001" /><testcase classname="tests.scientific.test_geometry_analytic" name="test_cardinal_shadow_length_and_obstacle_monotonicity[90-delta0-float64]" time="0.001" /><testcase classname="tests.scientific.test_geometry_analytic" name="test_cardinal_shadow_length_and_obstacle_monotonicity[270-delta1-float32]" time="0.001" /><testcase classname="tests.scientific.test_geometry_analytic" name="test_cardinal_shadow_length_and_obstacle_monotonicity[270-delta1-float64]" time="0.001" /><testcase classname="tests.scientific.test_geometry_analytic" name="test_cardinal_shadow_length_and_obstacle_monotonicity[180-delta2-float32]" time="0.001" /><testcase classname="tests.scientific.test_geometry_analytic" name="test_cardinal_shadow_length_and_obstacle_monotonicity[180-delta2-float64]" time="0.001" /><testcase classname="tests.scientific.test_geometry_analytic" name="test_cardinal_shadow_length_and_obstacle_monotonicity[0-delta3-float32]" time="0.000" /><testcase classname="tests.scientific.test_geometry_analytic" name="test_cardinal_shadow_length_and_obstacle_monotonicity[0-delta3-float64]" time="0.001" /><testcase classname="tests.scientific.test_geometry_analytic" name="test_unobstructed_nonzenith_sky_is_visible[35.0-15.0-float32]" time="0.000" /><testcase classname="tests.scientific.test_geometry_analytic" name="test_unobstructed_nonzenith_sky_is_visible[35.0-15.0-float64]" time="0.000" /><testcase classname="tests.scientific.test_geometry_analytic" name="test_unobstructed_nonzenith_sky_is_visible[125.0-35.0-float32]" time="0.000" /><testcase classname="tests.scientific.test_geometry_analytic" name="test_unobstructed_nonzenith_sky_is_visible[125.0-35.0-float64]" time="0.000" /><testcase classname="tests.scientific.test_geometry_analytic" name="test_unobstructed_nonzenith_sky_is_visible[215.0-70.0-float32]" time="0.000" /><testcase classname="tests.scientific.test_geometry_analytic" name="test_unobstructed_nonzenith_sky_is_visible[215.0-70.0-float64]" time="0.000" /><testcase classname="reports.characterization.local_cpu_optimization_v1.integration_tests.tests.differential.test_ground_view_dispatch_exact" name="test_active_ground_view_modules_share_installed_package_origin" time="0.000" /><testcase classname="reports.characterization.local_cpu_optimization_v1.integration_tests.tests.differential.test_ground_view_dispatch_exact" name="test_dispatch_preserves_every_field_mutation_and_error[budget-1-gvf_water]" time="0.015"><properties><property name="requested_threads" value="1" /><property name="effective_threads" value="1" /></properties></testcase><testcase classname="reports.characterization.local_cpu_optimization_v1.integration_tests.tests.differential.test_ground_view_dispatch_exact" name="test_dispatch_preserves_every_field_mutation_and_error[budget-1-gvf_nan_buildings]" time="0.013"><properties><property name="requested_threads" value="1" /><property name="effective_threads" value="1" /></properties></testcase><testcase classname="reports.characterization.local_cpu_optimization_v1.integration_tests.tests.differential.test_ground_view_dispatch_exact" name="test_dispatch_preserves_every_field_mutation_and_error[budget-1-gvf_nan_shadow]" time="0.014"><properties><property name="requested_threads" value="1" /><property name="effective_threads" value="1" /></properties></testcase><testcase classname="reports.characterization.local_cpu_optimization_v1.integration_tests.tests.differential.test_ground_view_dispatch_exact" name="test_dispatch_preserves_every_field_mutation_and_error[budget-1-gvf_nan_temperature]" time="0.013"><properties><property name="requested_threads" value="1" /><property name="effective_threads" value="1" /></properties></testcase><testcase classname="reports.characterization.local_cpu_optimization_v1.integration_tests.tests.differential.test_ground_view_dispatch_exact" name="test_dispatch_preserves_every_field_mutation_and_error[budget-1-gvf_nonbinary]" time="0.013"><properties><property name="requested_threads" value="1" /><property name="effective_threads" value="1" /></properties></testcase><testcase classname="reports.characterization.local_cpu_optimization_v1.integration_tests.tests.differential.test_ground_view_dispatch_exact" name="test_dispatch_preserves_every_field_mutation_and_error[budget-1-gvf_rounding_half]" time="0.014"><properties><property name="requested_threads" value="1" /><property name="effective_threads" value="1" /></properties></testcase><testcase classname="reports.characterization.local_cpu_optimization_v1.integration_tests.tests.differential.test_ground_view_dispatch_exact" name="test_dispatch_preserves_every_field_mutation_and_error[budget-1-gvf_rounding_scale]" time="0.013"><properties><property name="requested_threads" value="1" /><property name="effective_threads" value="1" /></properties></testcase><testcase classname="reports.characterization.local_cpu_optimization_v1.integration_tests.tests.differential.test_ground_view_dispatch_exact" name="test_dispatch_preserves_every_field_mutation_and_error[budget-1-gvf_beyond_raster]" time="0.005"><properties><property name="requested_threads" value="1" /><property name="effective_threads" value="1" /></properties></testcase><testcase classname="reports.characterization.local_cpu_optimization_v1.integration_tests.tests.differential.test_ground_view_dispatch_exact" name="test_dispatch_preserves_every_field_mutation_and_error[budget-1-gvf_zero_distance]" time="0.004"><properties><property name="requested_threads" value="1" /><property name="effective_threads" value="1" /></properties></testcase><testcase classname="reports.characterization.local_cpu_optimization_v1.integration_tests.tests.differential.test_ground_view_dispatch_exact" name="test_dispatch_preserves_every_field_mutation_and_error[budget-1-gvf_float64]" time="0.040"><properties><property name="requested_threads" value="1" /><property name="effective_threads" value="1" /></properties></testcase><testcase classname="reports.characterization.local_cpu_optimization_v1.integration_tests.tests.differential.test_ground_view_dispatch_exact" name="test_dispatch_preserves_every_field_mutation_and_error[budget-4-gvf_water]" time="0.016"><properties><property name="requested_threads" value="4" /><property name="effective_threads" value="4" /></properties></testcase><testcase classname="reports.characterization.local_cpu_optimization_v1.integration_tests.tests.differential.test_ground_view_dispatch_exact" name="test_dispatch_preserves_every_field_mutation_and_error[budget-4-gvf_nan_buildings]" time="0.014"><properties><property name="requested_threads" value="4" /><property name="effective_threads" value="4" /></properties></testcase><testcase classname="reports.characterization.local_cpu_optimization_v1.integration_tests.tests.differential.test_ground_view_dispatch_exact" name="test_dispatch_preserves_every_field_mutation_and_error[budget-4-gvf_nan_shadow]" time="0.014"><properties><property name="requested_threads" value="4" /><property name="effective_threads" value="4" /></properties></testcase><testcase classname="reports.characterization.local_cpu_optimization_v1.integration_tests.tests.differential.test_ground_view_dispatch_exact" name="test_dispatch_preserves_every_field_mutation_and_error[budget-4-gvf_nan_temperature]" time="0.014"><properties><property name="requested_threads" value="4" /><property name="effective_threads" value="4" /></properties></testcase><testcase classname="reports.characterization.local_cpu_optimization_v1.integration_tests.tests.differential.test_ground_view_dispatch_exact" name="test_dispatch_preserves_every_field_mutation_and_error[budget-4-gvf_nonbinary]" time="0.014"><properties><property name="requested_threads" value="4" /><property name="effective_threads" value="4" /></properties></testcase><testcase classname="reports.characterization.local_cpu_optimization_v1.integration_tests.tests.differential.test_ground_view_dispatch_exact" name="test_dispatch_preserves_every_field_mutation_and_error[budget-4-gvf_rounding_half]" time="0.015"><properties><property name="requested_threads" value="4" /><property name="effective_threads" value="4" /></properties></testcase><testcase classname="reports.characterization.local_cpu_optimization_v1.integration_tests.tests.differential.test_ground_view_dispatch_exact" name="test_dispatch_preserves_every_field_mutation_and_error[budget-4-gvf_rounding_scale]" time="0.015"><properties><property name="requested_threads" value="4" /><property name="effective_threads" value="4" /></properties></testcase><testcase classname="reports.characterization.local_cpu_optimization_v1.integration_tests.tests.differential.test_ground_view_dispatch_exact" name="test_dispatch_preserves_every_field_mutation_and_error[budget-4-gvf_beyond_raster]" time="0.005"><properties><property name="requested_threads" value="4" /><property name="effective_threads" value="4" /></properties></testcase><testcase classname="reports.characterization.local_cpu_optimization_v1.integration_tests.tests.differential.test_ground_view_dispatch_exact" name="test_dispatch_preserves_every_field_mutation_and_error[budget-4-gvf_zero_distance]" time="0.004"><properties><property name="requested_threads" value="4" /><property name="effective_threads" value="4" /></properties></testcase><testcase classname="reports.characterization.local_cpu_optimization_v1.integration_tests.tests.differential.test_ground_view_dispatch_exact" name="test_dispatch_preserves_every_field_mutation_and_error[budget-4-gvf_float64]" time="0.039"><properties><property name="requested_threads" value="4" /><property name="effective_threads" value="4" /></properties></testcase><testcase classname="reports.characterization.local_cpu_optimization_v1.integration_tests.tests.differential.test_ground_view_dispatch_exact" name="test_dispatch_preserves_every_field_mutation_and_error[budget-10-gvf_water]" time="0.016"><properties><property name="requested_threads" value="10" /><property name="effective_threads" value="10" /></properties></testcase><testcase classname="reports.characterization.local_cpu_optimization_v1.integration_tests.tests.differential.test_ground_view_dispatch_exact" name="test_dispatch_preserves_every_field_mutation_and_error[budget-10-gvf_nan_buildings]" time="0.015"><properties><property name="requested_threads" value="10" /><property name="effective_threads" value="10" /></properties></testcase><testcase classname="reports.characterization.local_cpu_optimization_v1.integration_tests.tests.differential.test_ground_view_dispatch_exact" name="test_dispatch_preserves_every_field_mutation_and_error[budget-10-gvf_nan_shadow]" time="0.014"><properties><property name="requested_threads" value="10" /><property name="effective_threads" value="10" /></properties></testcase><testcase classname="reports.characterization.local_cpu_optimization_v1.integration_tests.tests.differential.test_ground_view_dispatch_exact" name="test_dispatch_preserves_every_field_mutation_and_error[budget-10-gvf_nan_temperature]" time="0.014"><properties><property name="requested_threads" value="10" /><property name="effective_threads" value="10" /></properties></testcase><testcase classname="reports.characterization.local_cpu_optimization_v1.integration_tests.tests.differential.test_ground_view_dispatch_exact" name="test_dispatch_preserves_every_field_mutation_and_error[budget-10-gvf_nonbinary]" time="0.014"><properties><property name="requested_threads" value="10" /><property name="effective_threads" value="10" /></properties></testcase><testcase classname="reports.characterization.local_cpu_optimization_v1.integration_tests.tests.differential.test_ground_view_dispatch_exact" name="test_dispatch_preserves_every_field_mutation_and_error[budget-10-gvf_rounding_half]" time="0.014"><properties><property name="requested_threads" value="10" /><property name="effective_threads" value="10" /></properties></testcase><testcase classname="reports.characterization.local_cpu_optimization_v1.integration_tests.tests.differential.test_ground_view_dispatch_exact" name="test_dispatch_preserves_every_field_mutation_and_error[budget-10-gvf_rounding_scale]" time="0.014"><properties><property name="requested_threads" value="10" /><property name="effective_threads" value="10" /></properties></testcase><testcase classname="reports.characterization.local_cpu_optimization_v1.integration_tests.tests.differential.test_ground_view_dispatch_exact" name="test_dispatch_preserves_every_field_mutation_and_error[budget-10-gvf_beyond_raster]" time="0.004"><properties><property name="requested_threads" value="10" /><property name="effective_threads" value="10" /></properties></testcase><testcase classname="reports.characterization.local_cpu_optimization_v1.integration_tests.tests.differential.test_ground_view_dispatch_exact" name="test_dispatch_preserves_every_field_mutation_and_error[budget-10-gvf_zero_distance]" time="0.004"><properties><property name="requested_threads" value="10" /><property name="effective_threads" value="10" /></properties></testcase><testcase classname="reports.characterization.local_cpu_optimization_v1.integration_tests.tests.differential.test_ground_view_dispatch_exact" name="test_dispatch_preserves_every_field_mutation_and_error[budget-10-gvf_float64]" time="0.039"><properties><property name="requested_threads" value="10" /><property name="effective_threads" value="10" /></properties></testcase><testcase classname="reports.characterization.local_cpu_optimization_v1.integration_tests.tests.unit.test_duplicate_visibility_decode" name="test_active_visibility_modules_share_installed_package_origin" time="0.000" /><testcase classname="reports.characterization.local_cpu_optimization_v1.integration_tests.tests.unit.test_duplicate_visibility_decode" name="test_shared_lazy_leaves_preserve_bits_and_shadow[False]" time="0.001" /><testcase classname="reports.characterization.local_cpu_optimization_v1.integration_tests.tests.unit.test_duplicate_visibility_decode" name="test_shared_lazy_leaves_preserve_bits_and_shadow[True]" time="0.015" /><testcase classname="reports.characterization.local_cpu_optimization_v1.integration_tests.tests.unit.test_duplicate_visibility_decode" name="test_independent_and_different_diffuse_inputs_fall_back" time="0.001" /><testcase classname="reports.characterization.local_cpu_optimization_v1.integration_tests.tests.unit.test_duplicate_visibility_decode" name="test_reserved_shadow_precedes_closed_vegetation_owner" time="0.008" /><testcase classname="reports.characterization.local_cpu_optimization_v1.integration_tests.tests.unit.test_duplicate_visibility_decode" name="test_intervening_duck_close_is_observed_at_lazy_read" time="0.013" /><testcase classname="reports.characterization.local_cpu_optimization_v1.integration_tests.tests.unit.test_duplicate_visibility_decode" name="test_subclasses_force_original_fourth_read[leaf]" time="0.000" /><testcase classname="reports.characterization.local_cpu_optimization_v1.integration_tests.tests.unit.test_duplicate_visibility_decode" name="test_subclasses_force_original_fourth_read[lazy]" time="0.000" /><testcase classname="reports.characterization.local_cpu_optimization_v1.integration_tests.tests.unit.test_duplicate_visibility_decode" name="test_shared_path_retains_range_validation" time="0.000" /><testcase classname="reports.characterization.local_cpu_optimization_v1.integration_tests.tests.unit.test_exact_persistent_jit_cache" name="test_cache_modules_share_active_installed_package_origin" time="0.000" /><testcase classname="reports.characterization.local_cpu_optimization_v1.integration_tests.tests.unit.test_exact_persistent_jit_cache" name="test_wall_serial_definitions_are_independent_and_body_identical" time="0.027" /><testcase classname="reports.characterization.local_cpu_optimization_v1.integration_tests.tests.unit.test_exact_persistent_jit_cache" name="test_classifier_helpers_match_canonical_bodies_and_decorators" time="0.010" /><testcase classname="reports.characterization.local_cpu_optimization_v1.integration_tests.tests.unit.test_exact_persistent_jit_cache" name="test_cache_identity_helper_is_metadata_only_and_profiled" time="0.001" /><testcase classname="reports.characterization.local_cpu_optimization_v1.integration_tests.tests.unit.test_exact_persistent_jit_cache" name="test_wall_cold_warm_orders_are_exact_and_cache_only_serial[serial-first]" time="5.904" /><testcase classname="reports.characterization.local_cpu_optimization_v1.integration_tests.tests.unit.test_exact_persistent_jit_cache" name="test_wall_cold_warm_orders_are_exact_and_cache_only_serial[parallel-first]" time="5.752" /><testcase classname="reports.characterization.local_cpu_optimization_v1.integration_tests.tests.unit.test_exact_persistent_jit_cache" name="test_math_cold_warm_cache_preserves_fma_fallback_and_profile" time="1.878" /><testcase classname="reports.characterization.local_cpu_optimization_v1.integration_tests.tests.unit.test_exact_persistent_jit_cache" name="test_wall_namespace_rejects_same_stamp_stale_cache[defining-module]" time="9.577" /><testcase classname="reports.characterization.local_cpu_optimization_v1.integration_tests.tests.unit.test_exact_persistent_jit_cache" name="test_wall_namespace_rejects_same_stamp_stale_cache[namespace-helper]" time="9.407" /><testcase classname="reports.characterization.local_cpu_optimization_v1.integration_tests.tests.unit.test_exact_persistent_jit_cache" name="test_math_namespace_rejects_same_stamp_stale_cache[acos-module]" time="3.356" /><testcase classname="reports.characterization.local_cpu_optimization_v1.integration_tests.tests.unit.test_exact_persistent_jit_cache" name="test_math_namespace_rejects_same_stamp_stale_cache[classifier-module]" time="3.603" /><testcase classname="reports.characterization.local_cpu_optimization_v1.integration_tests.tests.unit.test_exact_persistent_jit_cache" name="test_math_namespace_rejects_same_stamp_stale_cache[shared-helper]" time="3.875" /></testsuite></testsuites>