<?xml version="1.0" encoding="utf-8"?><testsuites name="pytest tests"><testsuite name="pytest" errors="0" failures="0" skipped="0" tests="92" time="11.909" timestamp="2026-09-19T16:20:25.188640-04:00" hostname="COD-MBP16-LOAN2"><testcase classname="tests.unit.test_visibility" name="test_binary_ternary_and_raw_partial_boundaries[128-shape0]" time="0.002" /><testcase classname="tests.unit.test_visibility" name="test_binary_ternary_and_raw_partial_boundaries[128-shape1]" time="0.001" /><testcase classname="tests.unit.test_visibility" name="test_binary_ternary_and_raw_partial_boundaries[128-shape2]" time="0.004" /><testcase classname="tests.unit.test_visibility" name="test_binary_ternary_and_raw_partial_boundaries[128-shape3]" time="0.011" /><testcase classname="tests.unit.test_visibility" name="test_binary_ternary_and_raw_partial_boundaries[256-shape0]" time="0.001" /><testcase classname="tests.unit.test_visibility" name="test_binary_ternary_and_raw_partial_boundaries[256-shape1]" time="0.001" /><testcase classname="tests.unit.test_visibility" name="test_binary_ternary_and_raw_partial_boundaries[256-shape2]" time="0.004" /><testcase classname="tests.unit.test_visibility" name="test_binary_ternary_and_raw_partial_boundaries[256-shape3]" time="0.011" /><testcase classname="tests.unit.test_visibility" name="test_binary_ternary_and_raw_partial_boundaries[1024-shape0]" time="0.001" /><testcase classname="tests.unit.test_visibility" name="test_binary_ternary_and_raw_partial_boundaries[1024-shape1]" time="0.001" /><testcase classname="tests.unit.test_visibility" name="test_binary_ternary_and_raw_partial_boundaries[1024-shape2]" time="0.004" /><testcase classname="tests.unit.test_visibility" name="test_binary_ternary_and_raw_partial_boundaries[1024-shape3]" time="0.010" /><testcase classname="tests.unit.test_visibility" name="test_known_codebooks_are_exact_uint32_and_packed_storage" time="0.000" /><testcase classname="tests.unit.test_visibility" name="test_builder_releases_completed_plane_and_freezes_order" time="0.014" /><testcase classname="tests.unit.test_visibility" name="test_implicit_dense_and_patch_slice_requests_fail" time="0.000" /><testcase classname="tests.unit.test_visibility" name="test_lazy_diff_preserves_original_float32_operation_order" time="0.001" /><testcase classname="tests.unit.test_visibility" name="test_big_endian_source_bit_patterns_are_lossless" time="0.000" /><testcase classname="tests.unit.test_visibility" name="test_streamed_npz_exact_member_bits_schema_and_chunk_budget[5-128]" time="0.056" /><testcase classname="tests.unit.test_visibility" name="test_streamed_npz_exact_member_bits_schema_and_chunk_budget[5-256]" time="0.023" /><testcase classname="tests.unit.test_visibility" name="test_streamed_npz_exact_member_bits_schema_and_chunk_budget[5-1024]" time="0.017" /><testcase classname="tests.unit.test_visibility" name="test_streamed_npz_exact_member_bits_schema_and_chunk_budget[5-4096]" time="0.019" /><testcase classname="tests.unit.test_visibility" name="test_streamed_npz_exact_member_bits_schema_and_chunk_budget[41-128]" time="0.076" /><testcase classname="tests.unit.test_visibility" name="test_streamed_npz_exact_member_bits_schema_and_chunk_budget[41-256]" time="0.046" /><testcase classname="tests.unit.test_visibility" name="test_streamed_npz_exact_member_bits_schema_and_chunk_budget[41-1024]" time="0.027" /><testcase classname="tests.unit.test_visibility" name="test_streamed_npz_exact_member_bits_schema_and_chunk_budget[41-4096]" time="0.023" /><testcase classname="tests.unit.test_visibility" name="test_concurrent_distinct_tile_exports_and_imports" time="0.027" /><testcase classname="tests.unit.test_visibility" name="test_interrupted_export_keeps_previous_file_and_cleans_temporary" time="0.002" /><testcase classname="tests.unit.test_visibility" name="test_original_legacy_npz_import_and_bit_roundtrip" time="2.172" /><testcase classname="tests.unit.test_visibility" name="test_empty_shapes_roundtrip[shape0]" time="0.017" /><testcase classname="tests.unit.test_visibility" name="test_empty_shapes_roundtrip[shape1]" time="0.016" /><testcase classname="tests.unit.test_visibility" name="test_empty_shapes_roundtrip[shape2]" time="0.017" /><testcase classname="tests.unit.test_visibility" name="test_input_validation" time="0.001" /><testcase classname="tests.unit.test_visibility_blocks" name="test_blocks_bits_and_diff[1-False]" time="1.130" /><testcase classname="tests.unit.test_visibility_blocks" name="test_blocks_bits_and_diff[1-True]" time="0.012" /><testcase classname="tests.unit.test_visibility_blocks" name="test_blocks_bits_and_diff[7-False]" time="0.002" /><testcase classname="tests.unit.test_visibility_blocks" name="test_blocks_bits_and_diff[7-True]" time="0.007" /><testcase classname="tests.unit.test_visibility_blocks" name="test_blocks_bits_and_diff[128-False]" time="0.001" /><testcase classname="tests.unit.test_visibility_blocks" name="test_blocks_bits_and_diff[128-True]" time="0.008" /><testcase classname="tests.unit.test_visibility_blocks" name="test_concurrent_mapped_reads_and_close" time="0.007" /><testcase classname="tests.unit.test_visibility_blocks" name="test_dense_views_and_duck_types" time="0.000" /><testcase classname="tests.unit.test_visibility_blocks" name="test_empty_intervals_and_invalid_ranges" time="0.000" /><testcase classname="tests.unit.test_visibility_blocks" name="test_reserved_ternary_code_preserves_exception" time="0.000" /><testcase classname="tests.differential.test_radiation_reference" name="test_original_cpu_radiation_boundaries[False-step-0]" time="1.504" /><testcase classname="tests.differential.test_radiation_reference" name="test_original_cpu_radiation_boundaries[False-step-1]" time="0.030" /><testcase classname="tests.differential.test_radiation_reference" name="test_original_cpu_radiation_boundaries[False-step-2]" time="0.029" /><testcase classname="tests.differential.test_radiation_reference" name="test_original_cpu_radiation_boundaries[False-step-3]" time="0.029" /><testcase classname="tests.differential.test_radiation_reference" name="test_original_cpu_radiation_boundaries[False-step-4]" time="0.029" /><testcase classname="tests.differential.test_radiation_reference" name="test_original_cpu_radiation_boundaries[False-step-5]" time="0.029" /><testcase classname="tests.differential.test_radiation_reference" name="test_original_cpu_radiation_boundaries[False-step-6]" time="0.030" /><testcase classname="tests.differential.test_radiation_reference" name="test_original_cpu_radiation_boundaries[False-step-7]" time="1.224" /><testcase classname="tests.differential.test_radiation_reference" name="test_original_cpu_radiation_boundaries[False-step-8]" time="0.070" /><testcase classname="tests.differential.test_radiation_reference" name="test_original_cpu_radiation_boundaries[False-step-9]" time="0.070" /><testcase classname="tests.differential.test_radiation_reference" name="test_original_cpu_radiation_boundaries[False-step-10]" time="0.070" /><testcase classname="tests.differential.test_radiation_reference" name="test_original_cpu_radiation_boundaries[False-step-11]" time="0.070" /><testcase classname="tests.differential.test_radiation_reference" name="test_original_cpu_radiation_boundaries[False-step-12]" time="0.070" /><testcase classname="tests.differential.test_radiation_reference" name="test_original_cpu_radiation_boundaries[False-step-13]" time="0.069" /><testcase classname="tests.differential.test_radiation_reference" name="test_original_cpu_radiation_boundaries[False-step-14]" time="0.069" /><testcase classname="tests.differential.test_radiation_reference" name="test_original_cpu_radiation_boundaries[False-step-15]" time="0.070" /><testcase classname="tests.differential.test_radiation_reference" name="test_original_cpu_radiation_boundaries[False-step-16]" time="0.070" /><testcase classname="tests.differential.test_radiation_reference" name="test_original_cpu_radiation_boundaries[False-step-17]" time="0.070" /><testcase classname="tests.differential.test_radiation_reference" name="test_original_cpu_radiation_boundaries[False-step-18]" time="0.072" /><testcase classname="tests.differential.test_radiation_reference" name="test_original_cpu_radiation_boundaries[False-step-19]" time="0.071" /><testcase classname="tests.differential.test_radiation_reference" name="test_original_cpu_radiation_boundaries[False-step-20]" time="0.072" /><testcase classname="tests.differential.test_radiation_reference" name="test_original_cpu_radiation_boundaries[False-step-21]" time="0.030" /><testcase classname="tests.differential.test_radiation_reference" name="test_original_cpu_radiation_boundaries[False-step-22]" time="0.030" /><testcase classname="tests.differential.test_radiation_reference" name="test_original_cpu_radiation_boundaries[False-step-23]" time="0.030" /><testcase classname="tests.differential.test_radiation_reference" name="test_original_cpu_radiation_boundaries[True-step-0]" time="0.028" /><testcase classname="tests.differential.test_radiation_reference" name="test_original_cpu_radiation_boundaries[True-step-1]" time="0.028" /><testcase classname="tests.differential.test_radiation_reference" name="test_original_cpu_radiation_boundaries[True-step-2]" time="0.028" /><testcase classname="tests.differential.test_radiation_reference" name="test_original_cpu_radiation_boundaries[True-step-3]" time="0.028" /><testcase classname="tests.differential.test_radiation_reference" name="test_original_cpu_radiation_boundaries[True-step-4]" time="0.028" /><testcase classname="tests.differential.test_radiation_reference" name="test_original_cpu_radiation_boundaries[True-step-5]" time="0.027" /><testcase classname="tests.differential.test_radiation_reference" name="test_original_cpu_radiation_boundaries[True-step-6]" time="0.027" /><testcase classname="tests.differential.test_radiation_reference" name="test_original_cpu_radiation_boundaries[True-step-7]" time="0.055" /><testcase classname="tests.differential.test_radiation_reference" name="test_original_cpu_radiation_boundaries[True-step-8]" time="0.052" /><testcase classname="tests.differential.test_radiation_reference" name="test_original_cpu_radiation_boundaries[True-step-9]" time="0.051" /><testcase classname="tests.differential.test_radiation_reference" name="test_original_cpu_radiation_boundaries[True-step-10]" time="0.053" /><testcase classname="tests.differential.test_radiation_reference" name="test_original_cpu_radiation_boundaries[True-step-11]" time="0.051" /><testcase classname="tests.differential.test_radiation_reference" name="test_original_cpu_radiation_boundaries[True-step-12]" time="0.050" /><testcase classname="tests.differential.test_radiation_reference" name="test_original_cpu_radiation_boundaries[True-step-13]" time="0.051" /><testcase classname="tests.differential.test_radiation_reference" name="test_original_cpu_radiation_boundaries[True-step-14]" time="0.052" /><testcase classname="tests.differential.test_radiation_reference" name="test_original_cpu_radiation_boundaries[True-step-15]" time="0.051" /><testcase classname="tests.differential.test_radiation_reference" name="test_original_cpu_radiation_boundaries[True-step-16]" time="0.051" /><testcase classname="tests.differential.test_radiation_reference" name="test_original_cpu_radiation_boundaries[True-step-17]" time="0.050" /><testcase classname="tests.differential.test_radiation_reference" name="test_original_cpu_radiation_boundaries[True-step-18]" time="0.051" /><testcase classname="tests.differential.test_radiation_reference" name="test_original_cpu_radiation_boundaries[True-step-19]" time="0.051" /><testcase classname="tests.differential.test_radiation_reference" name="test_original_cpu_radiation_boundaries[True-step-20]" time="0.052" /><testcase classname="tests.differential.test_radiation_reference" name="test_original_cpu_radiation_boundaries[True-step-21]" time="0.027" /><testcase classname="tests.differential.test_radiation_reference" name="test_original_cpu_radiation_boundaries[True-step-22]" time="0.028" /><testcase classname="tests.differential.test_radiation_reference" name="test_original_cpu_radiation_boundaries[True-step-23]" time="0.027" /><testcase classname="tests.differential.test_radiation_reference" name="test_carried_state_across_original_day_night_sequence[False]" time="1.060" /><testcase classname="tests.differential.test_radiation_reference" name="test_carried_state_across_original_day_night_sequence[True]" time="0.856" /></testsuite></testsuites>