<?xml version="1.0" encoding="utf-8"?><testsuites name="pytest tests"><testsuite name="pytest" errors="0" failures="0" skipped="0" tests="4" time="12.587" timestamp="2026-09-19T22:14:54.112277-04:00" hostname="COD-MBP16-LOAN2"><testcase classname="tests.unit.test_persistent_jit_cache" name="test_serial_and_parallel_arithmetic_bodies_are_identical[_shortwave]" time="0.012" /><testcase classname="tests.unit.test_persistent_jit_cache" name="test_serial_and_parallel_arithmetic_bodies_are_identical[_longwave]" time="0.013" /><testcase classname="tests.unit.test_persistent_jit_cache" name="test_fresh_process_cache_orders_remain_distinct_and_loadable[order0]" time="5.945" /><testcase classname="tests.unit.test_persistent_jit_cache" name="test_fresh_process_cache_orders_remain_distinct_and_loadable[order1]" time="6.332" /></testsuite></testsuites>