<?xml version="1.0" encoding="utf-8"?><testsuites name="pytest tests"><testsuite name="pytest" errors="0" failures="0" skipped="0" tests="39" time="0.047" timestamp="2026-09-19T20:51:03.543459-04:00" hostname="COD-MBP16-LOAN2"><testcase classname="tests.unit.test_cli" name="test_all_pinned_flags_defaults_types_and_requirements" time="0.001" /><testcase classname="tests.unit.test_cli" name="test_true_spellings[True0]" time="0.000" /><testcase classname="tests.unit.test_cli" name="test_true_spellings[yes]" time="0.000" /><testcase classname="tests.unit.test_cli" name="test_true_spellings[true]" time="0.000" /><testcase classname="tests.unit.test_cli" name="test_true_spellings[t]" time="0.000" /><testcase classname="tests.unit.test_cli" name="test_true_spellings[1]" time="0.000" /><testcase classname="tests.unit.test_cli" name="test_true_spellings[YES]" time="0.000" /><testcase classname="tests.unit.test_cli" name="test_true_spellings[True1]" time="0.000" /><testcase classname="tests.unit.test_cli" name="test_false_spellings[False0]" time="0.000" /><testcase classname="tests.unit.test_cli" name="test_false_spellings[no]" time="0.000" /><testcase classname="tests.unit.test_cli" name="test_false_spellings[false]" time="0.000" /><testcase classname="tests.unit.test_cli" name="test_false_spellings[f]" time="0.000" /><testcase classname="tests.unit.test_cli" name="test_false_spellings[0]" time="0.000" /><testcase classname="tests.unit.test_cli" name="test_false_spellings[NO]" time="0.000" /><testcase classname="tests.unit.test_cli" name="test_false_spellings[False1]" time="0.000" /><testcase classname="tests.unit.test_cli" name="test_invalid_boolean[]" time="0.000" /><testcase classname="tests.unit.test_cli" name="test_invalid_boolean[on]" time="0.000" /><testcase classname="tests.unit.test_cli" name="test_invalid_boolean[off]" time="0.000" /><testcase classname="tests.unit.test_cli" name="test_invalid_boolean[2]" time="0.000" /><testcase classname="tests.unit.test_cli" name="test_invalid_boolean[ true ]" time="0.000" /><testcase classname="tests.unit.test_cli" name="test_invalid_boolean[y]" time="0.000" /><testcase classname="tests.unit.test_cli" name="test_exact_default_forwarding" time="0.008" /><testcase classname="tests.unit.test_cli" name="test_all_explicit_flag_forwarding" time="0.001" /><testcase classname="tests.unit.test_cli" name="test_roughness_default_tracks_data_folder" time="0.001" /><testcase classname="tests.unit.test_cli" name="test_validation_errors[extra0---own_metfile is required when --use_own_met=True]" time="0.002" /><testcase classname="tests.unit.test_cli" name="test_validation_errors[extra1-File not found: /nonexistent/met.txt]" time="0.001" /><testcase classname="tests.unit.test_cli" name="test_validation_errors[extra2---data_source_type is required when --use_own_met=False]" time="0.001" /><testcase classname="tests.unit.test_cli" name="test_validation_errors[extra3---data_folder is required when --use_own_met=False]" time="0.002" /><testcase classname="tests.unit.test_cli" name="test_validation_errors[extra4-Directory not found: /nonexistent/met]" time="0.001" /><testcase classname="tests.unit.test_cli" name="test_validation_errors[extra5---start and --end are required when using --data_source_type]" time="0.001" /><testcase classname="tests.unit.test_cli" name="test_validation_errors[extra6---era5_z0_find=True requires --data_folder containing data_stream-oper_stepType-instant.nc]" time="0.001" /><testcase classname="tests.unit.test_cli" name="test_version_is_truthful" time="0.001" /><testcase classname="tests.unit.test_public_api" name="test_public_argument_contract[thermal_comfort]" time="0.000" /><testcase classname="tests.unit.test_public_api" name="test_public_argument_contract[preprocess]" time="0.000" /><testcase classname="tests.unit.test_public_api" name="test_public_argument_contract[run_walls_aspect]" time="0.000" /><testcase classname="tests.unit.test_public_api" name="test_public_argument_contract[calculate_svf]" time="0.000" /><testcase classname="tests.unit.test_public_api" name="test_public_argument_contract[run_utci_tiles]" time="0.000" /><testcase classname="tests.unit.test_public_api" name="test_public_argument_contract[build_inputs]" time="0.000" /><testcase classname="tests.unit.test_public_api" name="test_public_argument_contract[build_wind_ext_coeff]" time="0.000" /></testsuite></testsuites>