<?xml version="1.0" encoding="utf-8"?><testsuites name="pytest tests"><testsuite name="pytest" errors="0" failures="0" skipped="0" tests="9" time="22.783" timestamp="2026-09-19T23:12:49.248028-04:00" hostname="COD-MBP16-LOAN2"><testcase classname="" name="test_chronological_tiff_pipeline[small-False]" time="8.577" /><testcase classname="" name="test_chronological_tiff_pipeline[small-True]" time="0.832" /><testcase classname="" name="test_chronological_tiff_pipeline[raw-True]" time="4.451" /><testcase classname="" name="test_chronological_tiff_pipeline[base-False]" time="0.808" /><testcase classname="" name="test_chronological_tiff_pipeline[uhi-False]" time="0.801" /><testcase classname="" name="test_chronological_tiff_pipeline[landcover-False]" time="1.564" /><testcase classname="" name="test_chronological_tiff_pipeline[landcover_normalized-False]" time="1.550" /><testcase classname="" name="test_chronological_tiff_pipeline[directional-False]" time="0.937" /><testcase classname="" name="test_chronological_tiff_pipeline[legacy_wrapper-False]" time="0.997" /></testsuite></testsuites>