<?xml version="1.0" encoding="utf-8"?><testsuites name="pytest tests"><testsuite name="pytest" errors="0" failures="0" skipped="0" tests="823" time="88.811" timestamp="2026-09-19T23:13:54.657243-04:00" hostname="COD-MBP16-LOAN2"><testcase classname="" name="test_profile_identity_is_explicit_complete_and_deterministic" time="0.004" /><testcase classname="" name="test_runtime_target_changes_fingerprint" time="0.002" /><testcase classname="" name="test_float32_tan_complete_accepted_domain_and_explicit_fallback" time="0.547" /><testcase classname="" name="test_promoted_inputs_preserve_numpy_path_and_layout" time="0.000" /><testcase classname="" name="test_asvf_invalid_and_nonfinite_masks_match_legacy" time="0.210" /><testcase classname="" name="test_profile_change_creates_fresh_geometry_generation" time="0.122" /><testcase classname="" name="test_geometry_manifest_without_profile_is_stale" time="0.054" /><testcase classname="" name="test_checkpoint_resume_rejects_profile_mismatch" time="0.005" /><testcase classname="" name="test_checkpoint_without_profile_cannot_resume_profiled_run" time="0.004" /><testcase classname="" name="test_lowered_helpers_use_explicit_fma_without_fast_flags" time="0.192" /><testcase classname="" name="test_simulation_identity_embeds_full_profile" time="0.008" /><testcase classname="" name="test_original_cpu_radiation_boundaries[False-step-0]" time="1.634" /><testcase classname="" name="test_original_cpu_radiation_boundaries[False-step-1]" time="0.030" /><testcase classname="" name="test_original_cpu_radiation_boundaries[False-step-2]" time="0.029" /><testcase classname="" name="test_original_cpu_radiation_boundaries[False-step-3]" time="0.030" /><testcase classname="" name="test_original_cpu_radiation_boundaries[False-step-4]" time="0.029" /><testcase classname="" name="test_original_cpu_radiation_boundaries[False-step-5]" time="0.029" /><testcase classname="" name="test_original_cpu_radiation_boundaries[False-step-6]" time="0.029" /><testcase classname="" name="test_original_cpu_radiation_boundaries[False-step-7]" time="1.097" /><testcase classname="" name="test_original_cpu_radiation_boundaries[False-step-8]" time="0.071" /><testcase classname="" name="test_original_cpu_radiation_boundaries[False-step-9]" time="0.074" /><testcase classname="" name="test_original_cpu_radiation_boundaries[False-step-10]" time="0.072" /><testcase classname="" name="test_original_cpu_radiation_boundaries[False-step-11]" time="0.070" /><testcase classname="" name="test_original_cpu_radiation_boundaries[False-step-12]" time="0.069" /><testcase classname="" name="test_original_cpu_radiation_boundaries[False-step-13]" time="0.070" /><testcase classname="" name="test_original_cpu_radiation_boundaries[False-step-14]" time="0.069" /><testcase classname="" name="test_original_cpu_radiation_boundaries[False-step-15]" time="0.069" /><testcase classname="" name="test_original_cpu_radiation_boundaries[False-step-16]" time="0.070" /><testcase classname="" name="test_original_cpu_radiation_boundaries[False-step-17]" time="0.071" /><testcase classname="" name="test_original_cpu_radiation_boundaries[False-step-18]" time="0.069" /><testcase classname="" name="test_original_cpu_radiation_boundaries[False-step-19]" time="0.070" /><testcase classname="" name="test_original_cpu_radiation_boundaries[False-step-20]" time="0.070" /><testcase classname="" name="test_original_cpu_radiation_boundaries[False-step-21]" time="0.029" /><testcase classname="" name="test_original_cpu_radiation_boundaries[False-step-22]" time="0.029" /><testcase classname="" name="test_original_cpu_radiation_boundaries[False-step-23]" time="0.029" /><testcase classname="" name="test_original_cpu_radiation_boundaries[True-step-0]" time="0.437" /><testcase classname="" name="test_original_cpu_radiation_boundaries[True-step-1]" time="0.028" /><testcase classname="" name="test_original_cpu_radiation_boundaries[True-step-2]" time="0.027" /><testcase classname="" name="test_original_cpu_radiation_boundaries[True-step-3]" time="0.027" /><testcase classname="" name="test_original_cpu_radiation_boundaries[True-step-4]" time="0.028" /><testcase classname="" name="test_original_cpu_radiation_boundaries[True-step-5]" time="0.027" /><testcase classname="" name="test_original_cpu_radiation_boundaries[True-step-6]" time="0.028" /><testcase classname="" name="test_original_cpu_radiation_boundaries[True-step-7]" time="0.199" /><testcase classname="" name="test_original_cpu_radiation_boundaries[True-step-8]" time="0.053" /><testcase classname="" name="test_original_cpu_radiation_boundaries[True-step-9]" time="0.052" /><testcase classname="" name="test_original_cpu_radiation_boundaries[True-step-10]" time="0.051" /><testcase classname="" name="test_original_cpu_radiation_boundaries[True-step-11]" time="0.051" /><testcase classname="" name="test_original_cpu_radiation_boundaries[True-step-12]" time="0.051" /><testcase classname="" name="test_original_cpu_radiation_boundaries[True-step-13]" time="0.051" /><testcase classname="" name="test_original_cpu_radiation_boundaries[True-step-14]" time="0.053" /><testcase classname="" name="test_original_cpu_radiation_boundaries[True-step-15]" time="0.052" /><testcase classname="" name="test_original_cpu_radiation_boundaries[True-step-16]" time="0.053" /><testcase classname="" name="test_original_cpu_radiation_boundaries[True-step-17]" time="0.052" /><testcase classname="" name="test_original_cpu_radiation_boundaries[True-step-18]" time="0.051" /><testcase classname="" name="test_original_cpu_radiation_boundaries[True-step-19]" time="0.051" /><testcase classname="" name="test_original_cpu_radiation_boundaries[True-step-20]" time="0.051" /><testcase classname="" name="test_original_cpu_radiation_boundaries[True-step-21]" time="0.027" /><testcase classname="" name="test_original_cpu_radiation_boundaries[True-step-22]" time="0.026" /><testcase classname="" name="test_original_cpu_radiation_boundaries[True-step-23]" time="0.028" /><testcase classname="" name="test_carried_state_across_original_day_night_sequence[False]" time="1.098" /><testcase classname="" name="test_carried_state_across_original_day_night_sequence[True]" time="0.847" /><testcase classname="" name="test_original_shortwave_boundaries[False-0-step-7]" time="0.152" /><testcase classname="" name="test_original_shortwave_boundaries[False-0-step-8]" time="0.123" /><testcase classname="" name="test_original_shortwave_boundaries[False-0-step-9]" time="0.124" /><testcase classname="" name="test_original_shortwave_boundaries[False-0-step-10]" time="0.124" /><testcase classname="" name="test_original_shortwave_boundaries[False-0-step-11]" time="0.124" /><testcase classname="" name="test_original_shortwave_boundaries[False-0-step-12]" time="0.125" /><testcase classname="" name="test_original_shortwave_boundaries[False-0-step-13]" time="0.124" /><testcase classname="" name="test_original_shortwave_boundaries[False-0-step-14]" time="0.124" /><testcase classname="" name="test_original_shortwave_boundaries[False-0-step-15]" time="0.124" /><testcase classname="" name="test_original_shortwave_boundaries[False-0-step-16]" time="0.124" /><testcase classname="" name="test_original_shortwave_boundaries[False-0-step-17]" time="0.125" /><testcase classname="" name="test_original_shortwave_boundaries[False-0-step-18]" time="0.132" /><testcase classname="" name="test_original_shortwave_boundaries[False-0-step-19]" time="0.157" /><testcase classname="" name="test_original_shortwave_boundaries[False-0-step-20]" time="0.124" /><testcase classname="" name="test_original_shortwave_boundaries[False-1-step-7]" time="1.059" /><testcase classname="" name="test_original_shortwave_boundaries[False-1-step-8]" time="0.136" /><testcase classname="" name="test_original_shortwave_boundaries[False-1-step-9]" time="0.136" /><testcase classname="" name="test_original_shortwave_boundaries[False-1-step-10]" time="0.133" /><testcase classname="" name="test_original_shortwave_boundaries[False-1-step-11]" time="0.135" /><testcase classname="" name="test_original_shortwave_boundaries[False-1-step-12]" time="0.141" /><testcase classname="" name="test_original_shortwave_boundaries[False-1-step-13]" time="0.135" /><testcase classname="" name="test_original_shortwave_boundaries[False-1-step-14]" time="0.134" /><testcase classname="" name="test_original_shortwave_boundaries[False-1-step-15]" time="0.135" /><testcase classname="" name="test_original_shortwave_boundaries[False-1-step-16]" time="0.134" /><testcase classname="" name="test_original_shortwave_boundaries[False-1-step-17]" time="0.134" /><testcase classname="" name="test_original_shortwave_boundaries[False-1-step-18]" time="0.136" /><testcase classname="" name="test_original_shortwave_boundaries[False-1-step-19]" time="0.135" /><testcase classname="" name="test_original_shortwave_boundaries[False-1-step-20]" time="0.137" /><testcase classname="" name="test_original_shortwave_boundaries[False-4-step-7]" time="0.140" /><testcase classname="" name="test_original_shortwave_boundaries[False-4-step-8]" time="0.137" /><testcase classname="" name="test_original_shortwave_boundaries[False-4-step-9]" time="0.135" /><testcase classname="" name="test_original_shortwave_boundaries[False-4-step-10]" time="0.135" /><testcase classname="" name="test_original_shortwave_boundaries[False-4-step-11]" time="0.136" /><testcase classname="" name="test_original_shortwave_boundaries[False-4-step-12]" time="0.137" /><testcase classname="" name="test_original_shortwave_boundaries[False-4-step-13]" time="0.137" /><testcase classname="" name="test_original_shortwave_boundaries[False-4-step-14]" time="0.136" /><testcase classname="" name="test_original_shortwave_boundaries[False-4-step-15]" time="0.136" /><testcase classname="" name="test_original_shortwave_boundaries[False-4-step-16]" time="0.136" /><testcase classname="" name="test_original_shortwave_boundaries[False-4-step-17]" time="0.137" /><testcase classname="" name="test_original_shortwave_boundaries[False-4-step-18]" time="0.137" /><testcase classname="" name="test_original_shortwave_boundaries[False-4-step-19]" time="0.140" /><testcase classname="" name="test_original_shortwave_boundaries[False-4-step-20]" time="0.137" /><testcase classname="" name="test_original_shortwave_boundaries[False-10-step-7]" time="0.140" /><testcase classname="" name="test_original_shortwave_boundaries[False-10-step-8]" time="0.140" /><testcase classname="" name="test_original_shortwave_boundaries[False-10-step-9]" time="0.140" /><testcase classname="" name="test_original_shortwave_boundaries[False-10-step-10]" time="0.140" /><testcase classname="" name="test_original_shortwave_boundaries[False-10-step-11]" time="0.140" /><testcase classname="" name="test_original_shortwave_boundaries[False-10-step-12]" time="0.139" /><testcase classname="" name="test_original_shortwave_boundaries[False-10-step-13]" time="0.139" /><testcase classname="" name="test_original_shortwave_boundaries[False-10-step-14]" time="0.137" /><testcase classname="" name="test_original_shortwave_boundaries[False-10-step-15]" time="0.141" /><testcase classname="" name="test_original_shortwave_boundaries[False-10-step-16]" time="0.140" /><testcase classname="" name="test_original_shortwave_boundaries[False-10-step-17]" time="0.139" /><testcase classname="" name="test_original_shortwave_boundaries[False-10-step-18]" time="0.138" /><testcase classname="" name="test_original_shortwave_boundaries[False-10-step-19]" time="0.138" /><testcase classname="" name="test_original_shortwave_boundaries[False-10-step-20]" time="0.141" /><testcase classname="" name="test_original_shortwave_boundaries[True-0-step-7]" time="0.058" /><testcase classname="" name="test_original_shortwave_boundaries[True-0-step-8]" time="0.058" /><testcase classname="" name="test_original_shortwave_boundaries[True-0-step-9]" time="0.057" /><testcase classname="" name="test_original_shortwave_boundaries[True-0-step-10]" time="0.057" /><testcase classname="" name="test_original_shortwave_boundaries[True-0-step-11]" time="0.057" /><testcase classname="" name="test_original_shortwave_boundaries[True-0-step-12]" time="0.057" /><testcase classname="" name="test_original_shortwave_boundaries[True-0-step-13]" time="0.057" /><testcase classname="" name="test_original_shortwave_boundaries[True-0-step-14]" time="0.056" /><testcase classname="" name="test_original_shortwave_boundaries[True-0-step-15]" time="0.057" /><testcase classname="" name="test_original_shortwave_boundaries[True-0-step-16]" time="0.056" /><testcase classname="" name="test_original_shortwave_boundaries[True-0-step-17]" time="0.057" /><testcase classname="" name="test_original_shortwave_boundaries[True-0-step-18]" time="0.057" /><testcase classname="" name="test_original_shortwave_boundaries[True-0-step-19]" time="0.056" /><testcase classname="" name="test_original_shortwave_boundaries[True-0-step-20]" time="0.057" /><testcase classname="" name="test_original_shortwave_boundaries[True-1-step-7]" time="0.067" /><testcase classname="" name="test_original_shortwave_boundaries[True-1-step-8]" time="0.071" /><testcase classname="" name="test_original_shortwave_boundaries[True-1-step-9]" time="0.067" /><testcase classname="" name="test_original_shortwave_boundaries[True-1-step-10]" time="0.066" /><testcase classname="" name="test_original_shortwave_boundaries[True-1-step-11]" time="0.066" /><testcase classname="" name="test_original_shortwave_boundaries[True-1-step-12]" time="0.067" /><testcase classname="" name="test_original_shortwave_boundaries[True-1-step-13]" time="0.066" /><testcase classname="" name="test_original_shortwave_boundaries[True-1-step-14]" time="0.065" /><testcase classname="" name="test_original_shortwave_boundaries[True-1-step-15]" time="0.066" /><testcase classname="" name="test_original_shortwave_boundaries[True-1-step-16]" time="0.065" /><testcase classname="" name="test_original_shortwave_boundaries[True-1-step-17]" time="0.066" /><testcase classname="" name="test_original_shortwave_boundaries[True-1-step-18]" time="0.066" /><testcase classname="" name="test_original_shortwave_boundaries[True-1-step-19]" time="0.067" /><testcase classname="" name="test_original_shortwave_boundaries[True-1-step-20]" time="0.068" /><testcase classname="" name="test_original_shortwave_boundaries[True-4-step-7]" time="0.069" /><testcase classname="" name="test_original_shortwave_boundaries[True-4-step-8]" time="0.068" /><testcase classname="" name="test_original_shortwave_boundaries[True-4-step-9]" time="0.069" /><testcase classname="" name="test_original_shortwave_boundaries[True-4-step-10]" time="0.067" /><testcase classname="" name="test_original_shortwave_boundaries[True-4-step-11]" time="0.069" /><testcase classname="" name="test_original_shortwave_boundaries[True-4-step-12]" time="0.066" /><testcase classname="" name="test_original_shortwave_boundaries[True-4-step-13]" time="0.066" /><testcase classname="" name="test_original_shortwave_boundaries[True-4-step-14]" time="0.067" /><testcase classname="" name="test_original_shortwave_boundaries[True-4-step-15]" time="0.070" /><testcase classname="" name="test_original_shortwave_boundaries[True-4-step-16]" time="0.069" /><testcase classname="" name="test_original_shortwave_boundaries[True-4-step-17]" time="0.068" /><testcase classname="" name="test_original_shortwave_boundaries[True-4-step-18]" time="0.068" /><testcase classname="" name="test_original_shortwave_boundaries[True-4-step-19]" time="0.068" /><testcase classname="" name="test_original_shortwave_boundaries[True-4-step-20]" time="0.067" /><testcase classname="" name="test_original_shortwave_boundaries[True-10-step-7]" time="0.072" /><testcase classname="" name="test_original_shortwave_boundaries[True-10-step-8]" time="0.072" /><testcase classname="" name="test_original_shortwave_boundaries[True-10-step-9]" time="0.072" /><testcase classname="" name="test_original_shortwave_boundaries[True-10-step-10]" time="0.072" /><testcase classname="" name="test_original_shortwave_boundaries[True-10-step-11]" time="0.071" /><testcase classname="" name="test_original_shortwave_boundaries[True-10-step-12]" time="0.071" /><testcase classname="" name="test_original_shortwave_boundaries[True-10-step-13]" time="0.070" /><testcase classname="" name="test_original_shortwave_boundaries[True-10-step-14]" time="0.073" /><testcase classname="" name="test_original_shortwave_boundaries[True-10-step-15]" time="0.073" /><testcase classname="" name="test_original_shortwave_boundaries[True-10-step-16]" time="0.070" /><testcase classname="" name="test_original_shortwave_boundaries[True-10-step-17]" time="0.070" /><testcase classname="" name="test_original_shortwave_boundaries[True-10-step-18]" time="0.071" /><testcase classname="" name="test_original_shortwave_boundaries[True-10-step-19]" time="0.073" /><testcase classname="" name="test_original_shortwave_boundaries[True-10-step-20]" time="0.070" /><testcase classname="" name="test_original_longwave_boundaries[False-0-step-0]" time="0.074" /><testcase classname="" name="test_original_longwave_boundaries[False-0-step-1]" time="0.074" /><testcase classname="" name="test_original_longwave_boundaries[False-0-step-2]" time="0.075" /><testcase classname="" name="test_original_longwave_boundaries[False-0-step-3]" time="0.075" /><testcase classname="" name="test_original_longwave_boundaries[False-0-step-4]" time="0.075" /><testcase classname="" name="test_original_longwave_boundaries[False-0-step-5]" time="0.076" /><testcase classname="" name="test_original_longwave_boundaries[False-0-step-6]" time="0.075" /><testcase classname="" name="test_original_longwave_boundaries[False-0-step-7]" time="0.107" /><testcase classname="" name="test_original_longwave_boundaries[False-0-step-8]" time="0.106" /><testcase classname="" name="test_original_longwave_boundaries[False-0-step-9]" time="0.106" /><testcase classname="" name="test_original_longwave_boundaries[False-0-step-10]" time="0.106" /><testcase classname="" name="test_original_longwave_boundaries[False-0-step-11]" time="0.106" /><testcase classname="" name="test_original_longwave_boundaries[False-0-step-12]" time="0.107" /><testcase classname="" name="test_original_longwave_boundaries[False-0-step-13]" time="0.108" /><testcase classname="" name="test_original_longwave_boundaries[False-0-step-14]" time="0.105" /><testcase classname="" name="test_original_longwave_boundaries[False-0-step-15]" time="0.106" /><testcase classname="" name="test_original_longwave_boundaries[False-0-step-16]" time="0.105" /><testcase classname="" name="test_original_longwave_boundaries[False-0-step-17]" time="0.105" /><testcase classname="" name="test_original_longwave_boundaries[False-0-step-18]" time="0.108" /><testcase classname="" name="test_original_longwave_boundaries[False-0-step-19]" time="0.108" /><testcase classname="" name="test_original_longwave_boundaries[False-0-step-20]" time="0.107" /><testcase classname="" name="test_original_longwave_boundaries[False-0-step-21]" time="0.075" /><testcase classname="" name="test_original_longwave_boundaries[False-0-step-22]" time="0.075" /><testcase classname="" name="test_original_longwave_boundaries[False-0-step-23]" time="0.075" /><testcase classname="" name="test_original_longwave_boundaries[False-1-step-0]" time="1.352" /><testcase classname="" name="test_original_longwave_boundaries[False-1-step-1]" time="0.085" /><testcase classname="" name="test_original_longwave_boundaries[False-1-step-2]" time="0.084" /><testcase classname="" name="test_original_longwave_boundaries[False-1-step-3]" time="0.084" /><testcase classname="" name="test_original_longwave_boundaries[False-1-step-4]" time="0.084" /><testcase classname="" name="test_original_longwave_boundaries[False-1-step-5]" time="0.084" /><testcase classname="" name="test_original_longwave_boundaries[False-1-step-6]" time="0.085" /><testcase classname="" name="test_original_longwave_boundaries[False-1-step-7]" time="0.120" /><testcase classname="" name="test_original_longwave_boundaries[False-1-step-8]" time="0.117" /><testcase classname="" name="test_original_longwave_boundaries[False-1-step-9]" time="0.118" /><testcase classname="" name="test_original_longwave_boundaries[False-1-step-10]" time="0.119" /><testcase classname="" name="test_original_longwave_boundaries[False-1-step-11]" time="0.118" /><testcase classname="" name="test_original_longwave_boundaries[False-1-step-12]" time="0.120" /><testcase classname="" name="test_original_longwave_boundaries[False-1-step-13]" time="0.119" /><testcase classname="" name="test_original_longwave_boundaries[False-1-step-14]" time="0.116" /><testcase classname="" name="test_original_longwave_boundaries[False-1-step-15]" time="0.117" /><testcase classname="" name="test_original_longwave_boundaries[False-1-step-16]" time="0.128" /><testcase classname="" name="test_original_longwave_boundaries[False-1-step-17]" time="0.143" /><testcase classname="" name="test_original_longwave_boundaries[False-1-step-18]" time="0.118" /><testcase classname="" name="test_original_longwave_boundaries[False-1-step-19]" time="0.117" /><testcase classname="" name="test_original_longwave_boundaries[False-1-step-20]" time="0.122" /><testcase classname="" name="test_original_longwave_boundaries[False-1-step-21]" time="0.086" /><testcase classname="" name="test_original_longwave_boundaries[False-1-step-22]" time="0.086" /><testcase classname="" name="test_original_longwave_boundaries[False-1-step-23]" time="0.086" /><testcase classname="" name="test_original_longwave_boundaries[False-4-step-0]" time="0.087" /><testcase classname="" name="test_original_longwave_boundaries[False-4-step-1]" time="0.088" /><testcase classname="" name="test_original_longwave_boundaries[False-4-step-2]" time="0.090" /><testcase classname="" name="test_original_longwave_boundaries[False-4-step-3]" time="0.090" /><testcase classname="" name="test_original_longwave_boundaries[False-4-step-4]" time="0.090" /><testcase classname="" name="test_original_longwave_boundaries[False-4-step-5]" time="0.088" /><testcase classname="" name="test_original_longwave_boundaries[False-4-step-6]" time="0.085" /><testcase classname="" name="test_original_longwave_boundaries[False-4-step-7]" time="0.119" /><testcase classname="" name="test_original_longwave_boundaries[False-4-step-8]" time="0.118" /><testcase classname="" name="test_original_longwave_boundaries[False-4-step-9]" time="0.117" /><testcase classname="" name="test_original_longwave_boundaries[False-4-step-10]" time="0.117" /><testcase classname="" name="test_original_longwave_boundaries[False-4-step-11]" time="0.119" /><testcase classname="" name="test_original_longwave_boundaries[False-4-step-12]" time="0.118" /><testcase classname="" name="test_original_longwave_boundaries[False-4-step-13]" time="0.117" /><testcase classname="" name="test_original_longwave_boundaries[False-4-step-14]" time="0.118" /><testcase classname="" name="test_original_longwave_boundaries[False-4-step-15]" time="0.118" /><testcase classname="" name="test_original_longwave_boundaries[False-4-step-16]" time="0.117" /><testcase classname="" name="test_original_longwave_boundaries[False-4-step-17]" time="0.119" /><testcase classname="" name="test_original_longwave_boundaries[False-4-step-18]" time="0.117" /><testcase classname="" name="test_original_longwave_boundaries[False-4-step-19]" time="0.119" /><testcase classname="" name="test_original_longwave_boundaries[False-4-step-20]" time="0.118" /><testcase classname="" name="test_original_longwave_boundaries[False-4-step-21]" time="0.086" /><testcase classname="" name="test_original_longwave_boundaries[False-4-step-22]" time="0.085" /><testcase classname="" name="test_original_longwave_boundaries[False-4-step-23]" time="0.086" /><testcase classname="" name="test_original_longwave_boundaries[False-10-step-0]" time="0.091" /><testcase classname="" name="test_original_longwave_boundaries[False-10-step-1]" time="0.091" /><testcase classname="" name="test_original_longwave_boundaries[False-10-step-2]" time="0.089" /><testcase classname="" name="test_original_longwave_boundaries[False-10-step-3]" time="0.089" /><testcase classname="" name="test_original_longwave_boundaries[False-10-step-4]" time="0.088" /><testcase classname="" name="test_original_longwave_boundaries[False-10-step-5]" time="0.090" /><testcase classname="" name="test_original_longwave_boundaries[False-10-step-6]" time="0.091" /><testcase classname="" name="test_original_longwave_boundaries[False-10-step-7]" time="0.122" /><testcase classname="" name="test_original_longwave_boundaries[False-10-step-8]" time="0.126" /><testcase classname="" name="test_original_longwave_boundaries[False-10-step-9]" time="0.121" /><testcase classname="" name="test_original_longwave_boundaries[False-10-step-10]" time="0.122" /><testcase classname="" name="test_original_longwave_boundaries[False-10-step-11]" time="0.121" /><testcase classname="" name="test_original_longwave_boundaries[False-10-step-12]" time="0.120" /><testcase classname="" name="test_original_longwave_boundaries[False-10-step-13]" time="0.121" /><testcase classname="" name="test_original_longwave_boundaries[False-10-step-14]" time="0.124" /><testcase classname="" name="test_original_longwave_boundaries[False-10-step-15]" time="0.125" /><testcase classname="" name="test_original_longwave_boundaries[False-10-step-16]" time="0.121" /><testcase classname="" name="test_original_longwave_boundaries[False-10-step-17]" time="0.122" /><testcase classname="" name="test_original_longwave_boundaries[False-10-step-18]" time="0.122" /><testcase classname="" name="test_original_longwave_boundaries[False-10-step-19]" time="0.121" /><testcase classname="" name="test_original_longwave_boundaries[False-10-step-20]" time="0.122" /><testcase classname="" name="test_original_longwave_boundaries[False-10-step-21]" time="0.090" /><testcase classname="" name="test_original_longwave_boundaries[False-10-step-22]" time="0.091" /><testcase classname="" name="test_original_longwave_boundaries[False-10-step-23]" time="0.090" /><testcase classname="" name="test_original_longwave_boundaries[True-0-step-0]" time="0.024" /><testcase classname="" name="test_original_longwave_boundaries[True-0-step-1]" time="0.024" /><testcase classname="" name="test_original_longwave_boundaries[True-0-step-2]" time="0.023" /><testcase classname="" name="test_original_longwave_boundaries[True-0-step-3]" time="0.023" /><testcase classname="" name="test_original_longwave_boundaries[True-0-step-4]" time="0.024" /><testcase classname="" name="test_original_longwave_boundaries[True-0-step-5]" time="0.024" /><testcase classname="" name="test_original_longwave_boundaries[True-0-step-6]" time="0.023" /><testcase classname="" name="test_original_longwave_boundaries[True-0-step-7]" time="0.056" /><testcase classname="" name="test_original_longwave_boundaries[True-0-step-8]" time="0.057" /><testcase classname="" name="test_original_longwave_boundaries[True-0-step-9]" time="0.056" /><testcase classname="" name="test_original_longwave_boundaries[True-0-step-10]" time="0.057" /><testcase classname="" name="test_original_longwave_boundaries[True-0-step-11]" time="0.056" /><testcase classname="" name="test_original_longwave_boundaries[True-0-step-12]" time="0.055" /><testcase classname="" name="test_original_longwave_boundaries[True-0-step-13]" time="0.055" /><testcase classname="" name="test_original_longwave_boundaries[True-0-step-14]" time="0.057" /><testcase classname="" name="test_original_longwave_boundaries[True-0-step-15]" time="0.057" /><testcase classname="" name="test_original_longwave_boundaries[True-0-step-16]" time="0.056" /><testcase classname="" name="test_original_longwave_boundaries[True-0-step-17]" time="0.055" /><testcase classname="" name="test_original_longwave_boundaries[True-0-step-18]" time="0.057" /><testcase classname="" name="test_original_longwave_boundaries[True-0-step-19]" time="0.057" /><testcase classname="" name="test_original_longwave_boundaries[True-0-step-20]" time="0.056" /><testcase classname="" name="test_original_longwave_boundaries[True-0-step-21]" time="0.024" /><testcase classname="" name="test_original_longwave_boundaries[True-0-step-22]" time="0.024" /><testcase classname="" name="test_original_longwave_boundaries[True-0-step-23]" time="0.023" /><testcase classname="" name="test_original_longwave_boundaries[True-1-step-0]" time="0.033" /><testcase classname="" name="test_original_longwave_boundaries[True-1-step-1]" time="0.032" /><testcase classname="" name="test_original_longwave_boundaries[True-1-step-2]" time="0.032" /><testcase classname="" name="test_original_longwave_boundaries[True-1-step-3]" time="0.034" /><testcase classname="" name="test_original_longwave_boundaries[True-1-step-4]" time="0.033" /><testcase classname="" name="test_original_longwave_boundaries[True-1-step-5]" time="0.033" /><testcase classname="" name="test_original_longwave_boundaries[True-1-step-6]" time="0.033" /><testcase classname="" name="test_original_longwave_boundaries[True-1-step-7]" time="0.068" /><testcase classname="" name="test_original_longwave_boundaries[True-1-step-8]" time="0.068" /><testcase classname="" name="test_original_longwave_boundaries[True-1-step-9]" time="0.066" /><testcase classname="" name="test_original_longwave_boundaries[True-1-step-10]" time="0.065" /><testcase classname="" name="test_original_longwave_boundaries[True-1-step-11]" time="0.066" /><testcase classname="" name="test_original_longwave_boundaries[True-1-step-12]" time="0.065" /><testcase classname="" name="test_original_longwave_boundaries[True-1-step-13]" time="0.064" /><testcase classname="" name="test_original_longwave_boundaries[True-1-step-14]" time="0.063" /><testcase classname="" name="test_original_longwave_boundaries[True-1-step-15]" time="0.065" /><testcase classname="" name="test_original_longwave_boundaries[True-1-step-16]" time="0.065" /><testcase classname="" name="test_original_longwave_boundaries[True-1-step-17]" time="0.067" /><testcase classname="" name="test_original_longwave_boundaries[True-1-step-18]" time="0.068" /><testcase classname="" name="test_original_longwave_boundaries[True-1-step-19]" time="0.067" /><testcase classname="" name="test_original_longwave_boundaries[True-1-step-20]" time="0.066" /><testcase classname="" name="test_original_longwave_boundaries[True-1-step-21]" time="0.032" /><testcase classname="" name="test_original_longwave_boundaries[True-1-step-22]" time="0.031" /><testcase classname="" name="test_original_longwave_boundaries[True-1-step-23]" time="0.032" /><testcase classname="" name="test_original_longwave_boundaries[True-4-step-0]" time="0.034" /><testcase classname="" name="test_original_longwave_boundaries[True-4-step-1]" time="0.034" /><testcase classname="" name="test_original_longwave_boundaries[True-4-step-2]" time="0.034" /><testcase classname="" name="test_original_longwave_boundaries[True-4-step-3]" time="0.033" /><testcase classname="" name="test_original_longwave_boundaries[True-4-step-4]" time="0.032" /><testcase classname="" name="test_original_longwave_boundaries[True-4-step-5]" time="0.034" /><testcase classname="" name="test_original_longwave_boundaries[True-4-step-6]" time="0.033" /><testcase classname="" name="test_original_longwave_boundaries[True-4-step-7]" time="0.067" /><testcase classname="" name="test_original_longwave_boundaries[True-4-step-8]" time="0.066" /><testcase classname="" name="test_original_longwave_boundaries[True-4-step-9]" time="0.068" /><testcase classname="" name="test_original_longwave_boundaries[True-4-step-10]" time="0.068" /><testcase classname="" name="test_original_longwave_boundaries[True-4-step-11]" time="0.068" /><testcase classname="" name="test_original_longwave_boundaries[True-4-step-12]" time="0.067" /><testcase classname="" name="test_original_longwave_boundaries[True-4-step-13]" time="0.066" /><testcase classname="" name="test_original_longwave_boundaries[True-4-step-14]" time="0.067" /><testcase classname="" name="test_original_longwave_boundaries[True-4-step-15]" time="0.066" /><testcase classname="" name="test_original_longwave_boundaries[True-4-step-16]" time="0.067" /><testcase classname="" name="test_original_longwave_boundaries[True-4-step-17]" time="0.069" /><testcase classname="" name="test_original_longwave_boundaries[True-4-step-18]" time="0.067" /><testcase classname="" name="test_original_longwave_boundaries[True-4-step-19]" time="0.069" /><testcase classname="" name="test_original_longwave_boundaries[True-4-step-20]" time="0.069" /><testcase classname="" name="test_original_longwave_boundaries[True-4-step-21]" time="0.036" /><testcase classname="" name="test_original_longwave_boundaries[True-4-step-22]" time="0.034" /><testcase classname="" name="test_original_longwave_boundaries[True-4-step-23]" time="0.033" /><testcase classname="" name="test_original_longwave_boundaries[True-10-step-0]" time="0.036" /><testcase classname="" name="test_original_longwave_boundaries[True-10-step-1]" time="0.036" /><testcase classname="" name="test_original_longwave_boundaries[True-10-step-2]" time="0.037" /><testcase classname="" name="test_original_longwave_boundaries[True-10-step-3]" time="0.037" /><testcase classname="" name="test_original_longwave_boundaries[True-10-step-4]" time="0.036" /><testcase classname="" name="test_original_longwave_boundaries[True-10-step-5]" time="0.037" /><testcase classname="" name="test_original_longwave_boundaries[True-10-step-6]" time="0.036" /><testcase classname="" name="test_original_longwave_boundaries[True-10-step-7]" time="0.070" /><testcase classname="" name="test_original_longwave_boundaries[True-10-step-8]" time="0.070" /><testcase classname="" name="test_original_longwave_boundaries[True-10-step-9]" time="0.070" /><testcase classname="" name="test_original_longwave_boundaries[True-10-step-10]" time="0.070" /><testcase classname="" name="test_original_longwave_boundaries[True-10-step-11]" time="0.069" /><testcase classname="" name="test_original_longwave_boundaries[True-10-step-12]" time="0.073" /><testcase classname="" name="test_original_longwave_boundaries[True-10-step-13]" time="0.072" /><testcase classname="" name="test_original_longwave_boundaries[True-10-step-14]" time="0.070" /><testcase classname="" name="test_original_longwave_boundaries[True-10-step-15]" time="0.069" /><testcase classname="" name="test_original_longwave_boundaries[True-10-step-16]" time="0.069" /><testcase classname="" name="test_original_longwave_boundaries[True-10-step-17]" time="0.070" /><testcase classname="" name="test_original_longwave_boundaries[True-10-step-18]" time="0.067" /><testcase classname="" name="test_original_longwave_boundaries[True-10-step-19]" time="0.071" /><testcase classname="" name="test_original_longwave_boundaries[True-10-step-20]" time="0.070" /><testcase classname="" name="test_original_longwave_boundaries[True-10-step-21]" time="0.037" /><testcase classname="" name="test_original_longwave_boundaries[True-10-step-22]" time="0.037" /><testcase classname="" name="test_original_longwave_boundaries[True-10-step-23]" time="0.038" /><testcase classname="" name="test_original_typed_patch_packet[False-0-original-small-daytime-step12-Kside_veg_v2022a]" time="0.552" /><testcase classname="" name="test_original_typed_patch_packet[False-0-original-small-daytime-step12-Lcyl_v2022a]" time="0.169" /><testcase classname="" name="test_original_typed_patch_packet[False-0-original-small-daytime-step12-define_patch_characteristics]" time="0.624" /><testcase classname="" name="test_original_typed_patch_packet[False-0-option1-binary-cylinder-Kside_veg_v2022a]" time="0.013" /><testcase classname="" name="test_original_typed_patch_packet[False-0-option1-binary-box-tensor-azimuth-Kside_veg_v2022a]" time="0.011" /><testcase classname="" name="test_original_typed_patch_packet[False-0-option1-binary-longwave-tensor-solar-Lcyl_v2022a]" time="0.411" /><testcase classname="" name="test_original_typed_patch_packet[False-0-option1-binary-longwave-tensor-solar-define_patch_characteristics]" time="0.472" /><testcase classname="" name="test_original_typed_patch_packet[False-0-option1-raw-cylinder-Kside_veg_v2022a]" time="0.011" /><testcase classname="" name="test_original_typed_patch_packet[False-0-option1-raw-longwave-tensor-solar-Lcyl_v2022a]" time="0.007" /><testcase classname="" name="test_original_typed_patch_packet[False-0-option1-raw-longwave-tensor-solar-define_patch_characteristics]" time="0.007" /><testcase classname="" name="test_original_typed_patch_packet[False-0-option2-binary-cylinder-Kside_veg_v2022a]" time="0.011" /><testcase classname="" name="test_original_typed_patch_packet[False-0-option2-binary-box-tensor-azimuth-Kside_veg_v2022a]" time="0.011" /><testcase classname="" name="test_original_typed_patch_packet[False-0-option2-binary-longwave-tensor-solar-Lcyl_v2022a]" time="0.006" /><testcase classname="" name="test_original_typed_patch_packet[False-0-option2-binary-longwave-tensor-solar-define_patch_characteristics]" time="0.007" /><testcase classname="" name="test_original_typed_patch_packet[False-0-option2-raw-cylinder-Kside_veg_v2022a]" time="0.011" /><testcase classname="" name="test_original_typed_patch_packet[False-0-option2-raw-longwave-tensor-solar-Lcyl_v2022a]" time="0.007" /><testcase classname="" name="test_original_typed_patch_packet[False-0-option2-raw-longwave-tensor-solar-define_patch_characteristics]" time="0.007" /><testcase classname="" name="test_original_typed_patch_packet[False-0-option3-binary-cylinder-Kside_veg_v2022a]" time="0.024" /><testcase classname="" name="test_original_typed_patch_packet[False-0-option3-binary-box-tensor-azimuth-Kside_veg_v2022a]" time="0.018" /><testcase classname="" name="test_original_typed_patch_packet[False-0-option3-binary-longwave-tensor-solar-Lcyl_v2022a]" time="0.010" /><testcase classname="" name="test_original_typed_patch_packet[False-0-option3-binary-longwave-tensor-solar-define_patch_characteristics]" time="0.011" /><testcase classname="" name="test_original_typed_patch_packet[False-0-option3-raw-cylinder-Kside_veg_v2022a]" time="0.018" /><testcase classname="" name="test_original_typed_patch_packet[False-0-option3-raw-longwave-tensor-solar-Lcyl_v2022a]" time="0.010" /><testcase classname="" name="test_original_typed_patch_packet[False-0-option3-raw-longwave-tensor-solar-define_patch_characteristics]" time="0.011" /><testcase classname="" name="test_original_typed_patch_packet[False-0-option4-binary-cylinder-Kside_veg_v2022a]" time="0.044" /><testcase classname="" name="test_original_typed_patch_packet[False-0-option4-binary-box-tensor-azimuth-Kside_veg_v2022a]" time="0.033" /><testcase classname="" name="test_original_typed_patch_packet[False-0-option4-binary-longwave-tensor-solar-Lcyl_v2022a]" time="0.018" /><testcase classname="" name="test_original_typed_patch_packet[False-0-option4-binary-longwave-tensor-solar-define_patch_characteristics]" time="0.018" /><testcase classname="" name="test_original_typed_patch_packet[False-0-option4-raw-cylinder-Kside_veg_v2022a]" time="0.034" /><testcase classname="" name="test_original_typed_patch_packet[False-0-option4-raw-longwave-tensor-solar-Lcyl_v2022a]" time="0.018" /><testcase classname="" name="test_original_typed_patch_packet[False-0-option4-raw-longwave-tensor-solar-define_patch_characteristics]" time="0.018" /><testcase classname="" name="test_original_typed_patch_packet[False-1-original-small-daytime-step12-Kside_veg_v2022a]" time="1.240" /><testcase classname="" name="test_original_typed_patch_packet[False-1-original-small-daytime-step12-Lcyl_v2022a]" time="0.185" /><testcase classname="" name="test_original_typed_patch_packet[False-1-original-small-daytime-step12-define_patch_characteristics]" time="1.565" /><testcase classname="" name="test_original_typed_patch_packet[False-1-option1-binary-cylinder-Kside_veg_v2022a]" time="0.011" /><testcase classname="" name="test_original_typed_patch_packet[False-1-option1-binary-box-tensor-azimuth-Kside_veg_v2022a]" time="0.012" /><testcase classname="" name="test_original_typed_patch_packet[False-1-option1-binary-longwave-tensor-solar-Lcyl_v2022a]" time="1.514" /><testcase classname="" name="test_original_typed_patch_packet[False-1-option1-binary-longwave-tensor-solar-define_patch_characteristics]" time="1.370" /><testcase classname="" name="test_original_typed_patch_packet[False-1-option1-raw-cylinder-Kside_veg_v2022a]" time="0.011" /><testcase classname="" name="test_original_typed_patch_packet[False-1-option1-raw-longwave-tensor-solar-Lcyl_v2022a]" time="0.007" /><testcase classname="" name="test_original_typed_patch_packet[False-1-option1-raw-longwave-tensor-solar-define_patch_characteristics]" time="0.007" /><testcase classname="" name="test_original_typed_patch_packet[False-1-option2-binary-cylinder-Kside_veg_v2022a]" time="0.011" /><testcase classname="" name="test_original_typed_patch_packet[False-1-option2-binary-box-tensor-azimuth-Kside_veg_v2022a]" time="0.011" /><testcase classname="" name="test_original_typed_patch_packet[False-1-option2-binary-longwave-tensor-solar-Lcyl_v2022a]" time="0.007" /><testcase classname="" name="test_original_typed_patch_packet[False-1-option2-binary-longwave-tensor-solar-define_patch_characteristics]" time="0.007" /><testcase classname="" name="test_original_typed_patch_packet[False-1-option2-raw-cylinder-Kside_veg_v2022a]" time="0.011" /><testcase classname="" name="test_original_typed_patch_packet[False-1-option2-raw-longwave-tensor-solar-Lcyl_v2022a]" time="0.007" /><testcase classname="" name="test_original_typed_patch_packet[False-1-option2-raw-longwave-tensor-solar-define_patch_characteristics]" time="0.007" /><testcase classname="" name="test_original_typed_patch_packet[False-1-option3-binary-cylinder-Kside_veg_v2022a]" time="0.018" /><testcase classname="" name="test_original_typed_patch_packet[False-1-option3-binary-box-tensor-azimuth-Kside_veg_v2022a]" time="0.018" /><testcase classname="" name="test_original_typed_patch_packet[False-1-option3-binary-longwave-tensor-solar-Lcyl_v2022a]" time="0.010" /><testcase classname="" name="test_original_typed_patch_packet[False-1-option3-binary-longwave-tensor-solar-define_patch_characteristics]" time="0.010" /><testcase classname="" name="test_original_typed_patch_packet[False-1-option3-raw-cylinder-Kside_veg_v2022a]" time="0.020" /><testcase classname="" name="test_original_typed_patch_packet[False-1-option3-raw-longwave-tensor-solar-Lcyl_v2022a]" time="0.010" /><testcase classname="" name="test_original_typed_patch_packet[False-1-option3-raw-longwave-tensor-solar-define_patch_characteristics]" time="0.011" /><testcase classname="" name="test_original_typed_patch_packet[False-1-option4-binary-cylinder-Kside_veg_v2022a]" time="0.033" /><testcase classname="" name="test_original_typed_patch_packet[False-1-option4-binary-box-tensor-azimuth-Kside_veg_v2022a]" time="0.033" /><testcase classname="" name="test_original_typed_patch_packet[False-1-option4-binary-longwave-tensor-solar-Lcyl_v2022a]" time="0.018" /><testcase classname="" name="test_original_typed_patch_packet[False-1-option4-binary-longwave-tensor-solar-define_patch_characteristics]" time="0.018" /><testcase classname="" name="test_original_typed_patch_packet[False-1-option4-raw-cylinder-Kside_veg_v2022a]" time="0.033" /><testcase classname="" name="test_original_typed_patch_packet[False-1-option4-raw-longwave-tensor-solar-Lcyl_v2022a]" time="0.018" /><testcase classname="" name="test_original_typed_patch_packet[False-1-option4-raw-longwave-tensor-solar-define_patch_characteristics]" time="0.018" /><testcase classname="" name="test_original_typed_patch_packet[False-4-original-small-daytime-step12-Kside_veg_v2022a]" time="0.246" /><testcase classname="" name="test_original_typed_patch_packet[False-4-original-small-daytime-step12-Lcyl_v2022a]" time="0.187" /><testcase classname="" name="test_original_typed_patch_packet[False-4-original-small-daytime-step12-define_patch_characteristics]" time="0.195" /><testcase classname="" name="test_original_typed_patch_packet[False-4-option1-binary-cylinder-Kside_veg_v2022a]" time="0.010" /><testcase classname="" name="test_original_typed_patch_packet[False-4-option1-binary-box-tensor-azimuth-Kside_veg_v2022a]" time="0.010" /><testcase classname="" name="test_original_typed_patch_packet[False-4-option1-binary-longwave-tensor-solar-Lcyl_v2022a]" time="0.006" /><testcase classname="" name="test_original_typed_patch_packet[False-4-option1-binary-longwave-tensor-solar-define_patch_characteristics]" time="0.006" /><testcase classname="" name="test_original_typed_patch_packet[False-4-option1-raw-cylinder-Kside_veg_v2022a]" time="0.011" /><testcase classname="" name="test_original_typed_patch_packet[False-4-option1-raw-longwave-tensor-solar-Lcyl_v2022a]" time="0.006" /><testcase classname="" name="test_original_typed_patch_packet[False-4-option1-raw-longwave-tensor-solar-define_patch_characteristics]" time="0.007" /><testcase classname="" name="test_original_typed_patch_packet[False-4-option2-binary-cylinder-Kside_veg_v2022a]" time="0.011" /><testcase classname="" name="test_original_typed_patch_packet[False-4-option2-binary-box-tensor-azimuth-Kside_veg_v2022a]" time="0.010" /><testcase classname="" name="test_original_typed_patch_packet[False-4-option2-binary-longwave-tensor-solar-Lcyl_v2022a]" time="0.006" /><testcase classname="" name="test_original_typed_patch_packet[False-4-option2-binary-longwave-tensor-solar-define_patch_characteristics]" time="0.006" /><testcase classname="" name="test_original_typed_patch_packet[False-4-option2-raw-cylinder-Kside_veg_v2022a]" time="0.010" /><testcase classname="" name="test_original_typed_patch_packet[False-4-option2-raw-longwave-tensor-solar-Lcyl_v2022a]" time="0.006" /><testcase classname="" name="test_original_typed_patch_packet[False-4-option2-raw-longwave-tensor-solar-define_patch_characteristics]" time="0.007" /><testcase classname="" name="test_original_typed_patch_packet[False-4-option3-binary-cylinder-Kside_veg_v2022a]" time="0.018" /><testcase classname="" name="test_original_typed_patch_packet[False-4-option3-binary-box-tensor-azimuth-Kside_veg_v2022a]" time="0.017" /><testcase classname="" name="test_original_typed_patch_packet[False-4-option3-binary-longwave-tensor-solar-Lcyl_v2022a]" time="0.010" /><testcase classname="" name="test_original_typed_patch_packet[False-4-option3-binary-longwave-tensor-solar-define_patch_characteristics]" time="0.010" /><testcase classname="" name="test_original_typed_patch_packet[False-4-option3-raw-cylinder-Kside_veg_v2022a]" time="0.018" /><testcase classname="" name="test_original_typed_patch_packet[False-4-option3-raw-longwave-tensor-solar-Lcyl_v2022a]" time="0.010" /><testcase classname="" name="test_original_typed_patch_packet[False-4-option3-raw-longwave-tensor-solar-define_patch_characteristics]" time="0.011" /><testcase classname="" name="test_original_typed_patch_packet[False-4-option4-binary-cylinder-Kside_veg_v2022a]" time="0.033" /><testcase classname="" name="test_original_typed_patch_packet[False-4-option4-binary-box-tensor-azimuth-Kside_veg_v2022a]" time="0.033" /><testcase classname="" name="test_original_typed_patch_packet[False-4-option4-binary-longwave-tensor-solar-Lcyl_v2022a]" time="0.017" /><testcase classname="" name="test_original_typed_patch_packet[False-4-option4-binary-longwave-tensor-solar-define_patch_characteristics]" time="0.018" /><testcase classname="" name="test_original_typed_patch_packet[False-4-option4-raw-cylinder-Kside_veg_v2022a]" time="0.033" /><testcase classname="" name="test_original_typed_patch_packet[False-4-option4-raw-longwave-tensor-solar-Lcyl_v2022a]" time="0.017" /><testcase classname="" name="test_original_typed_patch_packet[False-4-option4-raw-longwave-tensor-solar-define_patch_characteristics]" time="0.018" /><testcase classname="" name="test_original_typed_patch_packet[False-10-original-small-daytime-step12-Kside_veg_v2022a]" time="0.255" /><testcase classname="" name="test_original_typed_patch_packet[False-10-original-small-daytime-step12-Lcyl_v2022a]" time="0.204" /><testcase classname="" name="test_original_typed_patch_packet[False-10-original-small-daytime-step12-define_patch_characteristics]" time="0.227" /><testcase classname="" name="test_original_typed_patch_packet[False-10-option1-binary-cylinder-Kside_veg_v2022a]" time="0.014" /><testcase classname="" name="test_original_typed_patch_packet[False-10-option1-binary-box-tensor-azimuth-Kside_veg_v2022a]" time="0.011" /><testcase classname="" name="test_original_typed_patch_packet[False-10-option1-binary-longwave-tensor-solar-Lcyl_v2022a]" time="0.007" /><testcase classname="" name="test_original_typed_patch_packet[False-10-option1-binary-longwave-tensor-solar-define_patch_characteristics]" time="0.008" /><testcase classname="" name="test_original_typed_patch_packet[False-10-option1-raw-cylinder-Kside_veg_v2022a]" time="0.011" /><testcase classname="" name="test_original_typed_patch_packet[False-10-option1-raw-longwave-tensor-solar-Lcyl_v2022a]" time="0.007" /><testcase classname="" name="test_original_typed_patch_packet[False-10-option1-raw-longwave-tensor-solar-define_patch_characteristics]" time="0.008" /><testcase classname="" name="test_original_typed_patch_packet[False-10-option2-binary-cylinder-Kside_veg_v2022a]" time="0.012" /><testcase classname="" name="test_original_typed_patch_packet[False-10-option2-binary-box-tensor-azimuth-Kside_veg_v2022a]" time="0.011" /><testcase classname="" name="test_original_typed_patch_packet[False-10-option2-binary-longwave-tensor-solar-Lcyl_v2022a]" time="0.007" /><testcase classname="" name="test_original_typed_patch_packet[False-10-option2-binary-longwave-tensor-solar-define_patch_characteristics]" time="0.007" /><testcase classname="" name="test_original_typed_patch_packet[False-10-option2-raw-cylinder-Kside_veg_v2022a]" time="0.011" /><testcase classname="" name="test_original_typed_patch_packet[False-10-option2-raw-longwave-tensor-solar-Lcyl_v2022a]" time="0.007" /><testcase classname="" name="test_original_typed_patch_packet[False-10-option2-raw-longwave-tensor-solar-define_patch_characteristics]" time="0.007" /><testcase classname="" name="test_original_typed_patch_packet[False-10-option3-binary-cylinder-Kside_veg_v2022a]" time="0.018" /><testcase classname="" name="test_original_typed_patch_packet[False-10-option3-binary-box-tensor-azimuth-Kside_veg_v2022a]" time="0.018" /><testcase classname="" name="test_original_typed_patch_packet[False-10-option3-binary-longwave-tensor-solar-Lcyl_v2022a]" time="0.011" /><testcase classname="" name="test_original_typed_patch_packet[False-10-option3-binary-longwave-tensor-solar-define_patch_characteristics]" time="0.011" /><testcase classname="" name="test_original_typed_patch_packet[False-10-option3-raw-cylinder-Kside_veg_v2022a]" time="0.019" /><testcase classname="" name="test_original_typed_patch_packet[False-10-option3-raw-longwave-tensor-solar-Lcyl_v2022a]" time="0.010" /><testcase classname="" name="test_original_typed_patch_packet[False-10-option3-raw-longwave-tensor-solar-define_patch_characteristics]" time="0.011" /><testcase classname="" name="test_original_typed_patch_packet[False-10-option4-binary-cylinder-Kside_veg_v2022a]" time="0.034" /><testcase classname="" name="test_original_typed_patch_packet[False-10-option4-binary-box-tensor-azimuth-Kside_veg_v2022a]" time="0.034" /><testcase classname="" name="test_original_typed_patch_packet[False-10-option4-binary-longwave-tensor-solar-Lcyl_v2022a]" time="0.018" /><testcase classname="" name="test_original_typed_patch_packet[False-10-option4-binary-longwave-tensor-solar-define_patch_characteristics]" time="0.019" /><testcase classname="" name="test_original_typed_patch_packet[False-10-option4-raw-cylinder-Kside_veg_v2022a]" time="0.034" /><testcase classname="" name="test_original_typed_patch_packet[False-10-option4-raw-longwave-tensor-solar-Lcyl_v2022a]" time="0.018" /><testcase classname="" name="test_original_typed_patch_packet[False-10-option4-raw-longwave-tensor-solar-define_patch_characteristics]" time="0.018" /><testcase classname="" name="test_original_typed_patch_packet[True-0-original-small-daytime-step12-Kside_veg_v2022a]" time="0.033" /><testcase classname="" name="test_original_typed_patch_packet[True-0-original-small-daytime-step12-Lcyl_v2022a]" time="0.024" /><testcase classname="" name="test_original_typed_patch_packet[True-0-original-small-daytime-step12-define_patch_characteristics]" time="0.026" /><testcase classname="" name="test_original_typed_patch_packet[True-0-option1-binary-cylinder-Kside_veg_v2022a]" time="0.012" /><testcase classname="" name="test_original_typed_patch_packet[True-0-option1-binary-box-tensor-azimuth-Kside_veg_v2022a]" time="0.012" /><testcase classname="" name="test_original_typed_patch_packet[True-0-option1-binary-longwave-tensor-solar-Lcyl_v2022a]" time="0.008" /><testcase classname="" name="test_original_typed_patch_packet[True-0-option1-binary-longwave-tensor-solar-define_patch_characteristics]" time="0.008" /><testcase classname="" name="test_original_typed_patch_packet[True-0-option1-raw-cylinder-Kside_veg_v2022a]" time="0.010" /><testcase classname="" name="test_original_typed_patch_packet[True-0-option1-raw-longwave-tensor-solar-Lcyl_v2022a]" time="0.006" /><testcase classname="" name="test_original_typed_patch_packet[True-0-option1-raw-longwave-tensor-solar-define_patch_characteristics]" time="0.007" /><testcase classname="" name="test_original_typed_patch_packet[True-0-option2-binary-cylinder-Kside_veg_v2022a]" time="0.012" /><testcase classname="" name="test_original_typed_patch_packet[True-0-option2-binary-box-tensor-azimuth-Kside_veg_v2022a]" time="0.013" /><testcase classname="" name="test_original_typed_patch_packet[True-0-option2-binary-longwave-tensor-solar-Lcyl_v2022a]" time="0.008" /><testcase classname="" name="test_original_typed_patch_packet[True-0-option2-binary-longwave-tensor-solar-define_patch_characteristics]" time="0.008" /><testcase classname="" name="test_original_typed_patch_packet[True-0-option2-raw-cylinder-Kside_veg_v2022a]" time="0.011" /><testcase classname="" name="test_original_typed_patch_packet[True-0-option2-raw-longwave-tensor-solar-Lcyl_v2022a]" time="0.006" /><testcase classname="" name="test_original_typed_patch_packet[True-0-option2-raw-longwave-tensor-solar-define_patch_characteristics]" time="0.007" /><testcase classname="" name="test_original_typed_patch_packet[True-0-option3-binary-cylinder-Kside_veg_v2022a]" time="0.022" /><testcase classname="" name="test_original_typed_patch_packet[True-0-option3-binary-box-tensor-azimuth-Kside_veg_v2022a]" time="0.022" /><testcase classname="" name="test_original_typed_patch_packet[True-0-option3-binary-longwave-tensor-solar-Lcyl_v2022a]" time="0.014" /><testcase classname="" name="test_original_typed_patch_packet[True-0-option3-binary-longwave-tensor-solar-define_patch_characteristics]" time="0.014" /><testcase classname="" name="test_original_typed_patch_packet[True-0-option3-raw-cylinder-Kside_veg_v2022a]" time="0.018" /><testcase classname="" name="test_original_typed_patch_packet[True-0-option3-raw-longwave-tensor-solar-Lcyl_v2022a]" time="0.010" /><testcase classname="" name="test_original_typed_patch_packet[True-0-option3-raw-longwave-tensor-solar-define_patch_characteristics]" time="0.011" /><testcase classname="" name="test_original_typed_patch_packet[True-0-option4-binary-cylinder-Kside_veg_v2022a]" time="0.041" /><testcase classname="" name="test_original_typed_patch_packet[True-0-option4-binary-box-tensor-azimuth-Kside_veg_v2022a]" time="0.039" /><testcase classname="" name="test_original_typed_patch_packet[True-0-option4-binary-longwave-tensor-solar-Lcyl_v2022a]" time="0.024" /><testcase classname="" name="test_original_typed_patch_packet[True-0-option4-binary-longwave-tensor-solar-define_patch_characteristics]" time="0.026" /><testcase classname="" name="test_original_typed_patch_packet[True-0-option4-raw-cylinder-Kside_veg_v2022a]" time="0.034" /><testcase classname="" name="test_original_typed_patch_packet[True-0-option4-raw-longwave-tensor-solar-Lcyl_v2022a]" time="0.018" /><testcase classname="" name="test_original_typed_patch_packet[True-0-option4-raw-longwave-tensor-solar-define_patch_characteristics]" time="0.019" /><testcase classname="" name="test_original_typed_patch_packet[True-1-original-small-daytime-step12-Kside_veg_v2022a]" time="0.055" /><testcase classname="" name="test_original_typed_patch_packet[True-1-original-small-daytime-step12-Lcyl_v2022a]" time="0.043" /><testcase classname="" name="test_original_typed_patch_packet[True-1-original-small-daytime-step12-define_patch_characteristics]" time="0.051" /><testcase classname="" name="test_original_typed_patch_packet[True-1-option1-binary-cylinder-Kside_veg_v2022a]" time="0.013" /><testcase classname="" name="test_original_typed_patch_packet[True-1-option1-binary-box-tensor-azimuth-Kside_veg_v2022a]" time="0.013" /><testcase classname="" name="test_original_typed_patch_packet[True-1-option1-binary-longwave-tensor-solar-Lcyl_v2022a]" time="0.008" /><testcase classname="" name="test_original_typed_patch_packet[True-1-option1-binary-longwave-tensor-solar-define_patch_characteristics]" time="0.009" /><testcase classname="" name="test_original_typed_patch_packet[True-1-option1-raw-cylinder-Kside_veg_v2022a]" time="0.011" /><testcase classname="" name="test_original_typed_patch_packet[True-1-option1-raw-longwave-tensor-solar-Lcyl_v2022a]" time="0.007" /><testcase classname="" name="test_original_typed_patch_packet[True-1-option1-raw-longwave-tensor-solar-define_patch_characteristics]" time="0.007" /><testcase classname="" name="test_original_typed_patch_packet[True-1-option2-binary-cylinder-Kside_veg_v2022a]" time="0.013" /><testcase classname="" name="test_original_typed_patch_packet[True-1-option2-binary-box-tensor-azimuth-Kside_veg_v2022a]" time="0.013" /><testcase classname="" name="test_original_typed_patch_packet[True-1-option2-binary-longwave-tensor-solar-Lcyl_v2022a]" time="0.008" /><testcase classname="" name="test_original_typed_patch_packet[True-1-option2-binary-longwave-tensor-solar-define_patch_characteristics]" time="0.008" /><testcase classname="" name="test_original_typed_patch_packet[True-1-option2-raw-cylinder-Kside_veg_v2022a]" time="0.011" /><testcase classname="" name="test_original_typed_patch_packet[True-1-option2-raw-longwave-tensor-solar-Lcyl_v2022a]" time="0.007" /><testcase classname="" name="test_original_typed_patch_packet[True-1-option2-raw-longwave-tensor-solar-define_patch_characteristics]" time="0.007" /><testcase classname="" name="test_original_typed_patch_packet[True-1-option3-binary-cylinder-Kside_veg_v2022a]" time="0.022" /><testcase classname="" name="test_original_typed_patch_packet[True-1-option3-binary-box-tensor-azimuth-Kside_veg_v2022a]" time="0.022" /><testcase classname="" name="test_original_typed_patch_packet[True-1-option3-binary-longwave-tensor-solar-Lcyl_v2022a]" time="0.014" /><testcase classname="" name="test_original_typed_patch_packet[True-1-option3-binary-longwave-tensor-solar-define_patch_characteristics]" time="0.015" /><testcase classname="" name="test_original_typed_patch_packet[True-1-option3-raw-cylinder-Kside_veg_v2022a]" time="0.019" /><testcase classname="" name="test_original_typed_patch_packet[True-1-option3-raw-longwave-tensor-solar-Lcyl_v2022a]" time="0.011" /><testcase classname="" name="test_original_typed_patch_packet[True-1-option3-raw-longwave-tensor-solar-define_patch_characteristics]" time="0.011" /><testcase classname="" name="test_original_typed_patch_packet[True-1-option4-binary-cylinder-Kside_veg_v2022a]" time="0.041" /><testcase classname="" name="test_original_typed_patch_packet[True-1-option4-binary-box-tensor-azimuth-Kside_veg_v2022a]" time="0.041" /><testcase classname="" name="test_original_typed_patch_packet[True-1-option4-binary-longwave-tensor-solar-Lcyl_v2022a]" time="0.026" /><testcase classname="" name="test_original_typed_patch_packet[True-1-option4-binary-longwave-tensor-solar-define_patch_characteristics]" time="0.027" /><testcase classname="" name="test_original_typed_patch_packet[True-1-option4-raw-cylinder-Kside_veg_v2022a]" time="0.035" /><testcase classname="" name="test_original_typed_patch_packet[True-1-option4-raw-longwave-tensor-solar-Lcyl_v2022a]" time="0.019" /><testcase classname="" name="test_original_typed_patch_packet[True-1-option4-raw-longwave-tensor-solar-define_patch_characteristics]" time="0.019" /><testcase classname="" name="test_original_typed_patch_packet[True-4-original-small-daytime-step12-Kside_veg_v2022a]" time="0.060" /><testcase classname="" name="test_original_typed_patch_packet[True-4-original-small-daytime-step12-Lcyl_v2022a]" time="0.050" /><testcase classname="" name="test_original_typed_patch_packet[True-4-original-small-daytime-step12-define_patch_characteristics]" time="0.050" /><testcase classname="" name="test_original_typed_patch_packet[True-4-option1-binary-cylinder-Kside_veg_v2022a]" time="0.012" /><testcase classname="" name="test_original_typed_patch_packet[True-4-option1-binary-box-tensor-azimuth-Kside_veg_v2022a]" time="0.013" /><testcase classname="" name="test_original_typed_patch_packet[True-4-option1-binary-longwave-tensor-solar-Lcyl_v2022a]" time="0.009" /><testcase classname="" name="test_original_typed_patch_packet[True-4-option1-binary-longwave-tensor-solar-define_patch_characteristics]" time="0.009" /><testcase classname="" name="test_original_typed_patch_packet[True-4-option1-raw-cylinder-Kside_veg_v2022a]" time="0.012" /><testcase classname="" name="test_original_typed_patch_packet[True-4-option1-raw-longwave-tensor-solar-Lcyl_v2022a]" time="0.007" /><testcase classname="" name="test_original_typed_patch_packet[True-4-option1-raw-longwave-tensor-solar-define_patch_characteristics]" time="0.007" /><testcase classname="" name="test_original_typed_patch_packet[True-4-option2-binary-cylinder-Kside_veg_v2022a]" time="0.013" /><testcase classname="" name="test_original_typed_patch_packet[True-4-option2-binary-box-tensor-azimuth-Kside_veg_v2022a]" time="0.013" /><testcase classname="" name="test_original_typed_patch_packet[True-4-option2-binary-longwave-tensor-solar-Lcyl_v2022a]" time="0.009" /><testcase classname="" name="test_original_typed_patch_packet[True-4-option2-binary-longwave-tensor-solar-define_patch_characteristics]" time="0.009" /><testcase classname="" name="test_original_typed_patch_packet[True-4-option2-raw-cylinder-Kside_veg_v2022a]" time="0.011" /><testcase classname="" name="test_original_typed_patch_packet[True-4-option2-raw-longwave-tensor-solar-Lcyl_v2022a]" time="0.007" /><testcase classname="" name="test_original_typed_patch_packet[True-4-option2-raw-longwave-tensor-solar-define_patch_characteristics]" time="0.007" /><testcase classname="" name="test_original_typed_patch_packet[True-4-option3-binary-cylinder-Kside_veg_v2022a]" time="0.023" /><testcase classname="" name="test_original_typed_patch_packet[True-4-option3-binary-box-tensor-azimuth-Kside_veg_v2022a]" time="0.023" /><testcase classname="" name="test_original_typed_patch_packet[True-4-option3-binary-longwave-tensor-solar-Lcyl_v2022a]" time="0.014" /><testcase classname="" name="test_original_typed_patch_packet[True-4-option3-binary-longwave-tensor-solar-define_patch_characteristics]" time="0.014" /><testcase classname="" name="test_original_typed_patch_packet[True-4-option3-raw-cylinder-Kside_veg_v2022a]" time="0.019" /><testcase classname="" name="test_original_typed_patch_packet[True-4-option3-raw-longwave-tensor-solar-Lcyl_v2022a]" time="0.011" /><testcase classname="" name="test_original_typed_patch_packet[True-4-option3-raw-longwave-tensor-solar-define_patch_characteristics]" time="0.012" /><testcase classname="" name="test_original_typed_patch_packet[True-4-option4-binary-cylinder-Kside_veg_v2022a]" time="0.042" /><testcase classname="" name="test_original_typed_patch_packet[True-4-option4-binary-box-tensor-azimuth-Kside_veg_v2022a]" time="0.041" /><testcase classname="" name="test_original_typed_patch_packet[True-4-option4-binary-longwave-tensor-solar-Lcyl_v2022a]" time="0.025" /><testcase classname="" name="test_original_typed_patch_packet[True-4-option4-binary-longwave-tensor-solar-define_patch_characteristics]" time="0.026" /><testcase classname="" name="test_original_typed_patch_packet[True-4-option4-raw-cylinder-Kside_veg_v2022a]" time="0.035" /><testcase classname="" name="test_original_typed_patch_packet[True-4-option4-raw-longwave-tensor-solar-Lcyl_v2022a]" time="0.019" /><testcase classname="" name="test_original_typed_patch_packet[True-4-option4-raw-longwave-tensor-solar-define_patch_characteristics]" time="0.020" /><testcase classname="" name="test_original_typed_patch_packet[True-10-original-small-daytime-step12-Kside_veg_v2022a]" time="0.067" /><testcase classname="" name="test_original_typed_patch_packet[True-10-original-small-daytime-step12-Lcyl_v2022a]" time="0.059" /><testcase classname="" name="test_original_typed_patch_packet[True-10-original-small-daytime-step12-define_patch_characteristics]" time="0.059" /><testcase classname="" name="test_original_typed_patch_packet[True-10-option1-binary-cylinder-Kside_veg_v2022a]" time="0.013" /><testcase classname="" name="test_original_typed_patch_packet[True-10-option1-binary-box-tensor-azimuth-Kside_veg_v2022a]" time="0.012" /><testcase classname="" name="test_original_typed_patch_packet[True-10-option1-binary-longwave-tensor-solar-Lcyl_v2022a]" time="0.009" /><testcase classname="" name="test_original_typed_patch_packet[True-10-option1-binary-longwave-tensor-solar-define_patch_characteristics]" time="0.009" /><testcase classname="" name="test_original_typed_patch_packet[True-10-option1-raw-cylinder-Kside_veg_v2022a]" time="0.011" /><testcase classname="" name="test_original_typed_patch_packet[True-10-option1-raw-longwave-tensor-solar-Lcyl_v2022a]" time="0.007" /><testcase classname="" name="test_original_typed_patch_packet[True-10-option1-raw-longwave-tensor-solar-define_patch_characteristics]" time="0.008" /><testcase classname="" name="test_original_typed_patch_packet[True-10-option2-binary-cylinder-Kside_veg_v2022a]" time="0.013" /><testcase classname="" name="test_original_typed_patch_packet[True-10-option2-binary-box-tensor-azimuth-Kside_veg_v2022a]" time="0.013" /><testcase classname="" name="test_original_typed_patch_packet[True-10-option2-binary-longwave-tensor-solar-Lcyl_v2022a]" time="0.010" /><testcase classname="" name="test_original_typed_patch_packet[True-10-option2-binary-longwave-tensor-solar-define_patch_characteristics]" time="0.010" /><testcase classname="" name="test_original_typed_patch_packet[True-10-option2-raw-cylinder-Kside_veg_v2022a]" time="0.012" /><testcase classname="" name="test_original_typed_patch_packet[True-10-option2-raw-longwave-tensor-solar-Lcyl_v2022a]" time="0.008" /><testcase classname="" name="test_original_typed_patch_packet[True-10-option2-raw-longwave-tensor-solar-define_patch_characteristics]" time="0.008" /><testcase classname="" name="test_original_typed_patch_packet[True-10-option3-binary-cylinder-Kside_veg_v2022a]" time="0.023" /><testcase classname="" name="test_original_typed_patch_packet[True-10-option3-binary-box-tensor-azimuth-Kside_veg_v2022a]" time="0.023" /><testcase classname="" name="test_original_typed_patch_packet[True-10-option3-binary-longwave-tensor-solar-Lcyl_v2022a]" time="0.014" /><testcase classname="" name="test_original_typed_patch_packet[True-10-option3-binary-longwave-tensor-solar-define_patch_characteristics]" time="0.015" /><testcase classname="" name="test_original_typed_patch_packet[True-10-option3-raw-cylinder-Kside_veg_v2022a]" time="0.019" /><testcase classname="" name="test_original_typed_patch_packet[True-10-option3-raw-longwave-tensor-solar-Lcyl_v2022a]" time="0.011" /><testcase classname="" name="test_original_typed_patch_packet[True-10-option3-raw-longwave-tensor-solar-define_patch_characteristics]" time="0.012" /><testcase classname="" name="test_original_typed_patch_packet[True-10-option4-binary-cylinder-Kside_veg_v2022a]" time="0.041" /><testcase classname="" name="test_original_typed_patch_packet[True-10-option4-binary-box-tensor-azimuth-Kside_veg_v2022a]" time="0.041" /><testcase classname="" name="test_original_typed_patch_packet[True-10-option4-binary-longwave-tensor-solar-Lcyl_v2022a]" time="0.026" /><testcase classname="" name="test_original_typed_patch_packet[True-10-option4-binary-longwave-tensor-solar-define_patch_characteristics]" time="0.026" /><testcase classname="" name="test_original_typed_patch_packet[True-10-option4-raw-cylinder-Kside_veg_v2022a]" time="0.035" /><testcase classname="" name="test_original_typed_patch_packet[True-10-option4-raw-longwave-tensor-solar-Lcyl_v2022a]" time="0.019" /><testcase classname="" name="test_original_typed_patch_packet[True-10-option4-raw-longwave-tensor-solar-define_patch_characteristics]" time="0.019" /><testcase classname="" name="test_original_packet_provenance_and_failures" time="0.000" /><testcase classname="" name="test_geometry_cache_is_immutable_bounded_and_has_no_forcing" time="0.026" /><testcase classname="" name="test_packed_visibility_never_decodes_a_full_plane_or_cube[Kside_veg_v2022a-1]" time="0.046" /><testcase classname="" name="test_packed_visibility_never_decodes_a_full_plane_or_cube[Kside_veg_v2022a-7]" time="0.018" /><testcase classname="" name="test_packed_visibility_never_decodes_a_full_plane_or_cube[Kside_veg_v2022a-128]" time="0.013" /><testcase classname="" name="test_packed_visibility_never_decodes_a_full_plane_or_cube[Lcyl_v2022a-1]" time="0.035" /><testcase classname="" name="test_packed_visibility_never_decodes_a_full_plane_or_cube[Lcyl_v2022a-7]" time="0.013" /><testcase classname="" name="test_packed_visibility_never_decodes_a_full_plane_or_cube[Lcyl_v2022a-128]" time="0.009" /><testcase classname="" name="test_unsupported_float64_profile_retains_serial_reference" time="0.021" /><testcase classname="" name="test_compiled_patch_parallel_diagnostics" time="0.068" /><testcase classname="" name="test_cached_model2_preserves_per_step_coefficient_arithmetic[1]" time="0.004" /><testcase classname="" name="test_cached_model2_preserves_per_step_coefficient_arithmetic[2]" time="0.001" /><testcase classname="" name="test_cached_model2_preserves_per_step_coefficient_arithmetic[3]" time="0.006" /><testcase classname="" name="test_cached_model2_preserves_per_step_coefficient_arithmetic[4]" time="0.012" /><testcase classname="" name="test_warm_longwave_uses_cached_bands_and_fixed_cardinal_geometry" time="0.006" /><testcase classname="" name="test_every_original_failed_frame_preserves_exception[False-option1-binary-box-python-azimuth-Kside_veg_v2022a]" time="0.002" /><testcase classname="" name="test_every_original_failed_frame_preserves_exception[False-option1-binary-longwave-python-solar-Lcyl_v2022a]" time="0.003" /><testcase classname="" name="test_every_original_failed_frame_preserves_exception[False-option1-binary-longwave-python-solar-define_patch_characteristics]" time="0.001" /><testcase classname="" name="test_every_original_failed_frame_preserves_exception[False-option1-raw-longwave-python-solar-Lcyl_v2022a]" time="0.003" /><testcase classname="" name="test_every_original_failed_frame_preserves_exception[False-option1-raw-longwave-python-solar-define_patch_characteristics]" time="0.002" /><testcase classname="" name="test_every_original_failed_frame_preserves_exception[False-option2-binary-box-python-azimuth-Kside_veg_v2022a]" time="0.002" /><testcase classname="" name="test_every_original_failed_frame_preserves_exception[False-option2-binary-longwave-python-solar-Lcyl_v2022a]" time="0.003" /><testcase classname="" name="test_every_original_failed_frame_preserves_exception[False-option2-binary-longwave-python-solar-define_patch_characteristics]" time="0.001" /><testcase classname="" name="test_every_original_failed_frame_preserves_exception[False-option2-raw-longwave-python-solar-Lcyl_v2022a]" time="0.003" /><testcase classname="" name="test_every_original_failed_frame_preserves_exception[False-option2-raw-longwave-python-solar-define_patch_characteristics]" time="0.001" /><testcase classname="" name="test_every_original_failed_frame_preserves_exception[False-option3-binary-box-python-azimuth-Kside_veg_v2022a]" time="0.002" /><testcase classname="" name="test_every_original_failed_frame_preserves_exception[False-option3-binary-longwave-python-solar-Lcyl_v2022a]" time="0.005" /><testcase classname="" name="test_every_original_failed_frame_preserves_exception[False-option3-binary-longwave-python-solar-define_patch_characteristics]" time="0.001" /><testcase classname="" name="test_every_original_failed_frame_preserves_exception[False-option3-raw-longwave-python-solar-Lcyl_v2022a]" time="0.004" /><testcase classname="" name="test_every_original_failed_frame_preserves_exception[False-option3-raw-longwave-python-solar-define_patch_characteristics]" time="0.001" /><testcase classname="" name="test_every_original_failed_frame_preserves_exception[False-option4-binary-box-python-azimuth-Kside_veg_v2022a]" time="0.002" /><testcase classname="" name="test_every_original_failed_frame_preserves_exception[False-option4-binary-longwave-python-solar-Lcyl_v2022a]" time="0.008" /><testcase classname="" name="test_every_original_failed_frame_preserves_exception[False-option4-binary-longwave-python-solar-define_patch_characteristics]" time="0.002" /><testcase classname="" name="test_every_original_failed_frame_preserves_exception[False-option4-raw-longwave-python-solar-Lcyl_v2022a]" time="0.008" /><testcase classname="" name="test_every_original_failed_frame_preserves_exception[False-option4-raw-longwave-python-solar-define_patch_characteristics]" time="0.002" /><testcase classname="" name="test_every_original_failed_frame_preserves_exception[True-option1-binary-box-python-azimuth-Kside_veg_v2022a]" time="0.002" /><testcase classname="" name="test_every_original_failed_frame_preserves_exception[True-option1-binary-longwave-python-solar-Lcyl_v2022a]" time="0.003" /><testcase classname="" name="test_every_original_failed_frame_preserves_exception[True-option1-binary-longwave-python-solar-define_patch_characteristics]" time="0.001" /><testcase classname="" name="test_every_original_failed_frame_preserves_exception[True-option1-raw-longwave-python-solar-Lcyl_v2022a]" time="0.003" /><testcase classname="" name="test_every_original_failed_frame_preserves_exception[True-option1-raw-longwave-python-solar-define_patch_characteristics]" time="0.001" /><testcase classname="" name="test_every_original_failed_frame_preserves_exception[True-option2-binary-box-python-azimuth-Kside_veg_v2022a]" time="0.002" /><testcase classname="" name="test_every_original_failed_frame_preserves_exception[True-option2-binary-longwave-python-solar-Lcyl_v2022a]" time="0.003" /><testcase classname="" name="test_every_original_failed_frame_preserves_exception[True-option2-binary-longwave-python-solar-define_patch_characteristics]" time="0.001" /><testcase classname="" name="test_every_original_failed_frame_preserves_exception[True-option2-raw-longwave-python-solar-Lcyl_v2022a]" time="0.003" /><testcase classname="" name="test_every_original_failed_frame_preserves_exception[True-option2-raw-longwave-python-solar-define_patch_characteristics]" time="0.001" /><testcase classname="" name="test_every_original_failed_frame_preserves_exception[True-option3-binary-box-python-azimuth-Kside_veg_v2022a]" time="0.002" /><testcase classname="" name="test_every_original_failed_frame_preserves_exception[True-option3-binary-longwave-python-solar-Lcyl_v2022a]" time="0.004" /><testcase classname="" name="test_every_original_failed_frame_preserves_exception[True-option3-binary-longwave-python-solar-define_patch_characteristics]" time="0.001" /><testcase classname="" name="test_every_original_failed_frame_preserves_exception[True-option3-raw-longwave-python-solar-Lcyl_v2022a]" time="0.005" /><testcase classname="" name="test_every_original_failed_frame_preserves_exception[True-option3-raw-longwave-python-solar-define_patch_characteristics]" time="0.002" /><testcase classname="" name="test_every_original_failed_frame_preserves_exception[True-option4-binary-box-python-azimuth-Kside_veg_v2022a]" time="0.002" /><testcase classname="" name="test_every_original_failed_frame_preserves_exception[True-option4-binary-longwave-python-solar-Lcyl_v2022a]" time="0.007" /><testcase classname="" name="test_every_original_failed_frame_preserves_exception[True-option4-binary-longwave-python-solar-define_patch_characteristics]" time="0.001" /><testcase classname="" name="test_every_original_failed_frame_preserves_exception[True-option4-raw-longwave-python-solar-Lcyl_v2022a]" time="0.008" /><testcase classname="" name="test_every_original_failed_frame_preserves_exception[True-option4-raw-longwave-python-solar-define_patch_characteristics]" time="0.001" /><testcase classname="" name="test_python_longwave_solar_is_not_rejected_when_night_branch_avoids_tan[Lcyl_v2022a-0.0]" time="0.039" /><testcase classname="" name="test_python_longwave_solar_is_not_rejected_when_night_branch_avoids_tan[Lcyl_v2022a--1.0]" time="0.040" /><testcase classname="" name="test_python_longwave_solar_is_not_rejected_when_night_branch_avoids_tan[define_patch_characteristics-0.0]" time="0.036" /><testcase classname="" name="test_python_longwave_solar_is_not_rejected_when_night_branch_avoids_tan[define_patch_characteristics--1.0]" time="0.036" /><testcase classname="" name="test_engine_dispatch_preserves_every_original_failed_frame[option1-binary-box-python-azimuth-Kside_veg_v2022a]" time="0.002" /><testcase classname="" name="test_engine_dispatch_preserves_every_original_failed_frame[option1-binary-longwave-python-solar-Lcyl_v2022a]" time="0.003" /><testcase classname="" name="test_engine_dispatch_preserves_every_original_failed_frame[option1-binary-longwave-python-solar-define_patch_characteristics]" time="0.001" /><testcase classname="" name="test_engine_dispatch_preserves_every_original_failed_frame[option1-raw-longwave-python-solar-Lcyl_v2022a]" time="0.003" /><testcase classname="" name="test_engine_dispatch_preserves_every_original_failed_frame[option1-raw-longwave-python-solar-define_patch_characteristics]" time="0.001" /><testcase classname="" name="test_engine_dispatch_preserves_every_original_failed_frame[option2-binary-box-python-azimuth-Kside_veg_v2022a]" time="0.001" /><testcase classname="" name="test_engine_dispatch_preserves_every_original_failed_frame[option2-binary-longwave-python-solar-Lcyl_v2022a]" time="0.003" /><testcase classname="" name="test_engine_dispatch_preserves_every_original_failed_frame[option2-binary-longwave-python-solar-define_patch_characteristics]" time="0.001" /><testcase classname="" name="test_engine_dispatch_preserves_every_original_failed_frame[option2-raw-longwave-python-solar-Lcyl_v2022a]" time="0.003" /><testcase classname="" name="test_engine_dispatch_preserves_every_original_failed_frame[option2-raw-longwave-python-solar-define_patch_characteristics]" time="0.001" /><testcase classname="" name="test_engine_dispatch_preserves_every_original_failed_frame[option3-binary-box-python-azimuth-Kside_veg_v2022a]" time="0.002" /><testcase classname="" name="test_engine_dispatch_preserves_every_original_failed_frame[option3-binary-longwave-python-solar-Lcyl_v2022a]" time="0.004" /><testcase classname="" name="test_engine_dispatch_preserves_every_original_failed_frame[option3-binary-longwave-python-solar-define_patch_characteristics]" time="0.001" /><testcase classname="" name="test_engine_dispatch_preserves_every_original_failed_frame[option3-raw-longwave-python-solar-Lcyl_v2022a]" time="0.004" /><testcase classname="" name="test_engine_dispatch_preserves_every_original_failed_frame[option3-raw-longwave-python-solar-define_patch_characteristics]" time="0.001" /><testcase classname="" name="test_engine_dispatch_preserves_every_original_failed_frame[option4-binary-box-python-azimuth-Kside_veg_v2022a]" time="0.002" /><testcase classname="" name="test_engine_dispatch_preserves_every_original_failed_frame[option4-binary-longwave-python-solar-Lcyl_v2022a]" time="0.007" /><testcase classname="" name="test_engine_dispatch_preserves_every_original_failed_frame[option4-binary-longwave-python-solar-define_patch_characteristics]" time="0.001" /><testcase classname="" name="test_engine_dispatch_preserves_every_original_failed_frame[option4-raw-longwave-python-solar-Lcyl_v2022a]" time="0.007" /><testcase classname="" name="test_engine_dispatch_preserves_every_original_failed_frame[option4-raw-longwave-python-solar-define_patch_characteristics]" time="0.002" /><testcase classname="" name="test_native_positive_longwave_solar_with_no_active_patch_uses_reference_order[Lcyl_v2022a]" time="0.002" /><testcase classname="" name="test_native_positive_longwave_solar_with_no_active_patch_uses_reference_order[define_patch_characteristics]" time="0.002" /><testcase classname="" name="test_python_box_azimuth_with_tensorlike_t_remains_valid" time="0.007" /><testcase classname="" name="test_cylinder_python_azimuth_remains_valid" time="0.007" /><testcase classname="" name="test_complete_state_roundtrip_resume[1]" time="1.835" /><testcase classname="" name="test_complete_state_roundtrip_resume[6]" time="1.712" /><testcase classname="" name="test_complete_state_roundtrip_resume[12]" time="1.738" /><testcase classname="" name="test_complete_state_roundtrip_resume[18]" time="1.763" /><testcase classname="" name="test_complete_state_roundtrip_resume[23]" time="1.723" /><testcase classname="" name="test_fingerprints_content_not_stat" time="0.001" /><testcase classname="" name="test_roundtrip_owned_mappings_close" time="0.064" /><testcase classname="" name="test_every_declared_dependency_affects_key[input]" time="0.001" /><testcase classname="" name="test_every_declared_dependency_affects_key[metadata]" time="0.001" /><testcase classname="" name="test_every_declared_dependency_affects_key[nodata]" time="0.001" /><testcase classname="" name="test_every_declared_dependency_affects_key[domain]" time="0.001" /><testcase classname="" name="test_every_declared_dependency_affects_key[normalization]" time="0.001" /><testcase classname="" name="test_every_declared_dependency_affects_key[patches]" time="0.001" /><testcase classname="" name="test_every_declared_dependency_affects_key[canopy]" time="0.001" /><testcase classname="" name="test_every_declared_dependency_affects_key[trunk]" time="0.001" /><testcase classname="" name="test_every_declared_dependency_affects_key[transmission]" time="0.001" /><testcase classname="" name="test_every_declared_dependency_affects_key[dtype]" time="0.001" /><testcase classname="" name="test_every_declared_dependency_affects_key[implementation]" time="0.001" /><testcase classname="" name="test_every_declared_dependency_affects_key[construction]" time="0.001" /><testcase classname="" name="test_non_json_identity_rejected[identity0]" time="0.000" /><testcase classname="" name="test_non_json_identity_rejected[identity1]" time="0.001" /><testcase classname="" name="test_non_json_identity_rejected[identity2]" time="0.000" /><testcase classname="" name="test_non_json_identity_rejected[identity3]" time="0.000" /><testcase classname="" name="test_invalid_entries_recomputed_and_old_payloads_retained[missing_manifest]" time="0.051" /><testcase classname="" name="test_invalid_entries_recomputed_and_old_payloads_retained[bad_json]" time="0.044" /><testcase classname="" name="test_invalid_entries_recomputed_and_old_payloads_retained[stale_identity]" time="0.038" /><testcase classname="" name="test_invalid_entries_recomputed_and_old_payloads_retained[bad_schema]" time="0.044" /><testcase classname="" name="test_invalid_entries_recomputed_and_old_payloads_retained[missing_array]" time="0.056" /><testcase classname="" name="test_invalid_entries_recomputed_and_old_payloads_retained[corrupt_array]" time="0.038" /><testcase classname="" name="test_invalid_entries_recomputed_and_old_payloads_retained[missing_visibility]" time="0.046" /><testcase classname="" name="test_invalid_entries_recomputed_and_old_payloads_retained[corrupt_visibility]" time="0.048" /><testcase classname="" name="test_invalid_entries_recomputed_and_old_payloads_retained[missing_native_payload]" time="0.043" /><testcase classname="" name="test_interrupted_producer_and_publication" time="0.060" /><testcase classname="" name="test_process_lock_single_producer_and_crash_release" time="0.836" /><testcase classname="" name="test_original_reference_fields_cache_roundtrip" time="0.411" /><testcase classname="" name="test_legacy_explicit_trust_metadata_and_no_modification" time="0.083" /><testcase classname="" name="test_invalid_legacy_rejected[zip_extra]" time="0.009" /><testcase classname="" name="test_invalid_legacy_rejected[zip_duplicate]" time="0.009" /><testcase classname="" name="test_invalid_legacy_rejected[npz_extra]" time="0.019" /><testcase classname="" name="test_invalid_legacy_rejected[patch_count]" time="0.019" /><testcase classname="" name="test_invalid_legacy_rejected[shape]" time="0.009" /><testcase classname="" name="test_invalid_legacy_rejected[geotransform]" time="0.008" /><testcase classname="" name="test_invalid_legacy_rejected[projection]" time="0.010" /><testcase classname="" name="test_invalid_legacy_rejected[nodata]" time="0.009" /><testcase classname="" name="test_invalid_legacy_rejected[total_missing]" time="0.018" /><testcase classname="" name="test_invalid_legacy_rejected[total_dtype]" time="0.019" /><testcase classname="" name="test_invalid_legacy_rejected[npz_dtype]" time="0.020" /><testcase classname="" name="test_threads_single_producer_and_bounded_io" time="0.102" /><testcase classname="" name="test_final_publication_failure_keeps_previous_generation" time="0.034" /><testcase classname="" name="test_each_zip_tiff_metadata_is_validated[dtype]" time="0.013" /><testcase classname="" name="test_each_zip_tiff_metadata_is_validated[nodata]" time="0.011" /><testcase classname="" name="test_each_zip_tiff_metadata_is_validated[transform]" time="0.011" /><testcase classname="" name="test_original_standalone_cold_warm_native_exports" time="0.438" /><testcase classname="" name="test_unproven_complete_equal_exports_compared_and_preserved[missing]" time="0.307" /><testcase classname="" name="test_unproven_complete_equal_exports_compared_and_preserved[corrupt]" time="0.339" /><testcase classname="" name="test_unproven_complete_equal_exports_compared_and_preserved[stale_hash]" time="0.335" /><testcase classname="" name="test_unproven_complete_equal_exports_compared_and_preserved[stale_identity]" time="0.319" /><testcase classname="" name="test_changed_content_same_size_mtime_reject_preserve_then_overwrite" time="0.756" /><testcase classname="" name="test_patch_option_mismatch_rejects_without_modifying_exports" time="0.513" /><testcase classname="" name="test_corrupt_legacy_preserved_until_explicit_overwrite[zip]" time="0.402" /><testcase classname="" name="test_corrupt_legacy_preserved_until_explicit_overwrite[npz]" time="0.425" /><testcase classname="" name="test_corrupt_legacy_preserved_until_explicit_overwrite[total]" time="0.393" /><testcase classname="" name="test_concurrent_export_owners_single_compute" time="0.343" /><testcase classname="" name="test_publication_failure_preserves_original_exports[staged_bad]" time="0.283" /><testcase classname="" name="test_publication_failure_preserves_original_exports[second_replace]" time="0.389" /><testcase classname="" name="test_publication_failure_preserves_original_exports[manifest_publish]" time="0.543" /><testcase classname="" name="test_cache_disabled_and_configured_directory" time="0.391" /><testcase classname="" name="test_legacy_custom_metadata_mismatch_preserved" time="0.464" /><testcase classname="" name="test_process_destination_lock_single_producer" time="1.768" /><testcase classname="" name="test_abrupt_mixed_export_generation_not_accepted" time="1.596" /><testcase classname="" name="test_standalone_owner_excludes_transaction_actual_geometry_publication" time="0.411" /><testcase classname="" name="test_transaction_owner_excludes_standalone_before_production" time="0.371" /><testcase classname="" name="test_busy_later_destination_releases_earlier_subset_locks" time="0.237" /><testcase classname="" name="test_input_mutation_during_producer_refuses_native_and_legacy_publication" time="0.097" /><testcase classname="" name="test_input_mutation_during_staging_preserves_previous_exports" time="0.333" /><testcase classname="" name="test_input_mutation_during_identity_capture_refuses_geometry" time="0.021" /><testcase classname="" name="test_input_mutation_during_replacement_rolls_back_before_manifest" time="0.340" /><testcase classname="" name="test_geometry_memory_admission_rejects_before_cold_arrays_and_outputs[True]" time="0.003" /><testcase classname="" name="test_geometry_memory_admission_rejects_before_cold_arrays_and_outputs[False]" time="0.002" /><testcase classname="" name="test_geometry_admission_uses_requested_patch_count_metadata_paths[1]" time="0.015" /><testcase classname="" name="test_geometry_admission_uses_requested_patch_count_metadata_paths[2]" time="0.014" /><testcase classname="" name="test_geometry_admission_uses_requested_patch_count_metadata_paths[3]" time="0.014" /><testcase classname="" name="test_geometry_identity_content_and_patch_order" time="0.018" /><testcase classname="" name="test_checkpoint_identity_forcing_date_outputs_and_wind" time="0.051" /><testcase classname="" name="test_guard_rejects_changed_bytes_with_unchanged_stat" time="0.001" /><testcase classname="" name="test_roundtrip_all_state_types" time="0.006" /><testcase classname="" name="test_state_object_rejected" time="0.003" /><testcase classname="" name="test_real_outputs_match_default_no_history" time="0.021" /><testcase classname="" name="test_recover_replays_uncommitted_band" time="0.024" /><testcase classname="" name="test_no_checkpoint_replay_from_start" time="0.022" /><testcase classname="" name="test_wrong_identity_and_corrupt_state" time="0.007" /><testcase classname="" name="test_corrupt_tiff_rejected[metadata]" time="0.008" /><testcase classname="" name="test_corrupt_tiff_rejected[timestamp]" time="0.008" /><testcase classname="" name="test_corrupt_tiff_rejected[band]" time="0.009" /><testcase classname="" name="test_corrupt_tiff_rejected[nodata]" time="0.008" /><testcase classname="" name="test_corrupt_tiff_rejected[mask]" time="0.009" /><testcase classname="" name="test_checkpoint_failure_preserves_previous_boundary[flush]" time="0.021" /><testcase classname="" name="test_checkpoint_failure_preserves_previous_boundary[state]" time="0.023" /><testcase classname="" name="test_checkpoint_failure_preserves_previous_boundary[commit]" time="0.026" /><testcase classname="" name="test_failure_between_requested_band_writes" time="0.020" /><testcase classname="" name="test_partial_publication_retry_with_svf[first_rename]" time="0.012" /><testcase classname="" name="test_partial_publication_retry_with_svf[last_rename]" time="0.013" /><testcase classname="" name="test_partial_publication_retry_with_svf[manifest]" time="0.014" /><testcase classname="" name="test_competing_destination_owner_and_process_crash" time="0.446" /><testcase classname="" name="test_fresh_after_completed_and_incomplete_refused" time="0.023" /><testcase classname="" name="test_complete_requires_committed_all_bands_and_corrupt_completion_rejected" time="0.023" /><testcase classname="" name="test_nan_python_float_payload_preserved" time="0.005" /><testcase classname="" name="test_malformed_checkpoint_rejected[invalid_json]" time="0.008" /><testcase classname="" name="test_malformed_checkpoint_rejected[list]" time="0.008" /><testcase classname="" name="test_malformed_checkpoint_rejected[staging]" time="0.008" /><testcase classname="" name="test_malformed_checkpoint_rejected[cursor]" time="0.007" /><testcase classname="" name="test_malformed_checkpoint_rejected[generation]" time="0.007" /><testcase classname="" name="test_malformed_checkpoint_rejected[hashes]" time="0.006" /><testcase classname="" name="test_cross_filesystem_publication_copy_then_rename" time="0.010" /><testcase classname="" name="test_resume_different_transaction_root_cannot_bypass_destination_lock" time="0.003" /><testcase classname="" name="test_checkpoint_does_not_retain_live_state_or_output_arrays" time="0.077" /><testcase classname="" name="test_error_after_cursor_publication_recovers_new_committed_boundary" time="0.023" /><testcase classname="" name="test_completed_resume_checks_identity_and_state_payload" time="0.019" /><testcase classname="" name="test_external_geometry_exports_partial_publication_retry" time="0.016" /><testcase classname="" name="test_standard_output_folder_has_no_lock_artifacts" time="0.017" /><testcase classname="" name="test_shared_external_extra_destination_has_single_owner" time="0.013" /><testcase classname="" name="test_long_timeline_keeps_one_state_generation_and_collects_failed_commit" time="0.232" /><testcase classname="" name="test_successful_commit_prunes_orphans_without_reopening_writer" time="0.033" /><testcase classname="" name="test_serial_and_parallel_arithmetic_bodies_are_identical[_shortwave]" time="0.012" /><testcase classname="" name="test_serial_and_parallel_arithmetic_bodies_are_identical[_longwave]" time="0.013" /><testcase classname="" name="test_fresh_process_cache_orders_remain_distinct_and_loadable[order0]" time="6.519" /><testcase classname="" name="test_fresh_process_cache_orders_remain_distinct_and_loadable[order1]" time="6.036" /></testsuite></testsuites>