<?xml version="1.0" encoding="utf-8"?><testsuites name="pytest tests"><testsuite name="pytest" errors="0" failures="0" skipped="0" tests="216" time="5.232" timestamp="2026-09-20T03:03:51.812833-04:00" hostname="COD-MBP16-LOAN2"><testcase classname="" name="test_dispatch_preserves_every_field_and_mutation[1-gvf_water]" time="0.895" /><testcase classname="" name="test_dispatch_preserves_every_field_and_mutation[1-gvf_nan_buildings]" time="0.013" /><testcase classname="" name="test_dispatch_preserves_every_field_and_mutation[1-gvf_nan_shadow]" time="0.013" /><testcase classname="" name="test_dispatch_preserves_every_field_and_mutation[1-gvf_nan_temperature]" time="0.015" /><testcase classname="" name="test_dispatch_preserves_every_field_and_mutation[1-gvf_nonbinary]" time="0.013" /><testcase classname="" name="test_dispatch_preserves_every_field_and_mutation[1-gvf_rounding_half]" time="0.014" /><testcase classname="" name="test_dispatch_preserves_every_field_and_mutation[1-gvf_rounding_scale]" time="0.013" /><testcase classname="" name="test_dispatch_preserves_every_field_and_mutation[1-gvf_beyond_raster]" time="0.005" /><testcase classname="" name="test_dispatch_preserves_every_field_and_mutation[1-gvf_zero_distance]" time="0.004" /><testcase classname="" name="test_dispatch_preserves_every_field_and_mutation[1-gvf_float64]" time="0.040" /><testcase classname="" name="test_dispatch_preserves_every_field_and_mutation[4-gvf_water]" time="0.896" /><testcase classname="" name="test_dispatch_preserves_every_field_and_mutation[4-gvf_nan_buildings]" time="0.015" /><testcase classname="" name="test_dispatch_preserves_every_field_and_mutation[4-gvf_nan_shadow]" time="0.014" /><testcase classname="" name="test_dispatch_preserves_every_field_and_mutation[4-gvf_nan_temperature]" time="0.015" /><testcase classname="" name="test_dispatch_preserves_every_field_and_mutation[4-gvf_nonbinary]" time="0.015" /><testcase classname="" name="test_dispatch_preserves_every_field_and_mutation[4-gvf_rounding_half]" time="0.054" /><testcase classname="" name="test_dispatch_preserves_every_field_and_mutation[4-gvf_rounding_scale]" time="0.014" /><testcase classname="" name="test_dispatch_preserves_every_field_and_mutation[4-gvf_beyond_raster]" time="0.005" /><testcase classname="" name="test_dispatch_preserves_every_field_and_mutation[4-gvf_zero_distance]" time="0.005" /><testcase classname="" name="test_dispatch_preserves_every_field_and_mutation[4-gvf_float64]" time="0.040" /><testcase classname="" name="test_dispatch_preserves_every_field_and_mutation[10-gvf_water]" time="0.016" /><testcase classname="" name="test_dispatch_preserves_every_field_and_mutation[10-gvf_nan_buildings]" time="0.015" /><testcase classname="" name="test_dispatch_preserves_every_field_and_mutation[10-gvf_nan_shadow]" time="0.015" /><testcase classname="" name="test_dispatch_preserves_every_field_and_mutation[10-gvf_nan_temperature]" time="0.016" /><testcase classname="" name="test_dispatch_preserves_every_field_and_mutation[10-gvf_nonbinary]" time="0.015" /><testcase classname="" name="test_dispatch_preserves_every_field_and_mutation[10-gvf_rounding_half]" time="0.016" /><testcase classname="" name="test_dispatch_preserves_every_field_and_mutation[10-gvf_rounding_scale]" time="0.016" /><testcase classname="" name="test_dispatch_preserves_every_field_and_mutation[10-gvf_beyond_raster]" time="0.005" /><testcase classname="" name="test_dispatch_preserves_every_field_and_mutation[10-gvf_zero_distance]" time="0.005" /><testcase classname="" name="test_dispatch_preserves_every_field_and_mutation[10-gvf_float64]" time="0.040" /><testcase classname="tests.differential.test_ground_view_compiled" name="test_original_ground_view[serial-sun_direction_5]" time="0.005" /><testcase classname="tests.differential.test_ground_view_compiled" name="test_original_ground_view[serial-sun_direction_25]" time="0.005" /><testcase classname="tests.differential.test_ground_view_compiled" name="test_original_ground_view[serial-sun_direction_45]" time="0.004" /><testcase classname="tests.differential.test_ground_view_compiled" name="test_original_ground_view[serial-sun_direction_65]" time="0.005" /><testcase classname="tests.differential.test_ground_view_compiled" name="test_original_ground_view[serial-sun_direction_85]" time="0.005" /><testcase classname="tests.differential.test_ground_view_compiled" name="test_original_ground_view[serial-sun_direction_105]" time="0.004" /><testcase classname="tests.differential.test_ground_view_compiled" name="test_original_ground_view[serial-sun_direction_125]" time="0.004" /><testcase classname="tests.differential.test_ground_view_compiled" name="test_original_ground_view[serial-sun_direction_145]" time="0.005" /><testcase classname="tests.differential.test_ground_view_compiled" name="test_original_ground_view[serial-sun_direction_165]" time="0.005" /><testcase classname="tests.differential.test_ground_view_compiled" name="test_original_ground_view[serial-sun_direction_185]" time="0.004" /><testcase classname="tests.differential.test_ground_view_compiled" name="test_original_ground_view[serial-sun_direction_205]" time="0.005" /><testcase classname="tests.differential.test_ground_view_compiled" name="test_original_ground_view[serial-sun_direction_225]" time="0.005" /><testcase classname="tests.differential.test_ground_view_compiled" name="test_original_ground_view[serial-sun_direction_245]" time="0.005" /><testcase classname="tests.differential.test_ground_view_compiled" name="test_original_ground_view[serial-sun_direction_265]" time="0.004" /><testcase classname="tests.differential.test_ground_view_compiled" name="test_original_ground_view[serial-sun_direction_285]" time="0.004" /><testcase classname="tests.differential.test_ground_view_compiled" name="test_original_ground_view[serial-sun_direction_305]" time="0.004" /><testcase classname="tests.differential.test_ground_view_compiled" name="test_original_ground_view[serial-sun_direction_325]" time="0.004" /><testcase classname="tests.differential.test_ground_view_compiled" name="test_original_ground_view[serial-sun_direction_345]" time="0.004" /><testcase classname="tests.differential.test_ground_view_compiled" name="test_original_ground_view[serial-sun_water]" time="0.004" /><testcase classname="tests.differential.test_ground_view_compiled" name="test_original_ground_view[serial-gvf_water]" time="0.010" /><testcase classname="tests.differential.test_ground_view_compiled" name="test_original_ground_view[serial-sun_nan_buildings]" time="0.004" /><testcase classname="tests.differential.test_ground_view_compiled" name="test_original_ground_view[serial-gvf_nan_buildings]" time="0.009" /><testcase classname="tests.differential.test_ground_view_compiled" name="test_original_ground_view[serial-sun_nan_shadow]" time="0.004" /><testcase classname="tests.differential.test_ground_view_compiled" name="test_original_ground_view[serial-gvf_nan_shadow]" time="0.010" /><testcase classname="tests.differential.test_ground_view_compiled" name="test_original_ground_view[serial-sun_nan_temperature]" time="0.005" /><testcase classname="tests.differential.test_ground_view_compiled" name="test_original_ground_view[serial-gvf_nan_temperature]" time="0.011" /><testcase classname="tests.differential.test_ground_view_compiled" name="test_original_ground_view[serial-sun_nonbinary]" time="0.006" /><testcase classname="tests.differential.test_ground_view_compiled" name="test_original_ground_view[serial-gvf_nonbinary]" time="0.010" /><testcase classname="tests.differential.test_ground_view_compiled" name="test_original_ground_view[serial-sun_rounding_half]" time="0.005" /><testcase classname="tests.differential.test_ground_view_compiled" name="test_original_ground_view[serial-gvf_rounding_half]" time="0.011" /><testcase classname="tests.differential.test_ground_view_compiled" name="test_original_ground_view[serial-sun_rounding_scale]" time="0.005" /><testcase classname="tests.differential.test_ground_view_compiled" name="test_original_ground_view[serial-gvf_rounding_scale]" time="0.010" /><testcase classname="tests.differential.test_ground_view_compiled" name="test_original_ground_view[serial-sun_beyond_raster]" time="0.004" /><testcase classname="tests.differential.test_ground_view_compiled" name="test_original_ground_view[serial-gvf_beyond_raster]" time="0.003" /><testcase classname="tests.differential.test_ground_view_compiled" name="test_original_ground_view[serial-sun_zero_distance]" time="0.003" /><testcase classname="tests.differential.test_ground_view_compiled" name="test_original_ground_view[serial-gvf_zero_distance]" time="0.003" /><testcase classname="tests.differential.test_ground_view_compiled" name="test_original_ground_view[serial-sun_float64]" time="0.005" /><testcase classname="tests.differential.test_ground_view_compiled" name="test_original_ground_view[serial-gvf_float64]" time="0.024" /><testcase classname="tests.differential.test_ground_view_compiled" name="test_original_ground_view[parallel1-sun_direction_5]" time="0.004" /><testcase classname="tests.differential.test_ground_view_compiled" name="test_original_ground_view[parallel1-sun_direction_25]" time="0.004" /><testcase classname="tests.differential.test_ground_view_compiled" name="test_original_ground_view[parallel1-sun_direction_45]" time="0.004" /><testcase classname="tests.differential.test_ground_view_compiled" name="test_original_ground_view[parallel1-sun_direction_65]" time="0.004" /><testcase classname="tests.differential.test_ground_view_compiled" name="test_original_ground_view[parallel1-sun_direction_85]" time="0.004" /><testcase classname="tests.differential.test_ground_view_compiled" name="test_original_ground_view[parallel1-sun_direction_105]" time="0.004" /><testcase classname="tests.differential.test_ground_view_compiled" name="test_original_ground_view[parallel1-sun_direction_125]" time="0.003" /><testcase classname="tests.differential.test_ground_view_compiled" name="test_original_ground_view[parallel1-sun_direction_145]" time="0.004" /><testcase classname="tests.differential.test_ground_view_compiled" name="test_original_ground_view[parallel1-sun_direction_165]" time="0.004" /><testcase classname="tests.differential.test_ground_view_compiled" name="test_original_ground_view[parallel1-sun_direction_185]" time="0.004" /><testcase classname="tests.differential.test_ground_view_compiled" name="test_original_ground_view[parallel1-sun_direction_205]" time="0.003" /><testcase classname="tests.differential.test_ground_view_compiled" name="test_original_ground_view[parallel1-sun_direction_225]" time="0.004" /><testcase classname="tests.differential.test_ground_view_compiled" name="test_original_ground_view[parallel1-sun_direction_245]" time="0.004" /><testcase classname="tests.differential.test_ground_view_compiled" name="test_original_ground_view[parallel1-sun_direction_265]" time="0.004" /><testcase classname="tests.differential.test_ground_view_compiled" name="test_original_ground_view[parallel1-sun_direction_285]" time="0.004" /><testcase classname="tests.differential.test_ground_view_compiled" name="test_original_ground_view[parallel1-sun_direction_305]" time="0.004" /><testcase classname="tests.differential.test_ground_view_compiled" name="test_original_ground_view[parallel1-sun_direction_325]" time="0.004" /><testcase classname="tests.differential.test_ground_view_compiled" name="test_original_ground_view[parallel1-sun_direction_345]" time="0.004" /><testcase classname="tests.differential.test_ground_view_compiled" name="test_original_ground_view[parallel1-sun_water]" time="0.004" /><testcase classname="tests.differential.test_ground_view_compiled" name="test_original_ground_view[parallel1-gvf_water]" time="0.012" /><testcase classname="tests.differential.test_ground_view_compiled" name="test_original_ground_view[parallel1-sun_nan_buildings]" time="0.004" /><testcase classname="tests.differential.test_ground_view_compiled" name="test_original_ground_view[parallel1-gvf_nan_buildings]" time="0.011" /><testcase classname="tests.differential.test_ground_view_compiled" name="test_original_ground_view[parallel1-sun_nan_shadow]" time="0.004" /><testcase classname="tests.differential.test_ground_view_compiled" name="test_original_ground_view[parallel1-gvf_nan_shadow]" time="0.011" /><testcase classname="tests.differential.test_ground_view_compiled" name="test_original_ground_view[parallel1-sun_nan_temperature]" time="0.004" /><testcase classname="tests.differential.test_ground_view_compiled" name="test_original_ground_view[parallel1-gvf_nan_temperature]" time="0.011" /><testcase classname="tests.differential.test_ground_view_compiled" name="test_original_ground_view[parallel1-sun_nonbinary]" time="0.004" /><testcase classname="tests.differential.test_ground_view_compiled" name="test_original_ground_view[parallel1-gvf_nonbinary]" time="0.011" /><testcase classname="tests.differential.test_ground_view_compiled" name="test_original_ground_view[parallel1-sun_rounding_half]" time="0.004" /><testcase classname="tests.differential.test_ground_view_compiled" name="test_original_ground_view[parallel1-gvf_rounding_half]" time="0.011" /><testcase classname="tests.differential.test_ground_view_compiled" name="test_original_ground_view[parallel1-sun_rounding_scale]" time="0.004" /><testcase classname="tests.differential.test_ground_view_compiled" name="test_original_ground_view[parallel1-gvf_rounding_scale]" time="0.012" /><testcase classname="tests.differential.test_ground_view_compiled" name="test_original_ground_view[parallel1-sun_beyond_raster]" time="0.003" /><testcase classname="tests.differential.test_ground_view_compiled" name="test_original_ground_view[parallel1-gvf_beyond_raster]" time="0.002" /><testcase classname="tests.differential.test_ground_view_compiled" name="test_original_ground_view[parallel1-sun_zero_distance]" time="0.002" /><testcase classname="tests.differential.test_ground_view_compiled" name="test_original_ground_view[parallel1-gvf_zero_distance]" time="0.002" /><testcase classname="tests.differential.test_ground_view_compiled" name="test_original_ground_view[parallel1-sun_float64]" time="0.004" /><testcase classname="tests.differential.test_ground_view_compiled" name="test_original_ground_view[parallel1-gvf_float64]" time="0.022" /><testcase classname="tests.differential.test_ground_view_compiled" name="test_original_ground_view[parallel4-sun_direction_5]" time="0.004" /><testcase classname="tests.differential.test_ground_view_compiled" name="test_original_ground_view[parallel4-sun_direction_25]" time="0.004" /><testcase classname="tests.differential.test_ground_view_compiled" name="test_original_ground_view[parallel4-sun_direction_45]" time="0.004" /><testcase classname="tests.differential.test_ground_view_compiled" name="test_original_ground_view[parallel4-sun_direction_65]" time="0.005" /><testcase classname="tests.differential.test_ground_view_compiled" name="test_original_ground_view[parallel4-sun_direction_85]" time="0.004" /><testcase classname="tests.differential.test_ground_view_compiled" name="test_original_ground_view[parallel4-sun_direction_105]" time="0.004" /><testcase classname="tests.differential.test_ground_view_compiled" name="test_original_ground_view[parallel4-sun_direction_125]" time="0.004" /><testcase classname="tests.differential.test_ground_view_compiled" name="test_original_ground_view[parallel4-sun_direction_145]" time="0.004" /><testcase classname="tests.differential.test_ground_view_compiled" name="test_original_ground_view[parallel4-sun_direction_165]" time="0.004" /><testcase classname="tests.differential.test_ground_view_compiled" name="test_original_ground_view[parallel4-sun_direction_185]" time="0.004" /><testcase classname="tests.differential.test_ground_view_compiled" name="test_original_ground_view[parallel4-sun_direction_205]" time="0.004" /><testcase classname="tests.differential.test_ground_view_compiled" name="test_original_ground_view[parallel4-sun_direction_225]" time="0.004" /><testcase classname="tests.differential.test_ground_view_compiled" name="test_original_ground_view[parallel4-sun_direction_245]" time="0.004" /><testcase classname="tests.differential.test_ground_view_compiled" name="test_original_ground_view[parallel4-sun_direction_265]" time="0.004" /><testcase classname="tests.differential.test_ground_view_compiled" name="test_original_ground_view[parallel4-sun_direction_285]" time="0.004" /><testcase classname="tests.differential.test_ground_view_compiled" name="test_original_ground_view[parallel4-sun_direction_305]" time="0.004" /><testcase classname="tests.differential.test_ground_view_compiled" name="test_original_ground_view[parallel4-sun_direction_325]" time="0.004" /><testcase classname="tests.differential.test_ground_view_compiled" name="test_original_ground_view[parallel4-sun_direction_345]" time="0.003" /><testcase classname="tests.differential.test_ground_view_compiled" name="test_original_ground_view[parallel4-sun_water]" time="0.003" /><testcase classname="tests.differential.test_ground_view_compiled" name="test_original_ground_view[parallel4-gvf_water]" time="0.010" /><testcase classname="tests.differential.test_ground_view_compiled" name="test_original_ground_view[parallel4-sun_nan_buildings]" time="0.003" /><testcase classname="tests.differential.test_ground_view_compiled" name="test_original_ground_view[parallel4-gvf_nan_buildings]" time="0.010" /><testcase classname="tests.differential.test_ground_view_compiled" name="test_original_ground_view[parallel4-sun_nan_shadow]" time="0.003" /><testcase classname="tests.differential.test_ground_view_compiled" name="test_original_ground_view[parallel4-gvf_nan_shadow]" time="0.010" /><testcase classname="tests.differential.test_ground_view_compiled" name="test_original_ground_view[parallel4-sun_nan_temperature]" time="0.004" /><testcase classname="tests.differential.test_ground_view_compiled" name="test_original_ground_view[parallel4-gvf_nan_temperature]" time="0.010" /><testcase classname="tests.differential.test_ground_view_compiled" name="test_original_ground_view[parallel4-sun_nonbinary]" time="0.003" /><testcase classname="tests.differential.test_ground_view_compiled" name="test_original_ground_view[parallel4-gvf_nonbinary]" time="0.010" /><testcase classname="tests.differential.test_ground_view_compiled" name="test_original_ground_view[parallel4-sun_rounding_half]" time="0.004" /><testcase classname="tests.differential.test_ground_view_compiled" name="test_original_ground_view[parallel4-gvf_rounding_half]" time="0.011" /><testcase classname="tests.differential.test_ground_view_compiled" name="test_original_ground_view[parallel4-sun_rounding_scale]" time="0.003" /><testcase classname="tests.differential.test_ground_view_compiled" name="test_original_ground_view[parallel4-gvf_rounding_scale]" time="0.011" /><testcase classname="tests.differential.test_ground_view_compiled" name="test_original_ground_view[parallel4-sun_beyond_raster]" time="0.003" /><testcase classname="tests.differential.test_ground_view_compiled" name="test_original_ground_view[parallel4-gvf_beyond_raster]" time="0.003" /><testcase classname="tests.differential.test_ground_view_compiled" name="test_original_ground_view[parallel4-sun_zero_distance]" time="0.002" /><testcase classname="tests.differential.test_ground_view_compiled" name="test_original_ground_view[parallel4-gvf_zero_distance]" time="0.003" /><testcase classname="tests.differential.test_ground_view_compiled" name="test_original_ground_view[parallel4-sun_float64]" time="0.004" /><testcase classname="tests.differential.test_ground_view_compiled" name="test_original_ground_view[parallel4-gvf_float64]" time="0.022" /><testcase classname="tests.differential.test_ground_view_compiled" name="test_original_ground_view[parallel10-sun_direction_5]" time="0.004" /><testcase classname="tests.differential.test_ground_view_compiled" name="test_original_ground_view[parallel10-sun_direction_25]" time="0.003" /><testcase classname="tests.differential.test_ground_view_compiled" name="test_original_ground_view[parallel10-sun_direction_45]" time="0.003" /><testcase classname="tests.differential.test_ground_view_compiled" name="test_original_ground_view[parallel10-sun_direction_65]" time="0.003" /><testcase classname="tests.differential.test_ground_view_compiled" name="test_original_ground_view[parallel10-sun_direction_85]" time="0.003" /><testcase classname="tests.differential.test_ground_view_compiled" name="test_original_ground_view[parallel10-sun_direction_105]" time="0.004" /><testcase classname="tests.differential.test_ground_view_compiled" name="test_original_ground_view[parallel10-sun_direction_125]" time="0.004" /><testcase classname="tests.differential.test_ground_view_compiled" name="test_original_ground_view[parallel10-sun_direction_145]" time="0.003" /><testcase classname="tests.differential.test_ground_view_compiled" name="test_original_ground_view[parallel10-sun_direction_165]" time="0.004" /><testcase classname="tests.differential.test_ground_view_compiled" name="test_original_ground_view[parallel10-sun_direction_185]" time="0.004" /><testcase classname="tests.differential.test_ground_view_compiled" name="test_original_ground_view[parallel10-sun_direction_205]" time="0.003" /><testcase classname="tests.differential.test_ground_view_compiled" name="test_original_ground_view[parallel10-sun_direction_225]" time="0.004" /><testcase classname="tests.differential.test_ground_view_compiled" name="test_original_ground_view[parallel10-sun_direction_245]" time="0.004" /><testcase classname="tests.differential.test_ground_view_compiled" name="test_original_ground_view[parallel10-sun_direction_265]" time="0.004" /><testcase classname="tests.differential.test_ground_view_compiled" name="test_original_ground_view[parallel10-sun_direction_285]" time="0.004" /><testcase classname="tests.differential.test_ground_view_compiled" name="test_original_ground_view[parallel10-sun_direction_305]" time="0.003" /><testcase classname="tests.differential.test_ground_view_compiled" name="test_original_ground_view[parallel10-sun_direction_325]" time="0.003" /><testcase classname="tests.differential.test_ground_view_compiled" name="test_original_ground_view[parallel10-sun_direction_345]" time="0.003" /><testcase classname="tests.differential.test_ground_view_compiled" name="test_original_ground_view[parallel10-sun_water]" time="0.004" /><testcase classname="tests.differential.test_ground_view_compiled" name="test_original_ground_view[parallel10-gvf_water]" time="0.011" /><testcase classname="tests.differential.test_ground_view_compiled" name="test_original_ground_view[parallel10-sun_nan_buildings]" time="0.003" /><testcase classname="tests.differential.test_ground_view_compiled" name="test_original_ground_view[parallel10-gvf_nan_buildings]" time="0.010" /><testcase classname="tests.differential.test_ground_view_compiled" name="test_original_ground_view[parallel10-sun_nan_shadow]" time="0.003" /><testcase classname="tests.differential.test_ground_view_compiled" name="test_original_ground_view[parallel10-gvf_nan_shadow]" time="0.011" /><testcase classname="tests.differential.test_ground_view_compiled" name="test_original_ground_view[parallel10-sun_nan_temperature]" time="0.004" /><testcase classname="tests.differential.test_ground_view_compiled" name="test_original_ground_view[parallel10-gvf_nan_temperature]" time="0.011" /><testcase classname="tests.differential.test_ground_view_compiled" name="test_original_ground_view[parallel10-sun_nonbinary]" time="0.004" /><testcase classname="tests.differential.test_ground_view_compiled" name="test_original_ground_view[parallel10-gvf_nonbinary]" time="0.010" /><testcase classname="tests.differential.test_ground_view_compiled" name="test_original_ground_view[parallel10-sun_rounding_half]" time="0.004" /><testcase classname="tests.differential.test_ground_view_compiled" name="test_original_ground_view[parallel10-gvf_rounding_half]" time="0.011" /><testcase classname="tests.differential.test_ground_view_compiled" name="test_original_ground_view[parallel10-sun_rounding_scale]" time="0.004" /><testcase classname="tests.differential.test_ground_view_compiled" name="test_original_ground_view[parallel10-gvf_rounding_scale]" time="0.011" /><testcase classname="tests.differential.test_ground_view_compiled" name="test_original_ground_view[parallel10-sun_beyond_raster]" time="0.003" /><testcase classname="tests.differential.test_ground_view_compiled" name="test_original_ground_view[parallel10-gvf_beyond_raster]" time="0.003" /><testcase classname="tests.differential.test_ground_view_compiled" name="test_original_ground_view[parallel10-sun_zero_distance]" time="0.002" /><testcase classname="tests.differential.test_ground_view_compiled" name="test_original_ground_view[parallel10-gvf_zero_distance]" time="0.002" /><testcase classname="tests.differential.test_ground_view_compiled" name="test_original_ground_view[parallel10-sun_float64]" time="0.004" /><testcase classname="tests.differential.test_ground_view_compiled" name="test_original_ground_view[parallel10-gvf_float64]" time="0.022" /><testcase classname="tests.differential.test_ground_view_compiled" name="test_cached_descriptors_are_bounded_immutable_and_field_free" time="0.000" /><testcase classname="tests.differential.test_ground_view_compiled" name="test_changed_dynamic_fields_reuse_addresses_without_reusing_results" time="0.002" /><testcase classname="tests.differential.test_p7_ground_view_angular" name="test_original_angular_boundaries[None-65_float32]" time="0.026" /><testcase classname="tests.differential.test_p7_ground_view_angular" name="test_original_angular_boundaries[None-65_float64_rasters_float32_angles]" time="0.022" /><testcase classname="tests.differential.test_p7_ground_view_angular" name="test_original_angular_boundaries[None-145_float32]" time="0.025" /><testcase classname="tests.differential.test_p7_ground_view_angular" name="test_original_angular_boundaries[None-145_float64_rasters_float32_angles]" time="0.021" /><testcase classname="tests.differential.test_p7_ground_view_angular" name="test_original_angular_boundaries[None-245_float32]" time="0.025" /><testcase classname="tests.differential.test_p7_ground_view_angular" name="test_original_angular_boundaries[None-245_float64_rasters_float32_angles]" time="0.020" /><testcase classname="tests.differential.test_p7_ground_view_angular" name="test_original_angular_boundaries[None-325_float32]" time="0.024" /><testcase classname="tests.differential.test_p7_ground_view_angular" name="test_original_angular_boundaries[None-325_float64_rasters_float32_angles]" time="0.019" /><testcase classname="tests.differential.test_p7_ground_view_angular" name="test_original_angular_boundaries[1-65_float32]" time="0.014" /><testcase classname="tests.differential.test_p7_ground_view_angular" name="test_original_angular_boundaries[1-65_float64_rasters_float32_angles]" time="0.019" /><testcase classname="tests.differential.test_p7_ground_view_angular" name="test_original_angular_boundaries[1-145_float32]" time="0.014" /><testcase classname="tests.differential.test_p7_ground_view_angular" name="test_original_angular_boundaries[1-145_float64_rasters_float32_angles]" time="0.020" /><testcase classname="tests.differential.test_p7_ground_view_angular" name="test_original_angular_boundaries[1-245_float32]" time="0.015" /><testcase classname="tests.differential.test_p7_ground_view_angular" name="test_original_angular_boundaries[1-245_float64_rasters_float32_angles]" time="0.019" /><testcase classname="tests.differential.test_p7_ground_view_angular" name="test_original_angular_boundaries[1-325_float32]" time="0.014" /><testcase classname="tests.differential.test_p7_ground_view_angular" name="test_original_angular_boundaries[1-325_float64_rasters_float32_angles]" time="0.018" /><testcase classname="tests.differential.test_p7_ground_view_angular" name="test_original_angular_boundaries[4-65_float32]" time="0.010" /><testcase classname="tests.differential.test_p7_ground_view_angular" name="test_original_angular_boundaries[4-65_float64_rasters_float32_angles]" time="0.018" /><testcase classname="tests.differential.test_p7_ground_view_angular" name="test_original_angular_boundaries[4-145_float32]" time="0.011" /><testcase classname="tests.differential.test_p7_ground_view_angular" name="test_original_angular_boundaries[4-145_float64_rasters_float32_angles]" time="0.018" /><testcase classname="tests.differential.test_p7_ground_view_angular" name="test_original_angular_boundaries[4-245_float32]" time="0.013" /><testcase classname="tests.differential.test_p7_ground_view_angular" name="test_original_angular_boundaries[4-245_float64_rasters_float32_angles]" time="0.018" /><testcase classname="tests.differential.test_p7_ground_view_angular" name="test_original_angular_boundaries[4-325_float32]" time="0.010" /><testcase classname="tests.differential.test_p7_ground_view_angular" name="test_original_angular_boundaries[4-325_float64_rasters_float32_angles]" time="0.019" /><testcase classname="tests.differential.test_p7_ground_view_angular" name="test_original_angular_boundaries[fallback-65_float32]" time="0.013" /><testcase classname="tests.differential.test_p7_ground_view_angular" name="test_original_angular_boundaries[fallback-65_float64_rasters_float32_angles]" time="0.018" /><testcase classname="tests.differential.test_p7_ground_view_angular" name="test_original_angular_boundaries[fallback-145_float32]" time="0.013" /><testcase classname="tests.differential.test_p7_ground_view_angular" name="test_original_angular_boundaries[fallback-145_float64_rasters_float32_angles]" time="0.019" /><testcase classname="tests.differential.test_p7_ground_view_angular" name="test_original_angular_boundaries[fallback-245_float32]" time="0.013" /><testcase classname="tests.differential.test_p7_ground_view_angular" name="test_original_angular_boundaries[fallback-245_float64_rasters_float32_angles]" time="0.018" /><testcase classname="tests.differential.test_p7_ground_view_angular" name="test_original_angular_boundaries[fallback-325_float32]" time="0.013" /><testcase classname="tests.differential.test_p7_ground_view_angular" name="test_original_angular_boundaries[fallback-325_float64_rasters_float32_angles]" time="0.018" /></testsuite></testsuites>