<?xml version="1.0" encoding="utf-8"?><testsuites name="pytest tests"><testsuite name="pytest" errors="0" failures="0" skipped="0" tests="8" time="0.040" timestamp="2026-09-20T04:12:49.043158-04:00" hostname="COD-MBP16-LOAN2"><testcase classname="tests.unit.test_exact_cpu_statistics" name="test_constant_ratio_has_exact_degenerate_enumerated_interval" time="0.001" /><testcase classname="tests.unit.test_exact_cpu_statistics" name="test_pairing_is_preserved_and_three_pairs_are_only_diagnostic" time="0.000" /><testcase classname="tests.unit.test_exact_cpu_statistics" name="test_linear_quantile_interpolates_and_exchange_inverts_geometric_mean" time="0.002" /><testcase classname="tests.unit.test_exact_cpu_statistics" name="test_invalid_observations_are_not_summarized[baseline0-candidate0]" time="0.000" /><testcase classname="tests.unit.test_exact_cpu_statistics" name="test_invalid_observations_are_not_summarized[baseline1-candidate1]" time="0.000" /><testcase classname="tests.unit.test_exact_cpu_statistics" name="test_invalid_observations_are_not_summarized[baseline2-candidate2]" time="0.000" /><testcase classname="tests.unit.test_exact_cpu_statistics" name="test_invalid_observations_are_not_summarized[baseline3-candidate3]" time="0.000" /><testcase classname="tests.unit.test_exact_cpu_statistics" name="test_invalid_observations_are_not_summarized[baseline4-candidate4]" time="0.000" /></testsuite></testsuites>